mode: atomic
github.com/gclkaze/tafexpr/stackvalue/boolstackvalue.go:19.48,21.2 1 0
github.com/gclkaze/tafexpr/stackvalue/boolstackvalue.go:23.63,24.13 1 0
github.com/gclkaze/tafexpr/stackvalue/boolstackvalue.go:24.13,26.3 1 0
github.com/gclkaze/tafexpr/stackvalue/boolstackvalue.go:27.2,27.15 1 0
github.com/gclkaze/tafexpr/stackvalue/boolstackvalue.go:30.45,32.13 2 0
github.com/gclkaze/tafexpr/stackvalue/boolstackvalue.go:32.13,34.3 1 0
github.com/gclkaze/tafexpr/stackvalue/boolstackvalue.go:35.2,35.12 1 0
github.com/gclkaze/tafexpr/stackvalue/boolstackvalue.go:38.64,39.13 1 0
github.com/gclkaze/tafexpr/stackvalue/boolstackvalue.go:39.13,41.3 1 0
github.com/gclkaze/tafexpr/stackvalue/boolstackvalue.go:42.2,42.15 1 0
github.com/gclkaze/tafexpr/stackvalue/boolstackvalue.go:45.62,47.2 1 0
github.com/gclkaze/tafexpr/stackvalue/boolstackvalue.go:49.61,51.2 1 0
github.com/gclkaze/tafexpr/stackvalue/boolstackvalue.go:53.41,55.2 1 0
github.com/gclkaze/tafexpr/stackvalue/boolstackvalue.go:57.41,59.2 1 0
github.com/gclkaze/tafexpr/stackvalue/boolstackvalue.go:61.58,63.2 1 0
github.com/gclkaze/tafexpr/stackvalue/boolstackvalue.go:65.43,67.2 1 0
github.com/gclkaze/tafexpr/stackvalue/boolstackvalue.go:69.41,71.2 1 0
github.com/gclkaze/tafexpr/stackvalue/boolstackvalue.go:73.50,75.2 1 0
github.com/gclkaze/tafexpr/stackvalue/boolstackvalue.go:77.66,78.40 1 0
github.com/gclkaze/tafexpr/stackvalue/boolstackvalue.go:78.40,79.48 1 0
github.com/gclkaze/tafexpr/stackvalue/boolstackvalue.go:79.48,81.59 2 0
github.com/gclkaze/tafexpr/stackvalue/boolstackvalue.go:81.59,84.5 2 0
github.com/gclkaze/tafexpr/stackvalue/boolstackvalue.go:84.10,87.5 2 0
github.com/gclkaze/tafexpr/stackvalue/boolstackvalue.go:89.3,89.15 1 0
github.com/gclkaze/tafexpr/stackvalue/boolstackvalue.go:91.2,92.9 2 0
github.com/gclkaze/tafexpr/stackvalue/boolstackvalue.go:92.9,94.3 1 0
github.com/gclkaze/tafexpr/stackvalue/boolstackvalue.go:95.2,95.28 1 0
github.com/gclkaze/tafexpr/stackvalue/boolstackvalue.go:98.54,100.2 1 0
github.com/gclkaze/tafexpr/stackvalue/boolstackvalue.go:102.163,104.13 2 0
github.com/gclkaze/tafexpr/stackvalue/boolstackvalue.go:104.13,106.3 1 0
github.com/gclkaze/tafexpr/stackvalue/boolstackvalue.go:107.2,107.21 1 0
github.com/gclkaze/tafexpr/stackvalue/boolstackvalue.go:108.30,109.3 1 0
github.com/gclkaze/tafexpr/stackvalue/boolstackvalue.go:109.3,111.11 2 0
github.com/gclkaze/tafexpr/stackvalue/boolstackvalue.go:111.11,113.5 1 0
github.com/gclkaze/tafexpr/stackvalue/boolstackvalue.go:114.4,115.18 2 0
github.com/gclkaze/tafexpr/stackvalue/boolstackvalue.go:115.18,117.5 1 0
github.com/gclkaze/tafexpr/stackvalue/boolstackvalue.go:118.4,118.20 1 0
github.com/gclkaze/tafexpr/stackvalue/boolstackvalue.go:118.20,120.5 1 0
github.com/gclkaze/tafexpr/stackvalue/boolstackvalue.go:121.4,121.23 1 0
github.com/gclkaze/tafexpr/stackvalue/boolstackvalue.go:123.26,125.10 2 0
github.com/gclkaze/tafexpr/stackvalue/boolstackvalue.go:125.10,127.4 1 0
github.com/gclkaze/tafexpr/stackvalue/boolstackvalue.go:128.3,128.100 1 0
github.com/gclkaze/tafexpr/stackvalue/boolstackvalue.go:129.25,131.10 2 0
github.com/gclkaze/tafexpr/stackvalue/boolstackvalue.go:131.10,133.4 1 0
github.com/gclkaze/tafexpr/stackvalue/boolstackvalue.go:134.3,134.108 1 0
github.com/gclkaze/tafexpr/stackvalue/boolstackvalue.go:135.23,137.10 2 0
github.com/gclkaze/tafexpr/stackvalue/boolstackvalue.go:137.10,139.4 1 0
github.com/gclkaze/tafexpr/stackvalue/boolstackvalue.go:140.3,140.23 1 0
github.com/gclkaze/tafexpr/stackvalue/boolstackvalue.go:140.23,142.4 1 0
github.com/gclkaze/tafexpr/stackvalue/boolstackvalue.go:143.3,143.82 1 0
github.com/gclkaze/tafexpr/stackvalue/boolstackvalue.go:144.23,146.10 2 0
github.com/gclkaze/tafexpr/stackvalue/boolstackvalue.go:146.10,148.4 1 0
github.com/gclkaze/tafexpr/stackvalue/boolstackvalue.go:150.3,150.82 1 0
github.com/gclkaze/tafexpr/stackvalue/boolstackvalue.go:152.2,152.159 1 0
github.com/gclkaze/tafexpr/stackvalue/boolstackvalue.go:154.163,156.13 2 0
github.com/gclkaze/tafexpr/stackvalue/boolstackvalue.go:156.13,158.3 1 0
github.com/gclkaze/tafexpr/stackvalue/boolstackvalue.go:159.2,159.21 1 0
github.com/gclkaze/tafexpr/stackvalue/boolstackvalue.go:160.30,161.3 1 0
github.com/gclkaze/tafexpr/stackvalue/boolstackvalue.go:161.3,163.11 2 0
github.com/gclkaze/tafexpr/stackvalue/boolstackvalue.go:163.11,165.5 1 0
github.com/gclkaze/tafexpr/stackvalue/boolstackvalue.go:166.4,167.18 2 0
github.com/gclkaze/tafexpr/stackvalue/boolstackvalue.go:167.18,169.5 1 0
github.com/gclkaze/tafexpr/stackvalue/boolstackvalue.go:170.4,170.20 1 0
github.com/gclkaze/tafexpr/stackvalue/boolstackvalue.go:170.20,172.5 1 0
github.com/gclkaze/tafexpr/stackvalue/boolstackvalue.go:173.4,173.23 1 0
github.com/gclkaze/tafexpr/stackvalue/boolstackvalue.go:175.26,177.10 2 0
github.com/gclkaze/tafexpr/stackvalue/boolstackvalue.go:177.10,179.4 1 0
github.com/gclkaze/tafexpr/stackvalue/boolstackvalue.go:180.3,180.101 1 0
github.com/gclkaze/tafexpr/stackvalue/boolstackvalue.go:181.25,183.10 2 0
github.com/gclkaze/tafexpr/stackvalue/boolstackvalue.go:183.10,185.4 1 0
github.com/gclkaze/tafexpr/stackvalue/boolstackvalue.go:186.3,186.109 1 0
github.com/gclkaze/tafexpr/stackvalue/boolstackvalue.go:187.23,189.10 2 0
github.com/gclkaze/tafexpr/stackvalue/boolstackvalue.go:189.10,191.4 1 0
github.com/gclkaze/tafexpr/stackvalue/boolstackvalue.go:192.3,192.23 1 0
github.com/gclkaze/tafexpr/stackvalue/boolstackvalue.go:192.23,194.4 1 0
github.com/gclkaze/tafexpr/stackvalue/boolstackvalue.go:195.3,195.82 1 0
github.com/gclkaze/tafexpr/stackvalue/boolstackvalue.go:196.23,198.10 2 0
github.com/gclkaze/tafexpr/stackvalue/boolstackvalue.go:198.10,200.4 1 0
github.com/gclkaze/tafexpr/stackvalue/boolstackvalue.go:202.3,202.82 1 0
github.com/gclkaze/tafexpr/stackvalue/boolstackvalue.go:204.2,204.159 1 0
github.com/gclkaze/tafexpr/stackvalue/boolstackvalue.go:207.163,209.13 2 0
github.com/gclkaze/tafexpr/stackvalue/boolstackvalue.go:209.13,211.3 1 0
github.com/gclkaze/tafexpr/stackvalue/boolstackvalue.go:212.2,212.21 1 0
github.com/gclkaze/tafexpr/stackvalue/boolstackvalue.go:213.30,214.3 1 0
github.com/gclkaze/tafexpr/stackvalue/boolstackvalue.go:214.3,216.11 2 0
github.com/gclkaze/tafexpr/stackvalue/boolstackvalue.go:216.11,218.5 1 0
github.com/gclkaze/tafexpr/stackvalue/boolstackvalue.go:219.4,220.18 2 0
github.com/gclkaze/tafexpr/stackvalue/boolstackvalue.go:220.18,222.5 1 0
github.com/gclkaze/tafexpr/stackvalue/boolstackvalue.go:223.4,223.20 1 0
github.com/gclkaze/tafexpr/stackvalue/boolstackvalue.go:223.20,225.5 1 0
github.com/gclkaze/tafexpr/stackvalue/boolstackvalue.go:226.4,226.23 1 0
github.com/gclkaze/tafexpr/stackvalue/boolstackvalue.go:228.26,230.10 2 0
github.com/gclkaze/tafexpr/stackvalue/boolstackvalue.go:230.10,232.4 1 0
github.com/gclkaze/tafexpr/stackvalue/boolstackvalue.go:233.3,233.100 1 0
github.com/gclkaze/tafexpr/stackvalue/boolstackvalue.go:234.25,236.10 2 0
github.com/gclkaze/tafexpr/stackvalue/boolstackvalue.go:236.10,238.4 1 0
github.com/gclkaze/tafexpr/stackvalue/boolstackvalue.go:239.3,239.108 1 0
github.com/gclkaze/tafexpr/stackvalue/boolstackvalue.go:240.23,242.10 2 0
github.com/gclkaze/tafexpr/stackvalue/boolstackvalue.go:242.10,244.4 1 0
github.com/gclkaze/tafexpr/stackvalue/boolstackvalue.go:245.3,245.24 1 0
github.com/gclkaze/tafexpr/stackvalue/boolstackvalue.go:245.24,247.4 1 0
github.com/gclkaze/tafexpr/stackvalue/boolstackvalue.go:248.3,248.82 1 0
github.com/gclkaze/tafexpr/stackvalue/boolstackvalue.go:249.23,251.10 2 0
github.com/gclkaze/tafexpr/stackvalue/boolstackvalue.go:251.10,253.4 1 0
github.com/gclkaze/tafexpr/stackvalue/boolstackvalue.go:255.3,255.75 1 0
github.com/gclkaze/tafexpr/stackvalue/boolstackvalue.go:257.2,257.159 1 0
github.com/gclkaze/tafexpr/stackvalue/boolstackvalue.go:260.163,262.13 2 0
github.com/gclkaze/tafexpr/stackvalue/boolstackvalue.go:262.13,264.3 1 0
github.com/gclkaze/tafexpr/stackvalue/boolstackvalue.go:265.2,265.21 1 0
github.com/gclkaze/tafexpr/stackvalue/boolstackvalue.go:266.30,267.3 1 0
github.com/gclkaze/tafexpr/stackvalue/boolstackvalue.go:267.3,269.11 2 0
github.com/gclkaze/tafexpr/stackvalue/boolstackvalue.go:269.11,271.5 1 0
github.com/gclkaze/tafexpr/stackvalue/boolstackvalue.go:272.4,273.18 2 0
github.com/gclkaze/tafexpr/stackvalue/boolstackvalue.go:273.18,275.5 1 0
github.com/gclkaze/tafexpr/stackvalue/boolstackvalue.go:276.4,276.20 1 0
github.com/gclkaze/tafexpr/stackvalue/boolstackvalue.go:276.20,278.5 1 0
github.com/gclkaze/tafexpr/stackvalue/boolstackvalue.go:279.4,279.23 1 0
github.com/gclkaze/tafexpr/stackvalue/boolstackvalue.go:281.26,283.10 2 0
github.com/gclkaze/tafexpr/stackvalue/boolstackvalue.go:283.10,285.4 1 0
github.com/gclkaze/tafexpr/stackvalue/boolstackvalue.go:286.3,287.23 2 0
github.com/gclkaze/tafexpr/stackvalue/boolstackvalue.go:287.23,289.4 1 0
github.com/gclkaze/tafexpr/stackvalue/boolstackvalue.go:290.3,290.96 1 0
github.com/gclkaze/tafexpr/stackvalue/boolstackvalue.go:291.25,293.10 2 0
github.com/gclkaze/tafexpr/stackvalue/boolstackvalue.go:293.10,295.4 1 0
github.com/gclkaze/tafexpr/stackvalue/boolstackvalue.go:296.3,297.23 2 0
github.com/gclkaze/tafexpr/stackvalue/boolstackvalue.go:297.23,299.4 1 0
github.com/gclkaze/tafexpr/stackvalue/boolstackvalue.go:300.3,300.106 1 0
github.com/gclkaze/tafexpr/stackvalue/boolstackvalue.go:301.23,303.10 2 0
github.com/gclkaze/tafexpr/stackvalue/boolstackvalue.go:303.10,305.4 1 0
github.com/gclkaze/tafexpr/stackvalue/boolstackvalue.go:306.3,306.24 1 0
github.com/gclkaze/tafexpr/stackvalue/boolstackvalue.go:306.24,308.4 1 0
github.com/gclkaze/tafexpr/stackvalue/boolstackvalue.go:309.3,309.82 1 0
github.com/gclkaze/tafexpr/stackvalue/boolstackvalue.go:310.23,312.10 2 0
github.com/gclkaze/tafexpr/stackvalue/boolstackvalue.go:312.10,314.4 1 0
github.com/gclkaze/tafexpr/stackvalue/boolstackvalue.go:316.3,316.96 1 0
github.com/gclkaze/tafexpr/stackvalue/boolstackvalue.go:318.2,318.159 1 0
github.com/gclkaze/tafexpr/stackvalue/boolstackvalue.go:321.163,323.13 2 0
github.com/gclkaze/tafexpr/stackvalue/boolstackvalue.go:323.13,325.3 1 0
github.com/gclkaze/tafexpr/stackvalue/boolstackvalue.go:326.2,326.21 1 0
github.com/gclkaze/tafexpr/stackvalue/boolstackvalue.go:327.30,328.3 1 0
github.com/gclkaze/tafexpr/stackvalue/boolstackvalue.go:328.3,330.11 2 0
github.com/gclkaze/tafexpr/stackvalue/boolstackvalue.go:330.11,332.5 1 0
github.com/gclkaze/tafexpr/stackvalue/boolstackvalue.go:333.4,334.18 2 0
github.com/gclkaze/tafexpr/stackvalue/boolstackvalue.go:334.18,336.5 1 0
github.com/gclkaze/tafexpr/stackvalue/boolstackvalue.go:337.4,337.20 1 0
github.com/gclkaze/tafexpr/stackvalue/boolstackvalue.go:337.20,339.5 1 0
github.com/gclkaze/tafexpr/stackvalue/boolstackvalue.go:340.4,340.23 1 0
github.com/gclkaze/tafexpr/stackvalue/boolstackvalue.go:342.26,344.10 2 0
github.com/gclkaze/tafexpr/stackvalue/boolstackvalue.go:344.10,346.4 1 0
github.com/gclkaze/tafexpr/stackvalue/boolstackvalue.go:347.3,348.23 2 0
github.com/gclkaze/tafexpr/stackvalue/boolstackvalue.go:348.23,350.4 1 0
github.com/gclkaze/tafexpr/stackvalue/boolstackvalue.go:351.3,351.96 1 0
github.com/gclkaze/tafexpr/stackvalue/boolstackvalue.go:352.25,354.10 2 0
github.com/gclkaze/tafexpr/stackvalue/boolstackvalue.go:354.10,356.4 1 0
github.com/gclkaze/tafexpr/stackvalue/boolstackvalue.go:357.3,358.23 2 0
github.com/gclkaze/tafexpr/stackvalue/boolstackvalue.go:358.23,360.4 1 0
github.com/gclkaze/tafexpr/stackvalue/boolstackvalue.go:361.3,361.106 1 0
github.com/gclkaze/tafexpr/stackvalue/boolstackvalue.go:362.23,364.10 2 0
github.com/gclkaze/tafexpr/stackvalue/boolstackvalue.go:364.10,366.4 1 0
github.com/gclkaze/tafexpr/stackvalue/boolstackvalue.go:367.3,367.24 1 0
github.com/gclkaze/tafexpr/stackvalue/boolstackvalue.go:367.24,369.4 1 0
github.com/gclkaze/tafexpr/stackvalue/boolstackvalue.go:370.3,370.82 1 0
github.com/gclkaze/tafexpr/stackvalue/boolstackvalue.go:371.23,373.10 2 0
github.com/gclkaze/tafexpr/stackvalue/boolstackvalue.go:373.10,375.4 1 0
github.com/gclkaze/tafexpr/stackvalue/boolstackvalue.go:377.3,377.96 1 0
github.com/gclkaze/tafexpr/stackvalue/boolstackvalue.go:379.2,379.159 1 0
github.com/gclkaze/tafexpr/stackvalue/boolstackvaluelog.go:11.169,15.21 2 0
github.com/gclkaze/tafexpr/stackvalue/boolstackvaluelog.go:16.30,17.3 1 0
github.com/gclkaze/tafexpr/stackvalue/boolstackvaluelog.go:17.3,19.11 2 0
github.com/gclkaze/tafexpr/stackvalue/boolstackvaluelog.go:19.11,21.5 1 0
github.com/gclkaze/tafexpr/stackvalue/boolstackvaluelog.go:22.4,23.18 2 0
github.com/gclkaze/tafexpr/stackvalue/boolstackvaluelog.go:23.18,25.5 1 0
github.com/gclkaze/tafexpr/stackvalue/boolstackvaluelog.go:26.4,26.20 1 0
github.com/gclkaze/tafexpr/stackvalue/boolstackvaluelog.go:26.20,28.18 2 0
github.com/gclkaze/tafexpr/stackvalue/boolstackvaluelog.go:28.18,30.6 1 0
github.com/gclkaze/tafexpr/stackvalue/boolstackvaluelog.go:31.5,31.89 1 0
github.com/gclkaze/tafexpr/stackvalue/boolstackvaluelog.go:33.4,33.30 1 0
github.com/gclkaze/tafexpr/stackvalue/boolstackvaluelog.go:35.26,37.10 2 0
github.com/gclkaze/tafexpr/stackvalue/boolstackvaluelog.go:37.10,39.4 1 0
github.com/gclkaze/tafexpr/stackvalue/boolstackvaluelog.go:40.3,42.16 3 0
github.com/gclkaze/tafexpr/stackvalue/boolstackvaluelog.go:42.16,44.4 1 0
github.com/gclkaze/tafexpr/stackvalue/boolstackvaluelog.go:45.3,45.94 1 0
github.com/gclkaze/tafexpr/stackvalue/boolstackvaluelog.go:46.25,48.10 2 0
github.com/gclkaze/tafexpr/stackvalue/boolstackvaluelog.go:48.10,50.4 1 0
github.com/gclkaze/tafexpr/stackvalue/boolstackvaluelog.go:51.3,53.16 3 0
github.com/gclkaze/tafexpr/stackvalue/boolstackvaluelog.go:53.16,55.4 1 0
github.com/gclkaze/tafexpr/stackvalue/boolstackvaluelog.go:57.3,57.105 1 0
github.com/gclkaze/tafexpr/stackvalue/boolstackvaluelog.go:58.23,60.10 2 0
github.com/gclkaze/tafexpr/stackvalue/boolstackvaluelog.go:60.10,62.4 1 0
github.com/gclkaze/tafexpr/stackvalue/boolstackvaluelog.go:63.3,64.23 2 0
github.com/gclkaze/tafexpr/stackvalue/boolstackvaluelog.go:64.23,66.4 1 0
github.com/gclkaze/tafexpr/stackvalue/boolstackvaluelog.go:68.3,69.16 2 0
github.com/gclkaze/tafexpr/stackvalue/boolstackvaluelog.go:69.16,71.4 1 0
github.com/gclkaze/tafexpr/stackvalue/boolstackvaluelog.go:72.3,72.90 1 0
github.com/gclkaze/tafexpr/stackvalue/boolstackvaluelog.go:73.23,75.10 2 0
github.com/gclkaze/tafexpr/stackvalue/boolstackvaluelog.go:75.10,77.4 1 0
github.com/gclkaze/tafexpr/stackvalue/boolstackvaluelog.go:79.3,79.76 1 0
github.com/gclkaze/tafexpr/stackvalue/boolstackvaluelog.go:81.2,81.167 1 0
github.com/gclkaze/tafexpr/stackvalue/boolstackvaluelog.go:83.174,85.21 2 0
github.com/gclkaze/tafexpr/stackvalue/boolstackvaluelog.go:86.30,87.3 1 0
github.com/gclkaze/tafexpr/stackvalue/boolstackvaluelog.go:87.3,89.11 2 0
github.com/gclkaze/tafexpr/stackvalue/boolstackvaluelog.go:89.11,91.5 1 0
github.com/gclkaze/tafexpr/stackvalue/boolstackvaluelog.go:92.4,93.18 2 0
github.com/gclkaze/tafexpr/stackvalue/boolstackvaluelog.go:93.18,95.5 1 0
github.com/gclkaze/tafexpr/stackvalue/boolstackvaluelog.go:96.4,96.20 1 0
github.com/gclkaze/tafexpr/stackvalue/boolstackvaluelog.go:96.20,98.18 2 0
github.com/gclkaze/tafexpr/stackvalue/boolstackvaluelog.go:98.18,100.6 1 0
github.com/gclkaze/tafexpr/stackvalue/boolstackvaluelog.go:101.5,101.90 1 0
github.com/gclkaze/tafexpr/stackvalue/boolstackvaluelog.go:103.4,103.35 1 0
github.com/gclkaze/tafexpr/stackvalue/boolstackvaluelog.go:105.26,107.10 2 0
github.com/gclkaze/tafexpr/stackvalue/boolstackvaluelog.go:107.10,109.4 1 0
github.com/gclkaze/tafexpr/stackvalue/boolstackvaluelog.go:110.3,112.16 3 0
github.com/gclkaze/tafexpr/stackvalue/boolstackvaluelog.go:112.16,114.4 1 0
github.com/gclkaze/tafexpr/stackvalue/boolstackvaluelog.go:115.3,115.95 1 0
github.com/gclkaze/tafexpr/stackvalue/boolstackvaluelog.go:116.25,118.10 2 0
github.com/gclkaze/tafexpr/stackvalue/boolstackvaluelog.go:118.10,120.4 1 0
github.com/gclkaze/tafexpr/stackvalue/boolstackvaluelog.go:121.3,123.16 3 0
github.com/gclkaze/tafexpr/stackvalue/boolstackvaluelog.go:123.16,125.4 1 0
github.com/gclkaze/tafexpr/stackvalue/boolstackvaluelog.go:127.3,127.106 1 0
github.com/gclkaze/tafexpr/stackvalue/boolstackvaluelog.go:128.23,130.10 2 0
github.com/gclkaze/tafexpr/stackvalue/boolstackvaluelog.go:130.10,132.4 1 0
github.com/gclkaze/tafexpr/stackvalue/boolstackvaluelog.go:133.3,134.23 2 0
github.com/gclkaze/tafexpr/stackvalue/boolstackvaluelog.go:134.23,136.4 1 0
github.com/gclkaze/tafexpr/stackvalue/boolstackvaluelog.go:138.3,139.16 2 0
github.com/gclkaze/tafexpr/stackvalue/boolstackvaluelog.go:139.16,141.4 1 0
github.com/gclkaze/tafexpr/stackvalue/boolstackvaluelog.go:142.3,142.91 1 0
github.com/gclkaze/tafexpr/stackvalue/boolstackvaluelog.go:143.23,145.10 2 0
github.com/gclkaze/tafexpr/stackvalue/boolstackvaluelog.go:145.10,147.4 1 0
github.com/gclkaze/tafexpr/stackvalue/boolstackvaluelog.go:149.3,149.76 1 0
github.com/gclkaze/tafexpr/stackvalue/boolstackvaluelog.go:151.2,151.173 1 0
github.com/gclkaze/tafexpr/stackvalue/boolstackvaluelog.go:153.164,155.21 2 0
github.com/gclkaze/tafexpr/stackvalue/boolstackvaluelog.go:156.30,157.3 1 0
github.com/gclkaze/tafexpr/stackvalue/boolstackvaluelog.go:157.3,159.11 2 0
github.com/gclkaze/tafexpr/stackvalue/boolstackvaluelog.go:159.11,161.5 1 0
github.com/gclkaze/tafexpr/stackvalue/boolstackvaluelog.go:162.4,163.18 2 0
github.com/gclkaze/tafexpr/stackvalue/boolstackvaluelog.go:163.18,165.5 1 0
github.com/gclkaze/tafexpr/stackvalue/boolstackvaluelog.go:166.4,166.20 1 0
github.com/gclkaze/tafexpr/stackvalue/boolstackvaluelog.go:166.20,168.18 2 0
github.com/gclkaze/tafexpr/stackvalue/boolstackvaluelog.go:168.18,170.6 1 0
github.com/gclkaze/tafexpr/stackvalue/boolstackvaluelog.go:171.5,171.90 1 0
github.com/gclkaze/tafexpr/stackvalue/boolstackvaluelog.go:173.4,173.25 1 0
github.com/gclkaze/tafexpr/stackvalue/boolstackvaluelog.go:175.26,177.10 2 0
github.com/gclkaze/tafexpr/stackvalue/boolstackvaluelog.go:177.10,179.4 1 0
github.com/gclkaze/tafexpr/stackvalue/boolstackvaluelog.go:180.3,188.16 3 0
github.com/gclkaze/tafexpr/stackvalue/boolstackvaluelog.go:188.16,189.21 1 0
github.com/gclkaze/tafexpr/stackvalue/boolstackvaluelog.go:189.21,191.5 1 0
github.com/gclkaze/tafexpr/stackvalue/boolstackvaluelog.go:191.10,193.5 1 0
github.com/gclkaze/tafexpr/stackvalue/boolstackvaluelog.go:194.9,195.21 1 0
github.com/gclkaze/tafexpr/stackvalue/boolstackvaluelog.go:195.21,197.5 1 0
github.com/gclkaze/tafexpr/stackvalue/boolstackvaluelog.go:197.10,199.5 1 0
github.com/gclkaze/tafexpr/stackvalue/boolstackvaluelog.go:202.3,202.74 1 0
github.com/gclkaze/tafexpr/stackvalue/boolstackvaluelog.go:203.25,205.10 2 0
github.com/gclkaze/tafexpr/stackvalue/boolstackvaluelog.go:205.10,207.4 1 0
github.com/gclkaze/tafexpr/stackvalue/boolstackvaluelog.go:208.3,210.16 3 0
github.com/gclkaze/tafexpr/stackvalue/boolstackvaluelog.go:210.16,211.24 1 0
github.com/gclkaze/tafexpr/stackvalue/boolstackvaluelog.go:211.24,213.5 1 0
github.com/gclkaze/tafexpr/stackvalue/boolstackvaluelog.go:213.10,215.5 1 0
github.com/gclkaze/tafexpr/stackvalue/boolstackvaluelog.go:216.9,217.24 1 0
github.com/gclkaze/tafexpr/stackvalue/boolstackvaluelog.go:217.24,219.5 1 0
github.com/gclkaze/tafexpr/stackvalue/boolstackvaluelog.go:219.10,221.5 1 0
github.com/gclkaze/tafexpr/stackvalue/boolstackvaluelog.go:224.3,224.74 1 0
github.com/gclkaze/tafexpr/stackvalue/boolstackvaluelog.go:225.23,227.10 2 0
github.com/gclkaze/tafexpr/stackvalue/boolstackvaluelog.go:227.10,229.4 1 0
github.com/gclkaze/tafexpr/stackvalue/boolstackvaluelog.go:230.3,230.100 1 0
github.com/gclkaze/tafexpr/stackvalue/boolstackvaluelog.go:231.23,233.10 2 0
github.com/gclkaze/tafexpr/stackvalue/boolstackvaluelog.go:233.10,235.4 1 0
github.com/gclkaze/tafexpr/stackvalue/boolstackvaluelog.go:237.3,237.81 1 0
github.com/gclkaze/tafexpr/stackvalue/boolstackvaluelog.go:239.2,239.164 1 0
github.com/gclkaze/tafexpr/stackvalue/boolstackvaluelog.go:241.166,243.21 2 0
github.com/gclkaze/tafexpr/stackvalue/boolstackvaluelog.go:244.30,245.3 1 0
github.com/gclkaze/tafexpr/stackvalue/boolstackvaluelog.go:245.3,247.11 2 0
github.com/gclkaze/tafexpr/stackvalue/boolstackvaluelog.go:247.11,249.5 1 0
github.com/gclkaze/tafexpr/stackvalue/boolstackvaluelog.go:250.4,251.18 2 0
github.com/gclkaze/tafexpr/stackvalue/boolstackvaluelog.go:251.18,253.5 1 0
github.com/gclkaze/tafexpr/stackvalue/boolstackvaluelog.go:254.4,254.20 1 0
github.com/gclkaze/tafexpr/stackvalue/boolstackvaluelog.go:254.20,256.18 2 0
github.com/gclkaze/tafexpr/stackvalue/boolstackvaluelog.go:256.18,258.6 1 0
github.com/gclkaze/tafexpr/stackvalue/boolstackvaluelog.go:259.5,259.90 1 0
github.com/gclkaze/tafexpr/stackvalue/boolstackvaluelog.go:261.4,261.27 1 0
github.com/gclkaze/tafexpr/stackvalue/boolstackvaluelog.go:263.26,265.10 2 0
github.com/gclkaze/tafexpr/stackvalue/boolstackvaluelog.go:265.10,267.4 1 0
github.com/gclkaze/tafexpr/stackvalue/boolstackvaluelog.go:268.3,270.16 3 0
github.com/gclkaze/tafexpr/stackvalue/boolstackvaluelog.go:270.16,271.21 1 0
github.com/gclkaze/tafexpr/stackvalue/boolstackvaluelog.go:271.21,273.5 1 0
github.com/gclkaze/tafexpr/stackvalue/boolstackvaluelog.go:273.10,275.5 1 0
github.com/gclkaze/tafexpr/stackvalue/boolstackvaluelog.go:276.9,277.21 1 0
github.com/gclkaze/tafexpr/stackvalue/boolstackvaluelog.go:277.21,279.5 1 0
github.com/gclkaze/tafexpr/stackvalue/boolstackvaluelog.go:279.10,281.5 1 0
github.com/gclkaze/tafexpr/stackvalue/boolstackvaluelog.go:284.3,284.75 1 0
github.com/gclkaze/tafexpr/stackvalue/boolstackvaluelog.go:285.25,287.10 2 0
github.com/gclkaze/tafexpr/stackvalue/boolstackvaluelog.go:287.10,289.4 1 0
github.com/gclkaze/tafexpr/stackvalue/boolstackvaluelog.go:290.3,292.16 3 0
github.com/gclkaze/tafexpr/stackvalue/boolstackvaluelog.go:292.16,293.24 1 0
github.com/gclkaze/tafexpr/stackvalue/boolstackvaluelog.go:293.24,295.5 1 0
github.com/gclkaze/tafexpr/stackvalue/boolstackvaluelog.go:295.10,297.5 1 0
github.com/gclkaze/tafexpr/stackvalue/boolstackvaluelog.go:298.9,299.24 1 0
github.com/gclkaze/tafexpr/stackvalue/boolstackvaluelog.go:299.24,301.5 1 0
github.com/gclkaze/tafexpr/stackvalue/boolstackvaluelog.go:301.10,303.5 1 0
github.com/gclkaze/tafexpr/stackvalue/boolstackvaluelog.go:306.3,306.75 1 0
github.com/gclkaze/tafexpr/stackvalue/boolstackvaluelog.go:307.23,309.10 2 0
github.com/gclkaze/tafexpr/stackvalue/boolstackvaluelog.go:309.10,311.4 1 0
github.com/gclkaze/tafexpr/stackvalue/boolstackvaluelog.go:312.3,312.100 1 0
github.com/gclkaze/tafexpr/stackvalue/boolstackvaluelog.go:313.23,315.10 2 0
github.com/gclkaze/tafexpr/stackvalue/boolstackvaluelog.go:315.10,317.4 1 0
github.com/gclkaze/tafexpr/stackvalue/boolstackvaluelog.go:319.3,319.80 1 0
github.com/gclkaze/tafexpr/stackvalue/boolstackvaluelog.go:321.2,321.166 1 0
github.com/gclkaze/tafexpr/stackvalue/boolstackvaluelog.go:323.170,325.21 2 0
github.com/gclkaze/tafexpr/stackvalue/boolstackvaluelog.go:326.30,327.3 1 0
github.com/gclkaze/tafexpr/stackvalue/boolstackvaluelog.go:327.3,329.11 2 0
github.com/gclkaze/tafexpr/stackvalue/boolstackvaluelog.go:329.11,331.5 1 0
github.com/gclkaze/tafexpr/stackvalue/boolstackvaluelog.go:332.4,333.18 2 0
github.com/gclkaze/tafexpr/stackvalue/boolstackvaluelog.go:333.18,335.5 1 0
github.com/gclkaze/tafexpr/stackvalue/boolstackvaluelog.go:336.4,336.20 1 0
github.com/gclkaze/tafexpr/stackvalue/boolstackvaluelog.go:336.20,338.18 2 0
github.com/gclkaze/tafexpr/stackvalue/boolstackvaluelog.go:338.18,340.6 1 0
github.com/gclkaze/tafexpr/stackvalue/boolstackvaluelog.go:341.5,341.89 1 0
github.com/gclkaze/tafexpr/stackvalue/boolstackvaluelog.go:343.4,343.31 1 0
github.com/gclkaze/tafexpr/stackvalue/boolstackvaluelog.go:345.26,347.10 2 0
github.com/gclkaze/tafexpr/stackvalue/boolstackvaluelog.go:347.10,349.4 1 0
github.com/gclkaze/tafexpr/stackvalue/boolstackvaluelog.go:350.3,352.16 3 0
github.com/gclkaze/tafexpr/stackvalue/boolstackvaluelog.go:352.16,354.4 1 0
github.com/gclkaze/tafexpr/stackvalue/boolstackvaluelog.go:355.3,355.94 1 0
github.com/gclkaze/tafexpr/stackvalue/boolstackvaluelog.go:356.25,358.10 2 0
github.com/gclkaze/tafexpr/stackvalue/boolstackvaluelog.go:358.10,360.4 1 0
github.com/gclkaze/tafexpr/stackvalue/boolstackvaluelog.go:361.3,363.16 3 0
github.com/gclkaze/tafexpr/stackvalue/boolstackvaluelog.go:363.16,365.4 1 0
github.com/gclkaze/tafexpr/stackvalue/boolstackvaluelog.go:367.3,367.105 1 0
github.com/gclkaze/tafexpr/stackvalue/boolstackvaluelog.go:368.23,370.10 2 0
github.com/gclkaze/tafexpr/stackvalue/boolstackvaluelog.go:370.10,372.4 1 0
github.com/gclkaze/tafexpr/stackvalue/boolstackvaluelog.go:373.3,374.23 2 0
github.com/gclkaze/tafexpr/stackvalue/boolstackvaluelog.go:374.23,376.4 1 0
github.com/gclkaze/tafexpr/stackvalue/boolstackvaluelog.go:378.3,379.16 2 0
github.com/gclkaze/tafexpr/stackvalue/boolstackvaluelog.go:379.16,381.4 1 0
github.com/gclkaze/tafexpr/stackvalue/boolstackvaluelog.go:382.3,382.90 1 0
github.com/gclkaze/tafexpr/stackvalue/boolstackvaluelog.go:383.23,385.10 2 0
github.com/gclkaze/tafexpr/stackvalue/boolstackvaluelog.go:385.10,387.4 1 0
github.com/gclkaze/tafexpr/stackvalue/boolstackvaluelog.go:389.3,389.76 1 0
github.com/gclkaze/tafexpr/stackvalue/boolstackvaluelog.go:391.2,391.168 1 0
github.com/gclkaze/tafexpr/stackvalue/boolstackvaluelog.go:393.175,395.21 2 0
github.com/gclkaze/tafexpr/stackvalue/boolstackvaluelog.go:396.30,397.3 1 0
github.com/gclkaze/tafexpr/stackvalue/boolstackvaluelog.go:397.3,399.11 2 0
github.com/gclkaze/tafexpr/stackvalue/boolstackvaluelog.go:399.11,401.5 1 0
github.com/gclkaze/tafexpr/stackvalue/boolstackvaluelog.go:402.4,403.18 2 0
github.com/gclkaze/tafexpr/stackvalue/boolstackvaluelog.go:403.18,405.5 1 0
github.com/gclkaze/tafexpr/stackvalue/boolstackvaluelog.go:406.4,406.20 1 0
github.com/gclkaze/tafexpr/stackvalue/boolstackvaluelog.go:406.20,408.18 2 0
github.com/gclkaze/tafexpr/stackvalue/boolstackvaluelog.go:408.18,410.6 1 0
github.com/gclkaze/tafexpr/stackvalue/boolstackvaluelog.go:411.5,411.90 1 0
github.com/gclkaze/tafexpr/stackvalue/boolstackvaluelog.go:413.4,413.36 1 0
github.com/gclkaze/tafexpr/stackvalue/boolstackvaluelog.go:415.26,417.10 2 0
github.com/gclkaze/tafexpr/stackvalue/boolstackvaluelog.go:417.10,419.4 1 0
github.com/gclkaze/tafexpr/stackvalue/boolstackvaluelog.go:420.3,422.16 3 0
github.com/gclkaze/tafexpr/stackvalue/boolstackvaluelog.go:422.16,424.4 1 0
github.com/gclkaze/tafexpr/stackvalue/boolstackvaluelog.go:425.3,425.95 1 0
github.com/gclkaze/tafexpr/stackvalue/boolstackvaluelog.go:426.25,428.10 2 0
github.com/gclkaze/tafexpr/stackvalue/boolstackvaluelog.go:428.10,430.4 1 0
github.com/gclkaze/tafexpr/stackvalue/boolstackvaluelog.go:431.3,433.16 3 0
github.com/gclkaze/tafexpr/stackvalue/boolstackvaluelog.go:433.16,435.4 1 0
github.com/gclkaze/tafexpr/stackvalue/boolstackvaluelog.go:437.3,437.106 1 0
github.com/gclkaze/tafexpr/stackvalue/boolstackvaluelog.go:438.23,440.10 2 0
github.com/gclkaze/tafexpr/stackvalue/boolstackvaluelog.go:440.10,442.4 1 0
github.com/gclkaze/tafexpr/stackvalue/boolstackvaluelog.go:443.3,444.23 2 0
github.com/gclkaze/tafexpr/stackvalue/boolstackvaluelog.go:444.23,446.4 1 0
github.com/gclkaze/tafexpr/stackvalue/boolstackvaluelog.go:448.3,449.16 2 0
github.com/gclkaze/tafexpr/stackvalue/boolstackvaluelog.go:449.16,451.4 1 0
github.com/gclkaze/tafexpr/stackvalue/boolstackvaluelog.go:452.3,452.91 1 0
github.com/gclkaze/tafexpr/stackvalue/boolstackvaluelog.go:453.23,455.10 2 0
github.com/gclkaze/tafexpr/stackvalue/boolstackvaluelog.go:455.10,457.4 1 0
github.com/gclkaze/tafexpr/stackvalue/boolstackvaluelog.go:459.3,459.76 1 0
github.com/gclkaze/tafexpr/stackvalue/boolstackvaluelog.go:461.2,461.174 1 0
github.com/gclkaze/tafexpr/stackvalue/boolstackvaluelog.go:464.162,465.14 1 0
github.com/gclkaze/tafexpr/stackvalue/boolstackvaluelog.go:465.14,467.3 1 0
github.com/gclkaze/tafexpr/stackvalue/boolstackvaluelog.go:468.2,469.21 2 0
github.com/gclkaze/tafexpr/stackvalue/boolstackvaluelog.go:470.25,472.10 2 0
github.com/gclkaze/tafexpr/stackvalue/boolstackvaluelog.go:472.10,474.4 1 0
github.com/gclkaze/tafexpr/stackvalue/boolstackvaluelog.go:475.3,475.108 1 0
github.com/gclkaze/tafexpr/stackvalue/boolstackvaluelog.go:476.26,478.10 2 0
github.com/gclkaze/tafexpr/stackvalue/boolstackvaluelog.go:478.10,480.4 1 0
github.com/gclkaze/tafexpr/stackvalue/boolstackvaluelog.go:481.3,481.102 1 0
github.com/gclkaze/tafexpr/stackvalue/boolstackvaluelog.go:482.25,484.10 2 0
github.com/gclkaze/tafexpr/stackvalue/boolstackvaluelog.go:484.10,486.4 1 0
github.com/gclkaze/tafexpr/stackvalue/boolstackvaluelog.go:487.3,487.105 1 0
github.com/gclkaze/tafexpr/stackvalue/boolstackvaluelog.go:488.23,490.10 2 0
github.com/gclkaze/tafexpr/stackvalue/boolstackvaluelog.go:490.10,492.4 1 0
github.com/gclkaze/tafexpr/stackvalue/boolstackvaluelog.go:494.3,494.99 1 0
github.com/gclkaze/tafexpr/stackvalue/boolstackvaluelog.go:495.23,497.10 2 0
github.com/gclkaze/tafexpr/stackvalue/boolstackvaluelog.go:497.10,499.4 1 0
github.com/gclkaze/tafexpr/stackvalue/boolstackvaluelog.go:501.3,501.76 1 0
github.com/gclkaze/tafexpr/stackvalue/boolstackvaluelog.go:502.29,504.10 2 0
github.com/gclkaze/tafexpr/stackvalue/boolstackvaluelog.go:504.10,506.4 1 0
github.com/gclkaze/tafexpr/stackvalue/boolstackvaluelog.go:507.3,507.98 1 0
github.com/gclkaze/tafexpr/stackvalue/boolstackvaluelog.go:508.30,510.10 2 0
github.com/gclkaze/tafexpr/stackvalue/boolstackvaluelog.go:510.10,512.4 1 0
github.com/gclkaze/tafexpr/stackvalue/boolstackvaluelog.go:513.3,513.96 1 0
github.com/gclkaze/tafexpr/stackvalue/boolstackvaluelog.go:516.2,516.159 1 0
github.com/gclkaze/tafexpr/stackvalue/boolstackvaluelog.go:519.161,521.21 2 0
github.com/gclkaze/tafexpr/stackvalue/boolstackvaluelog.go:522.25,524.10 2 0
github.com/gclkaze/tafexpr/stackvalue/boolstackvaluelog.go:524.10,526.4 1 0
github.com/gclkaze/tafexpr/stackvalue/boolstackvaluelog.go:527.3,527.108 1 0
github.com/gclkaze/tafexpr/stackvalue/boolstackvaluelog.go:528.26,530.10 2 0
github.com/gclkaze/tafexpr/stackvalue/boolstackvaluelog.go:530.10,532.4 1 0
github.com/gclkaze/tafexpr/stackvalue/boolstackvaluelog.go:533.3,533.102 1 0
github.com/gclkaze/tafexpr/stackvalue/boolstackvaluelog.go:534.25,536.10 2 0
github.com/gclkaze/tafexpr/stackvalue/boolstackvaluelog.go:536.10,538.4 1 0
github.com/gclkaze/tafexpr/stackvalue/boolstackvaluelog.go:539.3,539.105 1 0
github.com/gclkaze/tafexpr/stackvalue/boolstackvaluelog.go:540.23,542.10 2 0
github.com/gclkaze/tafexpr/stackvalue/boolstackvaluelog.go:542.10,544.4 1 0
github.com/gclkaze/tafexpr/stackvalue/boolstackvaluelog.go:546.3,546.99 1 0
github.com/gclkaze/tafexpr/stackvalue/boolstackvaluelog.go:547.23,549.10 2 0
github.com/gclkaze/tafexpr/stackvalue/boolstackvaluelog.go:549.10,551.4 1 0
github.com/gclkaze/tafexpr/stackvalue/boolstackvaluelog.go:553.3,553.79 1 0
github.com/gclkaze/tafexpr/stackvalue/boolstackvaluelog.go:554.29,556.10 2 0
github.com/gclkaze/tafexpr/stackvalue/boolstackvaluelog.go:556.10,558.4 1 0
github.com/gclkaze/tafexpr/stackvalue/boolstackvaluelog.go:559.3,559.98 1 0
github.com/gclkaze/tafexpr/stackvalue/boolstackvaluelog.go:560.30,562.10 2 0
github.com/gclkaze/tafexpr/stackvalue/boolstackvaluelog.go:562.10,564.4 1 0
github.com/gclkaze/tafexpr/stackvalue/boolstackvaluelog.go:565.3,565.96 1 0
github.com/gclkaze/tafexpr/stackvalue/boolstackvaluelog.go:568.2,568.158 1 0
github.com/gclkaze/tafexpr/stackvalue/boolstackvaluelog.go:571.139,573.2 1 0
github.com/gclkaze/tafexpr/stackvalue/browserstackvalue.go:6.56,8.2 1 0
github.com/gclkaze/tafexpr/stackvalue/dbstackvalue.go:6.46,8.2 1 0
github.com/gclkaze/tafexpr/stackvalue/doublestackvalue.go:19.55,21.2 1 0
github.com/gclkaze/tafexpr/stackvalue/doublestackvalue.go:23.65,25.2 1 0
github.com/gclkaze/tafexpr/stackvalue/doublestackvalue.go:27.66,29.2 1 0
github.com/gclkaze/tafexpr/stackvalue/doublestackvalue.go:31.47,35.2 3 0
github.com/gclkaze/tafexpr/stackvalue/doublestackvalue.go:37.64,39.2 1 0
github.com/gclkaze/tafexpr/stackvalue/doublestackvalue.go:41.60,43.2 1 0
github.com/gclkaze/tafexpr/stackvalue/doublestackvalue.go:45.43,47.2 1 0
github.com/gclkaze/tafexpr/stackvalue/doublestackvalue.go:49.45,51.2 1 0
github.com/gclkaze/tafexpr/stackvalue/doublestackvalue.go:53.63,55.2 1 0
github.com/gclkaze/tafexpr/stackvalue/doublestackvalue.go:57.46,59.2 1 0
github.com/gclkaze/tafexpr/stackvalue/doublestackvalue.go:61.56,63.2 1 0
github.com/gclkaze/tafexpr/stackvalue/doublestackvalue.go:64.52,66.2 1 0
github.com/gclkaze/tafexpr/stackvalue/doublestackvalue.go:67.68,68.42 1 0
github.com/gclkaze/tafexpr/stackvalue/doublestackvalue.go:68.42,69.48 1 0
github.com/gclkaze/tafexpr/stackvalue/doublestackvalue.go:69.48,71.59 2 0
github.com/gclkaze/tafexpr/stackvalue/doublestackvalue.go:71.59,74.5 2 0
github.com/gclkaze/tafexpr/stackvalue/doublestackvalue.go:74.10,77.5 2 0
github.com/gclkaze/tafexpr/stackvalue/doublestackvalue.go:79.3,79.15 1 0
github.com/gclkaze/tafexpr/stackvalue/doublestackvalue.go:81.2,82.9 2 0
github.com/gclkaze/tafexpr/stackvalue/doublestackvalue.go:82.9,84.3 1 0
github.com/gclkaze/tafexpr/stackvalue/doublestackvalue.go:85.2,85.28 1 0
github.com/gclkaze/tafexpr/stackvalue/doublestackvalue.go:88.43,90.2 1 0
github.com/gclkaze/tafexpr/stackvalue/doublestackvalue.go:92.165,94.21 2 0
github.com/gclkaze/tafexpr/stackvalue/doublestackvalue.go:95.30,96.3 1 0
github.com/gclkaze/tafexpr/stackvalue/doublestackvalue.go:96.3,98.11 2 0
github.com/gclkaze/tafexpr/stackvalue/doublestackvalue.go:98.11,100.5 1 0
github.com/gclkaze/tafexpr/stackvalue/doublestackvalue.go:101.4,102.18 2 0
github.com/gclkaze/tafexpr/stackvalue/doublestackvalue.go:102.18,104.5 1 0
github.com/gclkaze/tafexpr/stackvalue/doublestackvalue.go:105.4,105.20 1 0
github.com/gclkaze/tafexpr/stackvalue/doublestackvalue.go:105.20,107.5 1 0
github.com/gclkaze/tafexpr/stackvalue/doublestackvalue.go:108.4,108.23 1 0
github.com/gclkaze/tafexpr/stackvalue/doublestackvalue.go:110.26,112.10 2 0
github.com/gclkaze/tafexpr/stackvalue/doublestackvalue.go:112.10,114.4 1 0
github.com/gclkaze/tafexpr/stackvalue/doublestackvalue.go:115.3,115.111 1 0
github.com/gclkaze/tafexpr/stackvalue/doublestackvalue.go:116.25,118.10 2 0
github.com/gclkaze/tafexpr/stackvalue/doublestackvalue.go:118.10,120.4 1 0
github.com/gclkaze/tafexpr/stackvalue/doublestackvalue.go:121.3,121.105 1 0
github.com/gclkaze/tafexpr/stackvalue/doublestackvalue.go:122.23,124.10 2 0
github.com/gclkaze/tafexpr/stackvalue/doublestackvalue.go:124.10,126.4 1 0
github.com/gclkaze/tafexpr/stackvalue/doublestackvalue.go:127.3,127.23 1 0
github.com/gclkaze/tafexpr/stackvalue/doublestackvalue.go:127.23,129.4 1 0
github.com/gclkaze/tafexpr/stackvalue/doublestackvalue.go:130.3,130.84 1 0
github.com/gclkaze/tafexpr/stackvalue/doublestackvalue.go:131.23,133.10 2 0
github.com/gclkaze/tafexpr/stackvalue/doublestackvalue.go:133.10,135.4 1 0
github.com/gclkaze/tafexpr/stackvalue/doublestackvalue.go:137.3,137.84 1 0
github.com/gclkaze/tafexpr/stackvalue/doublestackvalue.go:139.2,139.158 1 0
github.com/gclkaze/tafexpr/stackvalue/doublestackvalue.go:141.165,143.21 2 0
github.com/gclkaze/tafexpr/stackvalue/doublestackvalue.go:144.30,145.3 1 0
github.com/gclkaze/tafexpr/stackvalue/doublestackvalue.go:145.3,147.11 2 0
github.com/gclkaze/tafexpr/stackvalue/doublestackvalue.go:147.11,149.5 1 0
github.com/gclkaze/tafexpr/stackvalue/doublestackvalue.go:150.4,151.18 2 0
github.com/gclkaze/tafexpr/stackvalue/doublestackvalue.go:151.18,153.5 1 0
github.com/gclkaze/tafexpr/stackvalue/doublestackvalue.go:154.4,154.20 1 0
github.com/gclkaze/tafexpr/stackvalue/doublestackvalue.go:154.20,156.5 1 0
github.com/gclkaze/tafexpr/stackvalue/doublestackvalue.go:157.4,157.23 1 0
github.com/gclkaze/tafexpr/stackvalue/doublestackvalue.go:159.26,161.10 2 0
github.com/gclkaze/tafexpr/stackvalue/doublestackvalue.go:161.10,163.4 1 0
github.com/gclkaze/tafexpr/stackvalue/doublestackvalue.go:164.3,164.111 1 0
github.com/gclkaze/tafexpr/stackvalue/doublestackvalue.go:165.25,167.10 2 0
github.com/gclkaze/tafexpr/stackvalue/doublestackvalue.go:167.10,169.4 1 0
github.com/gclkaze/tafexpr/stackvalue/doublestackvalue.go:170.3,170.105 1 0
github.com/gclkaze/tafexpr/stackvalue/doublestackvalue.go:171.23,173.10 2 0
github.com/gclkaze/tafexpr/stackvalue/doublestackvalue.go:173.10,175.4 1 0
github.com/gclkaze/tafexpr/stackvalue/doublestackvalue.go:176.3,176.23 1 0
github.com/gclkaze/tafexpr/stackvalue/doublestackvalue.go:176.23,178.4 1 0
github.com/gclkaze/tafexpr/stackvalue/doublestackvalue.go:179.3,179.84 1 0
github.com/gclkaze/tafexpr/stackvalue/doublestackvalue.go:180.23,182.10 2 0
github.com/gclkaze/tafexpr/stackvalue/doublestackvalue.go:182.10,184.4 1 0
github.com/gclkaze/tafexpr/stackvalue/doublestackvalue.go:186.3,186.84 1 0
github.com/gclkaze/tafexpr/stackvalue/doublestackvalue.go:188.2,188.158 1 0
github.com/gclkaze/tafexpr/stackvalue/doublestackvalue.go:191.165,193.21 2 0
github.com/gclkaze/tafexpr/stackvalue/doublestackvalue.go:194.30,195.3 1 0
github.com/gclkaze/tafexpr/stackvalue/doublestackvalue.go:195.3,197.11 2 0
github.com/gclkaze/tafexpr/stackvalue/doublestackvalue.go:197.11,199.5 1 0
github.com/gclkaze/tafexpr/stackvalue/doublestackvalue.go:200.4,201.18 2 0
github.com/gclkaze/tafexpr/stackvalue/doublestackvalue.go:201.18,203.5 1 0
github.com/gclkaze/tafexpr/stackvalue/doublestackvalue.go:204.4,204.20 1 0
github.com/gclkaze/tafexpr/stackvalue/doublestackvalue.go:204.20,206.5 1 0
github.com/gclkaze/tafexpr/stackvalue/doublestackvalue.go:207.4,207.23 1 0
github.com/gclkaze/tafexpr/stackvalue/doublestackvalue.go:209.26,211.10 2 0
github.com/gclkaze/tafexpr/stackvalue/doublestackvalue.go:211.10,213.4 1 0
github.com/gclkaze/tafexpr/stackvalue/doublestackvalue.go:214.3,214.111 1 0
github.com/gclkaze/tafexpr/stackvalue/doublestackvalue.go:215.25,217.10 2 0
github.com/gclkaze/tafexpr/stackvalue/doublestackvalue.go:217.10,219.4 1 0
github.com/gclkaze/tafexpr/stackvalue/doublestackvalue.go:220.3,220.105 1 0
github.com/gclkaze/tafexpr/stackvalue/doublestackvalue.go:221.23,223.10 2 0
github.com/gclkaze/tafexpr/stackvalue/doublestackvalue.go:223.10,225.4 1 0
github.com/gclkaze/tafexpr/stackvalue/doublestackvalue.go:226.3,226.24 1 0
github.com/gclkaze/tafexpr/stackvalue/doublestackvalue.go:226.24,228.4 1 0
github.com/gclkaze/tafexpr/stackvalue/doublestackvalue.go:229.3,229.84 1 0
github.com/gclkaze/tafexpr/stackvalue/doublestackvalue.go:230.23,232.10 2 0
github.com/gclkaze/tafexpr/stackvalue/doublestackvalue.go:232.10,234.4 1 0
github.com/gclkaze/tafexpr/stackvalue/doublestackvalue.go:236.3,236.74 1 0
github.com/gclkaze/tafexpr/stackvalue/doublestackvalue.go:238.2,238.158 1 0
github.com/gclkaze/tafexpr/stackvalue/doublestackvalue.go:241.165,243.21 2 0
github.com/gclkaze/tafexpr/stackvalue/doublestackvalue.go:244.30,245.3 1 0
github.com/gclkaze/tafexpr/stackvalue/doublestackvalue.go:245.3,247.11 2 0
github.com/gclkaze/tafexpr/stackvalue/doublestackvalue.go:247.11,249.5 1 0
github.com/gclkaze/tafexpr/stackvalue/doublestackvalue.go:250.4,251.18 2 0
github.com/gclkaze/tafexpr/stackvalue/doublestackvalue.go:251.18,253.5 1 0
github.com/gclkaze/tafexpr/stackvalue/doublestackvalue.go:254.4,254.20 1 0
github.com/gclkaze/tafexpr/stackvalue/doublestackvalue.go:254.20,256.5 1 0
github.com/gclkaze/tafexpr/stackvalue/doublestackvalue.go:257.4,257.23 1 0
github.com/gclkaze/tafexpr/stackvalue/doublestackvalue.go:259.26,261.10 2 0
github.com/gclkaze/tafexpr/stackvalue/doublestackvalue.go:261.10,263.4 1 0
github.com/gclkaze/tafexpr/stackvalue/doublestackvalue.go:264.3,265.23 2 0
github.com/gclkaze/tafexpr/stackvalue/doublestackvalue.go:265.23,267.4 1 0
github.com/gclkaze/tafexpr/stackvalue/doublestackvalue.go:268.3,268.107 1 0
github.com/gclkaze/tafexpr/stackvalue/doublestackvalue.go:269.25,271.10 2 0
github.com/gclkaze/tafexpr/stackvalue/doublestackvalue.go:271.10,273.4 1 0
github.com/gclkaze/tafexpr/stackvalue/doublestackvalue.go:274.3,275.26 2 0
github.com/gclkaze/tafexpr/stackvalue/doublestackvalue.go:275.26,277.4 1 0
github.com/gclkaze/tafexpr/stackvalue/doublestackvalue.go:278.3,278.101 1 0
github.com/gclkaze/tafexpr/stackvalue/doublestackvalue.go:279.23,281.10 2 0
github.com/gclkaze/tafexpr/stackvalue/doublestackvalue.go:281.10,283.4 1 0
github.com/gclkaze/tafexpr/stackvalue/doublestackvalue.go:284.3,284.24 1 0
github.com/gclkaze/tafexpr/stackvalue/doublestackvalue.go:284.24,286.4 1 0
github.com/gclkaze/tafexpr/stackvalue/doublestackvalue.go:287.3,287.84 1 0
github.com/gclkaze/tafexpr/stackvalue/doublestackvalue.go:288.23,290.10 2 0
github.com/gclkaze/tafexpr/stackvalue/doublestackvalue.go:290.10,292.4 1 0
github.com/gclkaze/tafexpr/stackvalue/doublestackvalue.go:294.3,294.96 1 0
github.com/gclkaze/tafexpr/stackvalue/doublestackvalue.go:296.2,296.158 1 0
github.com/gclkaze/tafexpr/stackvalue/doublestackvalue.go:298.165,300.21 2 0
github.com/gclkaze/tafexpr/stackvalue/doublestackvalue.go:301.30,302.3 1 0
github.com/gclkaze/tafexpr/stackvalue/doublestackvalue.go:302.3,304.11 2 0
github.com/gclkaze/tafexpr/stackvalue/doublestackvalue.go:304.11,306.5 1 0
github.com/gclkaze/tafexpr/stackvalue/doublestackvalue.go:307.4,308.18 2 0
github.com/gclkaze/tafexpr/stackvalue/doublestackvalue.go:308.18,310.5 1 0
github.com/gclkaze/tafexpr/stackvalue/doublestackvalue.go:311.4,311.20 1 0
github.com/gclkaze/tafexpr/stackvalue/doublestackvalue.go:311.20,313.5 1 0
github.com/gclkaze/tafexpr/stackvalue/doublestackvalue.go:314.4,314.23 1 0
github.com/gclkaze/tafexpr/stackvalue/doublestackvalue.go:316.26,318.10 2 0
github.com/gclkaze/tafexpr/stackvalue/doublestackvalue.go:318.10,320.4 1 0
github.com/gclkaze/tafexpr/stackvalue/doublestackvalue.go:321.3,322.23 2 0
github.com/gclkaze/tafexpr/stackvalue/doublestackvalue.go:322.23,324.4 1 0
github.com/gclkaze/tafexpr/stackvalue/doublestackvalue.go:325.3,325.99 1 0
github.com/gclkaze/tafexpr/stackvalue/doublestackvalue.go:326.25,328.10 2 0
github.com/gclkaze/tafexpr/stackvalue/doublestackvalue.go:328.10,330.4 1 0
github.com/gclkaze/tafexpr/stackvalue/doublestackvalue.go:331.3,332.23 2 0
github.com/gclkaze/tafexpr/stackvalue/doublestackvalue.go:332.23,334.4 1 0
github.com/gclkaze/tafexpr/stackvalue/doublestackvalue.go:335.3,335.109 1 0
github.com/gclkaze/tafexpr/stackvalue/doublestackvalue.go:336.23,338.10 2 0
github.com/gclkaze/tafexpr/stackvalue/doublestackvalue.go:338.10,340.4 1 0
github.com/gclkaze/tafexpr/stackvalue/doublestackvalue.go:341.3,341.24 1 0
github.com/gclkaze/tafexpr/stackvalue/doublestackvalue.go:341.24,343.4 1 0
github.com/gclkaze/tafexpr/stackvalue/doublestackvalue.go:344.3,344.85 1 0
github.com/gclkaze/tafexpr/stackvalue/doublestackvalue.go:345.23,347.10 2 0
github.com/gclkaze/tafexpr/stackvalue/doublestackvalue.go:347.10,349.4 1 0
github.com/gclkaze/tafexpr/stackvalue/doublestackvalue.go:351.3,351.96 1 0
github.com/gclkaze/tafexpr/stackvalue/doublestackvalue.go:353.2,353.158 1 0
github.com/gclkaze/tafexpr/stackvalue/doublestackvaluelog.go:11.171,13.21 2 0
github.com/gclkaze/tafexpr/stackvalue/doublestackvaluelog.go:14.30,15.3 1 0
github.com/gclkaze/tafexpr/stackvalue/doublestackvaluelog.go:15.3,17.11 2 0
github.com/gclkaze/tafexpr/stackvalue/doublestackvaluelog.go:17.11,19.5 1 0
github.com/gclkaze/tafexpr/stackvalue/doublestackvaluelog.go:20.4,21.18 2 0
github.com/gclkaze/tafexpr/stackvalue/doublestackvaluelog.go:21.18,23.5 1 0
github.com/gclkaze/tafexpr/stackvalue/doublestackvaluelog.go:24.4,24.20 1 0
github.com/gclkaze/tafexpr/stackvalue/doublestackvaluelog.go:24.20,26.5 1 0
github.com/gclkaze/tafexpr/stackvalue/doublestackvaluelog.go:27.4,27.30 1 0
github.com/gclkaze/tafexpr/stackvalue/doublestackvaluelog.go:29.26,31.10 2 0
github.com/gclkaze/tafexpr/stackvalue/doublestackvaluelog.go:31.10,33.4 1 0
github.com/gclkaze/tafexpr/stackvalue/doublestackvaluelog.go:34.3,34.109 1 0
github.com/gclkaze/tafexpr/stackvalue/doublestackvaluelog.go:35.25,37.10 2 0
github.com/gclkaze/tafexpr/stackvalue/doublestackvaluelog.go:37.10,39.4 1 0
github.com/gclkaze/tafexpr/stackvalue/doublestackvaluelog.go:40.3,40.103 1 0
github.com/gclkaze/tafexpr/stackvalue/doublestackvaluelog.go:41.23,43.10 2 0
github.com/gclkaze/tafexpr/stackvalue/doublestackvaluelog.go:43.10,45.4 1 0
github.com/gclkaze/tafexpr/stackvalue/doublestackvaluelog.go:46.3,47.23 2 0
github.com/gclkaze/tafexpr/stackvalue/doublestackvaluelog.go:47.23,49.4 1 0
github.com/gclkaze/tafexpr/stackvalue/doublestackvaluelog.go:50.3,50.98 1 0
github.com/gclkaze/tafexpr/stackvalue/doublestackvaluelog.go:51.23,53.10 2 0
github.com/gclkaze/tafexpr/stackvalue/doublestackvaluelog.go:53.10,55.4 1 0
github.com/gclkaze/tafexpr/stackvalue/doublestackvaluelog.go:57.3,57.86 1 0
github.com/gclkaze/tafexpr/stackvalue/doublestackvaluelog.go:59.2,59.166 1 0
github.com/gclkaze/tafexpr/stackvalue/doublestackvaluelog.go:62.176,64.21 2 0
github.com/gclkaze/tafexpr/stackvalue/doublestackvaluelog.go:65.30,66.3 1 0
github.com/gclkaze/tafexpr/stackvalue/doublestackvaluelog.go:66.3,68.11 2 0
github.com/gclkaze/tafexpr/stackvalue/doublestackvaluelog.go:68.11,70.5 1 0
github.com/gclkaze/tafexpr/stackvalue/doublestackvaluelog.go:71.4,72.18 2 0
github.com/gclkaze/tafexpr/stackvalue/doublestackvaluelog.go:72.18,74.5 1 0
github.com/gclkaze/tafexpr/stackvalue/doublestackvaluelog.go:75.4,75.20 1 0
github.com/gclkaze/tafexpr/stackvalue/doublestackvaluelog.go:75.20,77.5 1 0
github.com/gclkaze/tafexpr/stackvalue/doublestackvaluelog.go:78.4,78.35 1 0
github.com/gclkaze/tafexpr/stackvalue/doublestackvaluelog.go:80.26,82.10 2 0
github.com/gclkaze/tafexpr/stackvalue/doublestackvaluelog.go:82.10,84.4 1 0
github.com/gclkaze/tafexpr/stackvalue/doublestackvaluelog.go:85.3,85.106 1 0
github.com/gclkaze/tafexpr/stackvalue/doublestackvaluelog.go:86.25,88.10 2 0
github.com/gclkaze/tafexpr/stackvalue/doublestackvaluelog.go:88.10,90.4 1 0
github.com/gclkaze/tafexpr/stackvalue/doublestackvaluelog.go:91.3,91.106 1 0
github.com/gclkaze/tafexpr/stackvalue/doublestackvaluelog.go:92.23,94.10 2 0
github.com/gclkaze/tafexpr/stackvalue/doublestackvaluelog.go:94.10,96.4 1 0
github.com/gclkaze/tafexpr/stackvalue/doublestackvaluelog.go:97.3,98.23 2 0
github.com/gclkaze/tafexpr/stackvalue/doublestackvaluelog.go:98.23,100.4 1 0
github.com/gclkaze/tafexpr/stackvalue/doublestackvaluelog.go:101.3,101.99 1 0
github.com/gclkaze/tafexpr/stackvalue/doublestackvaluelog.go:102.23,104.10 2 0
github.com/gclkaze/tafexpr/stackvalue/doublestackvaluelog.go:104.10,106.4 1 0
github.com/gclkaze/tafexpr/stackvalue/doublestackvaluelog.go:108.3,108.87 1 0
github.com/gclkaze/tafexpr/stackvalue/doublestackvaluelog.go:110.2,110.172 1 0
github.com/gclkaze/tafexpr/stackvalue/doublestackvaluelog.go:113.166,115.21 2 0
github.com/gclkaze/tafexpr/stackvalue/doublestackvaluelog.go:116.30,117.3 1 0
github.com/gclkaze/tafexpr/stackvalue/doublestackvaluelog.go:117.3,119.11 2 0
github.com/gclkaze/tafexpr/stackvalue/doublestackvaluelog.go:119.11,121.5 1 0
github.com/gclkaze/tafexpr/stackvalue/doublestackvaluelog.go:122.4,123.18 2 0
github.com/gclkaze/tafexpr/stackvalue/doublestackvaluelog.go:123.18,125.5 1 0
github.com/gclkaze/tafexpr/stackvalue/doublestackvaluelog.go:126.4,126.20 1 0
github.com/gclkaze/tafexpr/stackvalue/doublestackvaluelog.go:126.20,128.5 1 0
github.com/gclkaze/tafexpr/stackvalue/doublestackvaluelog.go:129.4,129.25 1 0
github.com/gclkaze/tafexpr/stackvalue/doublestackvaluelog.go:131.26,133.10 2 0
github.com/gclkaze/tafexpr/stackvalue/doublestackvaluelog.go:133.10,135.4 1 0
github.com/gclkaze/tafexpr/stackvalue/doublestackvaluelog.go:136.3,136.110 1 0
github.com/gclkaze/tafexpr/stackvalue/doublestackvaluelog.go:137.25,139.10 2 0
github.com/gclkaze/tafexpr/stackvalue/doublestackvaluelog.go:139.10,141.4 1 0
github.com/gclkaze/tafexpr/stackvalue/doublestackvaluelog.go:142.3,142.106 1 0
github.com/gclkaze/tafexpr/stackvalue/doublestackvaluelog.go:143.23,145.10 2 0
github.com/gclkaze/tafexpr/stackvalue/doublestackvaluelog.go:145.10,147.4 1 0
github.com/gclkaze/tafexpr/stackvalue/doublestackvaluelog.go:148.3,149.23 2 0
github.com/gclkaze/tafexpr/stackvalue/doublestackvaluelog.go:149.23,151.4 1 0
github.com/gclkaze/tafexpr/stackvalue/doublestackvaluelog.go:152.3,152.99 1 0
github.com/gclkaze/tafexpr/stackvalue/doublestackvaluelog.go:153.23,155.10 2 0
github.com/gclkaze/tafexpr/stackvalue/doublestackvaluelog.go:155.10,157.4 1 0
github.com/gclkaze/tafexpr/stackvalue/doublestackvaluelog.go:159.3,159.87 1 0
github.com/gclkaze/tafexpr/stackvalue/doublestackvaluelog.go:161.2,161.163 1 0
github.com/gclkaze/tafexpr/stackvalue/doublestackvaluelog.go:164.168,166.21 2 0
github.com/gclkaze/tafexpr/stackvalue/doublestackvaluelog.go:167.30,168.3 1 0
github.com/gclkaze/tafexpr/stackvalue/doublestackvaluelog.go:168.3,170.11 2 0
github.com/gclkaze/tafexpr/stackvalue/doublestackvaluelog.go:170.11,172.5 1 0
github.com/gclkaze/tafexpr/stackvalue/doublestackvaluelog.go:173.4,174.18 2 0
github.com/gclkaze/tafexpr/stackvalue/doublestackvaluelog.go:174.18,176.5 1 0
github.com/gclkaze/tafexpr/stackvalue/doublestackvaluelog.go:177.4,177.20 1 0
github.com/gclkaze/tafexpr/stackvalue/doublestackvaluelog.go:177.20,179.5 1 0
github.com/gclkaze/tafexpr/stackvalue/doublestackvaluelog.go:180.4,180.27 1 0
github.com/gclkaze/tafexpr/stackvalue/doublestackvaluelog.go:182.25,183.133 1 0
github.com/gclkaze/tafexpr/stackvalue/doublestackvaluelog.go:184.26,186.10 2 0
github.com/gclkaze/tafexpr/stackvalue/doublestackvaluelog.go:186.10,188.4 1 0
github.com/gclkaze/tafexpr/stackvalue/doublestackvaluelog.go:189.3,189.110 1 0
github.com/gclkaze/tafexpr/stackvalue/doublestackvaluelog.go:190.25,192.10 2 0
github.com/gclkaze/tafexpr/stackvalue/doublestackvaluelog.go:192.10,194.4 1 0
github.com/gclkaze/tafexpr/stackvalue/doublestackvaluelog.go:195.3,195.106 1 0
github.com/gclkaze/tafexpr/stackvalue/doublestackvaluelog.go:196.23,198.10 2 0
github.com/gclkaze/tafexpr/stackvalue/doublestackvaluelog.go:198.10,200.4 1 0
github.com/gclkaze/tafexpr/stackvalue/doublestackvaluelog.go:201.3,202.23 2 0
github.com/gclkaze/tafexpr/stackvalue/doublestackvaluelog.go:202.23,204.4 1 0
github.com/gclkaze/tafexpr/stackvalue/doublestackvaluelog.go:205.3,205.99 1 0
github.com/gclkaze/tafexpr/stackvalue/doublestackvaluelog.go:206.23,208.10 2 0
github.com/gclkaze/tafexpr/stackvalue/doublestackvaluelog.go:208.10,210.4 1 0
github.com/gclkaze/tafexpr/stackvalue/doublestackvaluelog.go:212.3,212.87 1 0
github.com/gclkaze/tafexpr/stackvalue/doublestackvaluelog.go:214.2,214.165 1 0
github.com/gclkaze/tafexpr/stackvalue/doublestackvaluelog.go:217.172,219.21 2 0
github.com/gclkaze/tafexpr/stackvalue/doublestackvaluelog.go:220.30,221.3 1 0
github.com/gclkaze/tafexpr/stackvalue/doublestackvaluelog.go:221.3,223.11 2 0
github.com/gclkaze/tafexpr/stackvalue/doublestackvaluelog.go:223.11,225.5 1 0
github.com/gclkaze/tafexpr/stackvalue/doublestackvaluelog.go:226.4,227.18 2 0
github.com/gclkaze/tafexpr/stackvalue/doublestackvaluelog.go:227.18,229.5 1 0
github.com/gclkaze/tafexpr/stackvalue/doublestackvaluelog.go:230.4,230.20 1 0
github.com/gclkaze/tafexpr/stackvalue/doublestackvaluelog.go:230.20,232.5 1 0
github.com/gclkaze/tafexpr/stackvalue/doublestackvaluelog.go:233.4,233.31 1 0
github.com/gclkaze/tafexpr/stackvalue/doublestackvaluelog.go:235.26,237.10 2 0
github.com/gclkaze/tafexpr/stackvalue/doublestackvaluelog.go:237.10,239.4 1 0
github.com/gclkaze/tafexpr/stackvalue/doublestackvaluelog.go:240.3,240.109 1 0
github.com/gclkaze/tafexpr/stackvalue/doublestackvaluelog.go:241.25,243.10 2 0
github.com/gclkaze/tafexpr/stackvalue/doublestackvaluelog.go:243.10,245.4 1 0
github.com/gclkaze/tafexpr/stackvalue/doublestackvaluelog.go:246.3,246.103 1 0
github.com/gclkaze/tafexpr/stackvalue/doublestackvaluelog.go:247.23,249.10 2 0
github.com/gclkaze/tafexpr/stackvalue/doublestackvaluelog.go:249.10,251.4 1 0
github.com/gclkaze/tafexpr/stackvalue/doublestackvaluelog.go:252.3,253.23 2 0
github.com/gclkaze/tafexpr/stackvalue/doublestackvaluelog.go:253.23,255.4 1 0
github.com/gclkaze/tafexpr/stackvalue/doublestackvaluelog.go:256.3,256.98 1 0
github.com/gclkaze/tafexpr/stackvalue/doublestackvaluelog.go:257.23,259.10 2 0
github.com/gclkaze/tafexpr/stackvalue/doublestackvaluelog.go:259.10,261.4 1 0
github.com/gclkaze/tafexpr/stackvalue/doublestackvaluelog.go:263.3,263.86 1 0
github.com/gclkaze/tafexpr/stackvalue/doublestackvaluelog.go:265.2,265.167 1 0
github.com/gclkaze/tafexpr/stackvalue/doublestackvaluelog.go:268.177,270.21 2 0
github.com/gclkaze/tafexpr/stackvalue/doublestackvaluelog.go:271.30,272.3 1 0
github.com/gclkaze/tafexpr/stackvalue/doublestackvaluelog.go:272.3,274.11 2 0
github.com/gclkaze/tafexpr/stackvalue/doublestackvaluelog.go:274.11,276.5 1 0
github.com/gclkaze/tafexpr/stackvalue/doublestackvaluelog.go:277.4,278.18 2 0
github.com/gclkaze/tafexpr/stackvalue/doublestackvaluelog.go:278.18,280.5 1 0
github.com/gclkaze/tafexpr/stackvalue/doublestackvaluelog.go:281.4,281.20 1 0
github.com/gclkaze/tafexpr/stackvalue/doublestackvaluelog.go:281.20,283.5 1 0
github.com/gclkaze/tafexpr/stackvalue/doublestackvaluelog.go:284.4,284.36 1 0
github.com/gclkaze/tafexpr/stackvalue/doublestackvaluelog.go:286.26,288.10 2 0
github.com/gclkaze/tafexpr/stackvalue/doublestackvaluelog.go:288.10,290.4 1 0
github.com/gclkaze/tafexpr/stackvalue/doublestackvaluelog.go:291.3,291.110 1 0
github.com/gclkaze/tafexpr/stackvalue/doublestackvaluelog.go:292.25,294.10 2 0
github.com/gclkaze/tafexpr/stackvalue/doublestackvaluelog.go:294.10,296.4 1 0
github.com/gclkaze/tafexpr/stackvalue/doublestackvaluelog.go:297.3,297.104 1 0
github.com/gclkaze/tafexpr/stackvalue/doublestackvaluelog.go:298.23,300.10 2 0
github.com/gclkaze/tafexpr/stackvalue/doublestackvaluelog.go:300.10,302.4 1 0
github.com/gclkaze/tafexpr/stackvalue/doublestackvaluelog.go:303.3,304.23 2 0
github.com/gclkaze/tafexpr/stackvalue/doublestackvaluelog.go:304.23,306.4 1 0
github.com/gclkaze/tafexpr/stackvalue/doublestackvaluelog.go:307.3,307.99 1 0
github.com/gclkaze/tafexpr/stackvalue/doublestackvaluelog.go:308.23,310.10 2 0
github.com/gclkaze/tafexpr/stackvalue/doublestackvaluelog.go:310.10,312.4 1 0
github.com/gclkaze/tafexpr/stackvalue/doublestackvaluelog.go:314.3,314.87 1 0
github.com/gclkaze/tafexpr/stackvalue/doublestackvaluelog.go:316.2,316.173 1 0
github.com/gclkaze/tafexpr/stackvalue/doublestackvaluelog.go:318.164,319.18 1 0
github.com/gclkaze/tafexpr/stackvalue/doublestackvaluelog.go:319.18,321.3 1 0
github.com/gclkaze/tafexpr/stackvalue/doublestackvaluelog.go:322.2,323.21 2 0
github.com/gclkaze/tafexpr/stackvalue/doublestackvaluelog.go:324.25,326.10 2 0
github.com/gclkaze/tafexpr/stackvalue/doublestackvaluelog.go:326.10,328.4 1 0
github.com/gclkaze/tafexpr/stackvalue/doublestackvaluelog.go:329.3,329.108 1 0
github.com/gclkaze/tafexpr/stackvalue/doublestackvaluelog.go:330.26,332.10 2 0
github.com/gclkaze/tafexpr/stackvalue/doublestackvaluelog.go:332.10,334.4 1 0
github.com/gclkaze/tafexpr/stackvalue/doublestackvaluelog.go:335.3,335.102 1 0
github.com/gclkaze/tafexpr/stackvalue/doublestackvaluelog.go:336.25,338.10 2 0
github.com/gclkaze/tafexpr/stackvalue/doublestackvaluelog.go:338.10,340.4 1 0
github.com/gclkaze/tafexpr/stackvalue/doublestackvaluelog.go:341.3,341.105 1 0
github.com/gclkaze/tafexpr/stackvalue/doublestackvaluelog.go:342.23,344.10 2 0
github.com/gclkaze/tafexpr/stackvalue/doublestackvaluelog.go:344.10,346.4 1 0
github.com/gclkaze/tafexpr/stackvalue/doublestackvaluelog.go:348.3,348.99 1 0
github.com/gclkaze/tafexpr/stackvalue/doublestackvaluelog.go:349.23,351.10 2 0
github.com/gclkaze/tafexpr/stackvalue/doublestackvaluelog.go:351.10,353.4 1 0
github.com/gclkaze/tafexpr/stackvalue/doublestackvaluelog.go:355.3,355.76 1 0
github.com/gclkaze/tafexpr/stackvalue/doublestackvaluelog.go:356.29,358.10 2 0
github.com/gclkaze/tafexpr/stackvalue/doublestackvaluelog.go:358.10,360.4 1 0
github.com/gclkaze/tafexpr/stackvalue/doublestackvaluelog.go:361.3,361.98 1 0
github.com/gclkaze/tafexpr/stackvalue/doublestackvaluelog.go:362.30,364.10 2 0
github.com/gclkaze/tafexpr/stackvalue/doublestackvaluelog.go:364.10,366.4 1 0
github.com/gclkaze/tafexpr/stackvalue/doublestackvaluelog.go:367.3,367.96 1 0
github.com/gclkaze/tafexpr/stackvalue/doublestackvaluelog.go:369.2,369.158 1 0
github.com/gclkaze/tafexpr/stackvalue/doublestackvaluelog.go:372.163,375.18 3 0
github.com/gclkaze/tafexpr/stackvalue/doublestackvaluelog.go:375.18,377.3 1 0
github.com/gclkaze/tafexpr/stackvalue/doublestackvaluelog.go:378.2,378.21 1 0
github.com/gclkaze/tafexpr/stackvalue/doublestackvaluelog.go:379.25,381.10 2 0
github.com/gclkaze/tafexpr/stackvalue/doublestackvaluelog.go:381.10,383.4 1 0
github.com/gclkaze/tafexpr/stackvalue/doublestackvaluelog.go:384.3,384.108 1 0
github.com/gclkaze/tafexpr/stackvalue/doublestackvaluelog.go:385.26,387.10 2 0
github.com/gclkaze/tafexpr/stackvalue/doublestackvaluelog.go:387.10,389.4 1 0
github.com/gclkaze/tafexpr/stackvalue/doublestackvaluelog.go:390.3,390.102 1 0
github.com/gclkaze/tafexpr/stackvalue/doublestackvaluelog.go:391.25,393.10 2 0
github.com/gclkaze/tafexpr/stackvalue/doublestackvaluelog.go:393.10,395.4 1 0
github.com/gclkaze/tafexpr/stackvalue/doublestackvaluelog.go:396.3,396.105 1 0
github.com/gclkaze/tafexpr/stackvalue/doublestackvaluelog.go:397.23,399.10 2 0
github.com/gclkaze/tafexpr/stackvalue/doublestackvaluelog.go:399.10,401.4 1 0
github.com/gclkaze/tafexpr/stackvalue/doublestackvaluelog.go:403.3,403.99 1 0
github.com/gclkaze/tafexpr/stackvalue/doublestackvaluelog.go:404.23,406.10 2 0
github.com/gclkaze/tafexpr/stackvalue/doublestackvaluelog.go:406.10,408.4 1 0
github.com/gclkaze/tafexpr/stackvalue/doublestackvaluelog.go:409.3,409.84 1 0
github.com/gclkaze/tafexpr/stackvalue/doublestackvaluelog.go:410.29,412.10 2 0
github.com/gclkaze/tafexpr/stackvalue/doublestackvaluelog.go:412.10,414.4 1 0
github.com/gclkaze/tafexpr/stackvalue/doublestackvaluelog.go:415.3,415.98 1 0
github.com/gclkaze/tafexpr/stackvalue/doublestackvaluelog.go:416.30,418.10 2 0
github.com/gclkaze/tafexpr/stackvalue/doublestackvaluelog.go:418.10,420.4 1 0
github.com/gclkaze/tafexpr/stackvalue/doublestackvaluelog.go:421.3,421.96 1 0
github.com/gclkaze/tafexpr/stackvalue/doublestackvaluelog.go:424.2,424.157 1 0
github.com/gclkaze/tafexpr/stackvalue/doublestackvaluelog.go:427.141,428.18 1 0
github.com/gclkaze/tafexpr/stackvalue/doublestackvaluelog.go:428.18,430.3 1 0
github.com/gclkaze/tafexpr/stackvalue/doublestackvaluelog.go:431.2,431.75 1 0
github.com/gclkaze/tafexpr/stackvalue/intstackvalue.go:18.53,20.2 1 0
github.com/gclkaze/tafexpr/stackvalue/intstackvalue.go:22.66,24.2 1 0
github.com/gclkaze/tafexpr/stackvalue/intstackvalue.go:26.67,28.2 1 0
github.com/gclkaze/tafexpr/stackvalue/intstackvalue.go:30.65,32.2 1 0
github.com/gclkaze/tafexpr/stackvalue/intstackvalue.go:34.48,36.2 1 0
github.com/gclkaze/tafexpr/stackvalue/intstackvalue.go:38.64,40.2 1 0
github.com/gclkaze/tafexpr/stackvalue/intstackvalue.go:42.46,44.2 1 0
github.com/gclkaze/tafexpr/stackvalue/intstackvalue.go:46.43,48.2 1 0
github.com/gclkaze/tafexpr/stackvalue/intstackvalue.go:50.61,52.2 1 0
github.com/gclkaze/tafexpr/stackvalue/intstackvalue.go:54.44,56.2 1 0
github.com/gclkaze/tafexpr/stackvalue/intstackvalue.go:58.44,60.2 1 0
github.com/gclkaze/tafexpr/stackvalue/intstackvalue.go:62.53,65.2 2 0
github.com/gclkaze/tafexpr/stackvalue/intstackvalue.go:67.69,68.43 1 0
github.com/gclkaze/tafexpr/stackvalue/intstackvalue.go:68.43,69.48 1 0
github.com/gclkaze/tafexpr/stackvalue/intstackvalue.go:69.48,71.59 2 0
github.com/gclkaze/tafexpr/stackvalue/intstackvalue.go:71.59,74.5 2 0
github.com/gclkaze/tafexpr/stackvalue/intstackvalue.go:74.10,77.5 2 0
github.com/gclkaze/tafexpr/stackvalue/intstackvalue.go:79.3,79.15 1 0
github.com/gclkaze/tafexpr/stackvalue/intstackvalue.go:81.2,82.9 2 0
github.com/gclkaze/tafexpr/stackvalue/intstackvalue.go:82.9,84.3 1 0
github.com/gclkaze/tafexpr/stackvalue/intstackvalue.go:85.2,85.30 1 0
github.com/gclkaze/tafexpr/stackvalue/intstackvalue.go:88.57,90.2 1 0
github.com/gclkaze/tafexpr/stackvalue/intstackvalue.go:92.166,94.21 2 0
github.com/gclkaze/tafexpr/stackvalue/intstackvalue.go:95.30,96.3 1 0
github.com/gclkaze/tafexpr/stackvalue/intstackvalue.go:96.3,98.11 2 0
github.com/gclkaze/tafexpr/stackvalue/intstackvalue.go:98.11,100.5 1 0
github.com/gclkaze/tafexpr/stackvalue/intstackvalue.go:101.4,102.18 2 0
github.com/gclkaze/tafexpr/stackvalue/intstackvalue.go:102.18,104.5 1 0
github.com/gclkaze/tafexpr/stackvalue/intstackvalue.go:105.4,105.20 1 0
github.com/gclkaze/tafexpr/stackvalue/intstackvalue.go:105.20,107.5 1 0
github.com/gclkaze/tafexpr/stackvalue/intstackvalue.go:108.4,108.23 1 0
github.com/gclkaze/tafexpr/stackvalue/intstackvalue.go:110.26,112.10 2 0
github.com/gclkaze/tafexpr/stackvalue/intstackvalue.go:112.10,114.4 1 0
github.com/gclkaze/tafexpr/stackvalue/intstackvalue.go:115.3,115.100 1 0
github.com/gclkaze/tafexpr/stackvalue/intstackvalue.go:116.25,118.10 2 0
github.com/gclkaze/tafexpr/stackvalue/intstackvalue.go:118.10,120.4 1 0
github.com/gclkaze/tafexpr/stackvalue/intstackvalue.go:121.3,121.113 1 0
github.com/gclkaze/tafexpr/stackvalue/intstackvalue.go:122.23,124.10 2 0
github.com/gclkaze/tafexpr/stackvalue/intstackvalue.go:124.10,126.4 1 0
github.com/gclkaze/tafexpr/stackvalue/intstackvalue.go:127.3,127.23 1 0
github.com/gclkaze/tafexpr/stackvalue/intstackvalue.go:127.23,129.4 1 0
github.com/gclkaze/tafexpr/stackvalue/intstackvalue.go:130.3,130.82 1 0
github.com/gclkaze/tafexpr/stackvalue/intstackvalue.go:131.23,133.10 2 0
github.com/gclkaze/tafexpr/stackvalue/intstackvalue.go:133.10,135.4 1 0
github.com/gclkaze/tafexpr/stackvalue/intstackvalue.go:137.3,137.82 1 0
github.com/gclkaze/tafexpr/stackvalue/intstackvalue.go:139.2,139.160 1 0
github.com/gclkaze/tafexpr/stackvalue/intstackvalue.go:141.166,143.21 2 0
github.com/gclkaze/tafexpr/stackvalue/intstackvalue.go:144.30,145.3 1 0
github.com/gclkaze/tafexpr/stackvalue/intstackvalue.go:145.3,147.11 2 0
github.com/gclkaze/tafexpr/stackvalue/intstackvalue.go:147.11,149.5 1 0
github.com/gclkaze/tafexpr/stackvalue/intstackvalue.go:150.4,151.18 2 0
github.com/gclkaze/tafexpr/stackvalue/intstackvalue.go:151.18,153.5 1 0
github.com/gclkaze/tafexpr/stackvalue/intstackvalue.go:154.4,154.20 1 0
github.com/gclkaze/tafexpr/stackvalue/intstackvalue.go:154.20,156.5 1 0
github.com/gclkaze/tafexpr/stackvalue/intstackvalue.go:157.4,157.23 1 0
github.com/gclkaze/tafexpr/stackvalue/intstackvalue.go:159.26,161.10 2 0
github.com/gclkaze/tafexpr/stackvalue/intstackvalue.go:161.10,163.4 1 0
github.com/gclkaze/tafexpr/stackvalue/intstackvalue.go:164.3,164.100 1 0
github.com/gclkaze/tafexpr/stackvalue/intstackvalue.go:165.25,167.10 2 0
github.com/gclkaze/tafexpr/stackvalue/intstackvalue.go:167.10,169.4 1 0
github.com/gclkaze/tafexpr/stackvalue/intstackvalue.go:170.3,170.111 1 0
github.com/gclkaze/tafexpr/stackvalue/intstackvalue.go:171.23,173.10 2 0
github.com/gclkaze/tafexpr/stackvalue/intstackvalue.go:173.10,175.4 1 0
github.com/gclkaze/tafexpr/stackvalue/intstackvalue.go:176.3,176.23 1 0
github.com/gclkaze/tafexpr/stackvalue/intstackvalue.go:176.23,178.4 1 0
github.com/gclkaze/tafexpr/stackvalue/intstackvalue.go:179.3,179.82 1 0
github.com/gclkaze/tafexpr/stackvalue/intstackvalue.go:180.23,182.10 2 0
github.com/gclkaze/tafexpr/stackvalue/intstackvalue.go:182.10,184.4 1 0
github.com/gclkaze/tafexpr/stackvalue/intstackvalue.go:186.3,186.82 1 0
github.com/gclkaze/tafexpr/stackvalue/intstackvalue.go:188.2,188.160 1 0
github.com/gclkaze/tafexpr/stackvalue/intstackvalue.go:190.166,192.21 2 0
github.com/gclkaze/tafexpr/stackvalue/intstackvalue.go:193.30,194.3 1 0
github.com/gclkaze/tafexpr/stackvalue/intstackvalue.go:194.3,196.11 2 0
github.com/gclkaze/tafexpr/stackvalue/intstackvalue.go:196.11,198.5 1 0
github.com/gclkaze/tafexpr/stackvalue/intstackvalue.go:199.4,200.18 2 0
github.com/gclkaze/tafexpr/stackvalue/intstackvalue.go:200.18,202.5 1 0
github.com/gclkaze/tafexpr/stackvalue/intstackvalue.go:203.4,203.20 1 0
github.com/gclkaze/tafexpr/stackvalue/intstackvalue.go:203.20,205.5 1 0
github.com/gclkaze/tafexpr/stackvalue/intstackvalue.go:206.4,206.23 1 0
github.com/gclkaze/tafexpr/stackvalue/intstackvalue.go:209.26,211.10 2 0
github.com/gclkaze/tafexpr/stackvalue/intstackvalue.go:211.10,213.4 1 0
github.com/gclkaze/tafexpr/stackvalue/intstackvalue.go:214.3,214.100 1 0
github.com/gclkaze/tafexpr/stackvalue/intstackvalue.go:215.25,217.10 2 0
github.com/gclkaze/tafexpr/stackvalue/intstackvalue.go:217.10,219.4 1 0
github.com/gclkaze/tafexpr/stackvalue/intstackvalue.go:220.3,220.111 1 0
github.com/gclkaze/tafexpr/stackvalue/intstackvalue.go:221.23,223.10 2 0
github.com/gclkaze/tafexpr/stackvalue/intstackvalue.go:223.10,225.4 1 0
github.com/gclkaze/tafexpr/stackvalue/intstackvalue.go:226.3,226.24 1 0
github.com/gclkaze/tafexpr/stackvalue/intstackvalue.go:226.24,228.4 1 0
github.com/gclkaze/tafexpr/stackvalue/intstackvalue.go:229.3,229.82 1 0
github.com/gclkaze/tafexpr/stackvalue/intstackvalue.go:230.23,232.10 2 0
github.com/gclkaze/tafexpr/stackvalue/intstackvalue.go:232.10,234.4 1 0
github.com/gclkaze/tafexpr/stackvalue/intstackvalue.go:236.3,236.75 1 0
github.com/gclkaze/tafexpr/stackvalue/intstackvalue.go:238.2,238.160 1 0
github.com/gclkaze/tafexpr/stackvalue/intstackvalue.go:240.166,242.21 2 0
github.com/gclkaze/tafexpr/stackvalue/intstackvalue.go:243.30,244.3 1 0
github.com/gclkaze/tafexpr/stackvalue/intstackvalue.go:244.3,246.11 2 0
github.com/gclkaze/tafexpr/stackvalue/intstackvalue.go:246.11,248.5 1 0
github.com/gclkaze/tafexpr/stackvalue/intstackvalue.go:249.4,250.18 2 0
github.com/gclkaze/tafexpr/stackvalue/intstackvalue.go:250.18,252.5 1 0
github.com/gclkaze/tafexpr/stackvalue/intstackvalue.go:253.4,253.20 1 0
github.com/gclkaze/tafexpr/stackvalue/intstackvalue.go:253.20,255.5 1 0
github.com/gclkaze/tafexpr/stackvalue/intstackvalue.go:256.4,256.23 1 0
github.com/gclkaze/tafexpr/stackvalue/intstackvalue.go:258.26,260.10 2 0
github.com/gclkaze/tafexpr/stackvalue/intstackvalue.go:260.10,262.4 1 0
github.com/gclkaze/tafexpr/stackvalue/intstackvalue.go:263.3,264.23 2 0
github.com/gclkaze/tafexpr/stackvalue/intstackvalue.go:264.23,266.4 1 0
github.com/gclkaze/tafexpr/stackvalue/intstackvalue.go:267.3,267.96 1 0
github.com/gclkaze/tafexpr/stackvalue/intstackvalue.go:268.25,270.10 2 0
github.com/gclkaze/tafexpr/stackvalue/intstackvalue.go:270.10,272.4 1 0
github.com/gclkaze/tafexpr/stackvalue/intstackvalue.go:273.3,274.23 2 0
github.com/gclkaze/tafexpr/stackvalue/intstackvalue.go:274.23,276.4 1 0
github.com/gclkaze/tafexpr/stackvalue/intstackvalue.go:277.3,277.104 1 0
github.com/gclkaze/tafexpr/stackvalue/intstackvalue.go:278.23,280.10 2 0
github.com/gclkaze/tafexpr/stackvalue/intstackvalue.go:280.10,282.4 1 0
github.com/gclkaze/tafexpr/stackvalue/intstackvalue.go:283.3,283.24 1 0
github.com/gclkaze/tafexpr/stackvalue/intstackvalue.go:283.24,285.4 1 0
github.com/gclkaze/tafexpr/stackvalue/intstackvalue.go:286.3,286.82 1 0
github.com/gclkaze/tafexpr/stackvalue/intstackvalue.go:287.23,289.10 2 0
github.com/gclkaze/tafexpr/stackvalue/intstackvalue.go:289.10,291.4 1 0
github.com/gclkaze/tafexpr/stackvalue/intstackvalue.go:293.3,293.96 1 0
github.com/gclkaze/tafexpr/stackvalue/intstackvalue.go:295.2,295.160 1 0
github.com/gclkaze/tafexpr/stackvalue/intstackvalue.go:298.166,300.21 2 0
github.com/gclkaze/tafexpr/stackvalue/intstackvalue.go:301.30,302.3 1 0
github.com/gclkaze/tafexpr/stackvalue/intstackvalue.go:302.3,304.11 2 0
github.com/gclkaze/tafexpr/stackvalue/intstackvalue.go:304.11,306.5 1 0
github.com/gclkaze/tafexpr/stackvalue/intstackvalue.go:307.4,308.18 2 0
github.com/gclkaze/tafexpr/stackvalue/intstackvalue.go:308.18,310.5 1 0
github.com/gclkaze/tafexpr/stackvalue/intstackvalue.go:311.4,311.20 1 0
github.com/gclkaze/tafexpr/stackvalue/intstackvalue.go:311.20,313.5 1 0
github.com/gclkaze/tafexpr/stackvalue/intstackvalue.go:314.4,314.23 1 0
github.com/gclkaze/tafexpr/stackvalue/intstackvalue.go:316.26,318.10 2 0
github.com/gclkaze/tafexpr/stackvalue/intstackvalue.go:318.10,320.4 1 0
github.com/gclkaze/tafexpr/stackvalue/intstackvalue.go:321.3,322.23 2 0
github.com/gclkaze/tafexpr/stackvalue/intstackvalue.go:322.23,324.4 1 0
github.com/gclkaze/tafexpr/stackvalue/intstackvalue.go:325.3,325.96 1 0
github.com/gclkaze/tafexpr/stackvalue/intstackvalue.go:326.25,328.10 2 0
github.com/gclkaze/tafexpr/stackvalue/intstackvalue.go:328.10,330.4 1 0
github.com/gclkaze/tafexpr/stackvalue/intstackvalue.go:331.3,332.23 2 0
github.com/gclkaze/tafexpr/stackvalue/intstackvalue.go:332.23,334.4 1 0
github.com/gclkaze/tafexpr/stackvalue/intstackvalue.go:335.3,335.106 1 0
github.com/gclkaze/tafexpr/stackvalue/intstackvalue.go:336.23,338.10 2 0
github.com/gclkaze/tafexpr/stackvalue/intstackvalue.go:338.10,340.4 1 0
github.com/gclkaze/tafexpr/stackvalue/intstackvalue.go:341.3,341.24 1 0
github.com/gclkaze/tafexpr/stackvalue/intstackvalue.go:341.24,343.4 1 0
github.com/gclkaze/tafexpr/stackvalue/intstackvalue.go:344.3,344.82 1 0
github.com/gclkaze/tafexpr/stackvalue/intstackvalue.go:345.23,347.10 2 0
github.com/gclkaze/tafexpr/stackvalue/intstackvalue.go:347.10,349.4 1 0
github.com/gclkaze/tafexpr/stackvalue/intstackvalue.go:351.3,351.96 1 0
github.com/gclkaze/tafexpr/stackvalue/intstackvalue.go:353.2,353.160 1 0
github.com/gclkaze/tafexpr/stackvalue/intstackvaluelog.go:12.172,14.21 2 0
github.com/gclkaze/tafexpr/stackvalue/intstackvaluelog.go:15.30,16.3 1 0
github.com/gclkaze/tafexpr/stackvalue/intstackvaluelog.go:16.3,18.11 2 0
github.com/gclkaze/tafexpr/stackvalue/intstackvaluelog.go:18.11,20.5 1 0
github.com/gclkaze/tafexpr/stackvalue/intstackvaluelog.go:21.4,22.18 2 0
github.com/gclkaze/tafexpr/stackvalue/intstackvaluelog.go:22.18,24.5 1 0
github.com/gclkaze/tafexpr/stackvalue/intstackvaluelog.go:25.4,25.20 1 0
github.com/gclkaze/tafexpr/stackvalue/intstackvaluelog.go:25.20,27.5 1 0
github.com/gclkaze/tafexpr/stackvalue/intstackvaluelog.go:28.4,28.30 1 0
github.com/gclkaze/tafexpr/stackvalue/intstackvaluelog.go:30.26,32.10 2 0
github.com/gclkaze/tafexpr/stackvalue/intstackvaluelog.go:32.10,34.4 1 0
github.com/gclkaze/tafexpr/stackvalue/intstackvaluelog.go:35.3,35.97 1 0
github.com/gclkaze/tafexpr/stackvalue/intstackvaluelog.go:36.25,38.10 2 0
github.com/gclkaze/tafexpr/stackvalue/intstackvaluelog.go:38.10,40.4 1 0
github.com/gclkaze/tafexpr/stackvalue/intstackvaluelog.go:41.3,41.105 1 0
github.com/gclkaze/tafexpr/stackvalue/intstackvaluelog.go:42.23,44.10 2 0
github.com/gclkaze/tafexpr/stackvalue/intstackvaluelog.go:44.10,46.4 1 0
github.com/gclkaze/tafexpr/stackvalue/intstackvaluelog.go:47.3,48.23 2 0
github.com/gclkaze/tafexpr/stackvalue/intstackvaluelog.go:48.23,50.4 1 0
github.com/gclkaze/tafexpr/stackvalue/intstackvaluelog.go:51.3,51.90 1 0
github.com/gclkaze/tafexpr/stackvalue/intstackvaluelog.go:52.23,54.10 2 0
github.com/gclkaze/tafexpr/stackvalue/intstackvaluelog.go:54.10,56.4 1 0
github.com/gclkaze/tafexpr/stackvalue/intstackvaluelog.go:58.3,58.83 1 0
github.com/gclkaze/tafexpr/stackvalue/intstackvaluelog.go:60.2,60.168 1 0
github.com/gclkaze/tafexpr/stackvalue/intstackvaluelog.go:63.177,65.21 2 0
github.com/gclkaze/tafexpr/stackvalue/intstackvaluelog.go:66.30,67.3 1 0
github.com/gclkaze/tafexpr/stackvalue/intstackvaluelog.go:67.3,69.11 2 0
github.com/gclkaze/tafexpr/stackvalue/intstackvaluelog.go:69.11,71.5 1 0
github.com/gclkaze/tafexpr/stackvalue/intstackvaluelog.go:72.4,73.18 2 0
github.com/gclkaze/tafexpr/stackvalue/intstackvaluelog.go:73.18,75.5 1 0
github.com/gclkaze/tafexpr/stackvalue/intstackvaluelog.go:76.4,76.20 1 0
github.com/gclkaze/tafexpr/stackvalue/intstackvaluelog.go:76.20,78.5 1 0
github.com/gclkaze/tafexpr/stackvalue/intstackvaluelog.go:79.4,79.35 1 0
github.com/gclkaze/tafexpr/stackvalue/intstackvaluelog.go:81.26,83.10 2 0
github.com/gclkaze/tafexpr/stackvalue/intstackvaluelog.go:83.10,85.4 1 0
github.com/gclkaze/tafexpr/stackvalue/intstackvaluelog.go:86.3,86.98 1 0
github.com/gclkaze/tafexpr/stackvalue/intstackvaluelog.go:87.25,89.10 2 0
github.com/gclkaze/tafexpr/stackvalue/intstackvaluelog.go:89.10,91.4 1 0
github.com/gclkaze/tafexpr/stackvalue/intstackvaluelog.go:92.3,92.106 1 0
github.com/gclkaze/tafexpr/stackvalue/intstackvaluelog.go:93.23,95.10 2 0
github.com/gclkaze/tafexpr/stackvalue/intstackvaluelog.go:95.10,97.4 1 0
github.com/gclkaze/tafexpr/stackvalue/intstackvaluelog.go:98.3,99.23 2 0
github.com/gclkaze/tafexpr/stackvalue/intstackvaluelog.go:99.23,101.4 1 0
github.com/gclkaze/tafexpr/stackvalue/intstackvaluelog.go:102.3,102.91 1 0
github.com/gclkaze/tafexpr/stackvalue/intstackvaluelog.go:103.23,105.10 2 0
github.com/gclkaze/tafexpr/stackvalue/intstackvaluelog.go:105.10,107.4 1 0
github.com/gclkaze/tafexpr/stackvalue/intstackvaluelog.go:109.3,109.84 1 0
github.com/gclkaze/tafexpr/stackvalue/intstackvaluelog.go:111.2,111.174 1 0
github.com/gclkaze/tafexpr/stackvalue/intstackvaluelog.go:114.167,116.21 2 0
github.com/gclkaze/tafexpr/stackvalue/intstackvaluelog.go:117.30,118.3 1 0
github.com/gclkaze/tafexpr/stackvalue/intstackvaluelog.go:118.3,120.11 2 0
github.com/gclkaze/tafexpr/stackvalue/intstackvaluelog.go:120.11,122.5 1 0
github.com/gclkaze/tafexpr/stackvalue/intstackvaluelog.go:123.4,124.18 2 0
github.com/gclkaze/tafexpr/stackvalue/intstackvaluelog.go:124.18,126.5 1 0
github.com/gclkaze/tafexpr/stackvalue/intstackvaluelog.go:127.4,127.20 1 0
github.com/gclkaze/tafexpr/stackvalue/intstackvaluelog.go:127.20,129.5 1 0
github.com/gclkaze/tafexpr/stackvalue/intstackvaluelog.go:130.4,130.25 1 0
github.com/gclkaze/tafexpr/stackvalue/intstackvaluelog.go:132.26,134.10 2 0
github.com/gclkaze/tafexpr/stackvalue/intstackvaluelog.go:134.10,136.4 1 0
github.com/gclkaze/tafexpr/stackvalue/intstackvaluelog.go:137.3,137.98 1 0
github.com/gclkaze/tafexpr/stackvalue/intstackvaluelog.go:138.25,140.10 2 0
github.com/gclkaze/tafexpr/stackvalue/intstackvaluelog.go:140.10,142.4 1 0
github.com/gclkaze/tafexpr/stackvalue/intstackvaluelog.go:143.3,143.106 1 0
github.com/gclkaze/tafexpr/stackvalue/intstackvaluelog.go:144.23,146.10 2 0
github.com/gclkaze/tafexpr/stackvalue/intstackvaluelog.go:146.10,148.4 1 0
github.com/gclkaze/tafexpr/stackvalue/intstackvaluelog.go:149.3,150.23 2 0
github.com/gclkaze/tafexpr/stackvalue/intstackvaluelog.go:150.23,152.4 1 0
github.com/gclkaze/tafexpr/stackvalue/intstackvaluelog.go:153.3,153.91 1 0
github.com/gclkaze/tafexpr/stackvalue/intstackvaluelog.go:154.23,156.10 2 0
github.com/gclkaze/tafexpr/stackvalue/intstackvaluelog.go:156.10,158.4 1 0
github.com/gclkaze/tafexpr/stackvalue/intstackvaluelog.go:160.3,160.84 1 0
github.com/gclkaze/tafexpr/stackvalue/intstackvaluelog.go:162.2,162.165 1 0
github.com/gclkaze/tafexpr/stackvalue/intstackvaluelog.go:165.169,167.21 2 0
github.com/gclkaze/tafexpr/stackvalue/intstackvaluelog.go:168.30,169.3 1 0
github.com/gclkaze/tafexpr/stackvalue/intstackvaluelog.go:169.3,171.11 2 0
github.com/gclkaze/tafexpr/stackvalue/intstackvaluelog.go:171.11,173.5 1 0
github.com/gclkaze/tafexpr/stackvalue/intstackvaluelog.go:174.4,175.18 2 0
github.com/gclkaze/tafexpr/stackvalue/intstackvaluelog.go:175.18,177.5 1 0
github.com/gclkaze/tafexpr/stackvalue/intstackvaluelog.go:178.4,178.20 1 0
github.com/gclkaze/tafexpr/stackvalue/intstackvaluelog.go:178.20,180.5 1 0
github.com/gclkaze/tafexpr/stackvalue/intstackvaluelog.go:181.4,181.27 1 0
github.com/gclkaze/tafexpr/stackvalue/intstackvaluelog.go:183.26,185.10 2 0
github.com/gclkaze/tafexpr/stackvalue/intstackvaluelog.go:185.10,187.4 1 0
github.com/gclkaze/tafexpr/stackvalue/intstackvaluelog.go:188.3,188.98 1 0
github.com/gclkaze/tafexpr/stackvalue/intstackvaluelog.go:189.25,191.10 2 0
github.com/gclkaze/tafexpr/stackvalue/intstackvaluelog.go:191.10,193.4 1 0
github.com/gclkaze/tafexpr/stackvalue/intstackvaluelog.go:194.3,194.106 1 0
github.com/gclkaze/tafexpr/stackvalue/intstackvaluelog.go:195.23,197.10 2 0
github.com/gclkaze/tafexpr/stackvalue/intstackvaluelog.go:197.10,199.4 1 0
github.com/gclkaze/tafexpr/stackvalue/intstackvaluelog.go:200.3,201.23 2 0
github.com/gclkaze/tafexpr/stackvalue/intstackvaluelog.go:201.23,203.4 1 0
github.com/gclkaze/tafexpr/stackvalue/intstackvaluelog.go:204.3,204.91 1 0
github.com/gclkaze/tafexpr/stackvalue/intstackvaluelog.go:205.23,207.10 2 0
github.com/gclkaze/tafexpr/stackvalue/intstackvaluelog.go:207.10,209.4 1 0
github.com/gclkaze/tafexpr/stackvalue/intstackvaluelog.go:211.3,211.84 1 0
github.com/gclkaze/tafexpr/stackvalue/intstackvaluelog.go:213.2,213.167 1 0
github.com/gclkaze/tafexpr/stackvalue/intstackvaluelog.go:216.173,218.21 2 0
github.com/gclkaze/tafexpr/stackvalue/intstackvaluelog.go:219.30,220.3 1 0
github.com/gclkaze/tafexpr/stackvalue/intstackvaluelog.go:220.3,222.11 2 0
github.com/gclkaze/tafexpr/stackvalue/intstackvaluelog.go:222.11,224.5 1 0
github.com/gclkaze/tafexpr/stackvalue/intstackvaluelog.go:225.4,226.18 2 0
github.com/gclkaze/tafexpr/stackvalue/intstackvaluelog.go:226.18,228.5 1 0
github.com/gclkaze/tafexpr/stackvalue/intstackvaluelog.go:229.4,229.20 1 0
github.com/gclkaze/tafexpr/stackvalue/intstackvaluelog.go:229.20,231.5 1 0
github.com/gclkaze/tafexpr/stackvalue/intstackvaluelog.go:232.4,232.31 1 0
github.com/gclkaze/tafexpr/stackvalue/intstackvaluelog.go:234.26,236.10 2 0
github.com/gclkaze/tafexpr/stackvalue/intstackvaluelog.go:236.10,238.4 1 0
github.com/gclkaze/tafexpr/stackvalue/intstackvaluelog.go:239.3,239.97 1 0
github.com/gclkaze/tafexpr/stackvalue/intstackvaluelog.go:240.25,242.10 2 0
github.com/gclkaze/tafexpr/stackvalue/intstackvaluelog.go:242.10,244.4 1 0
github.com/gclkaze/tafexpr/stackvalue/intstackvaluelog.go:245.3,245.105 1 0
github.com/gclkaze/tafexpr/stackvalue/intstackvaluelog.go:246.23,248.10 2 0
github.com/gclkaze/tafexpr/stackvalue/intstackvaluelog.go:248.10,250.4 1 0
github.com/gclkaze/tafexpr/stackvalue/intstackvaluelog.go:251.3,252.23 2 0
github.com/gclkaze/tafexpr/stackvalue/intstackvaluelog.go:252.23,254.4 1 0
github.com/gclkaze/tafexpr/stackvalue/intstackvaluelog.go:255.3,255.90 1 0
github.com/gclkaze/tafexpr/stackvalue/intstackvaluelog.go:256.23,258.10 2 0
github.com/gclkaze/tafexpr/stackvalue/intstackvaluelog.go:258.10,260.4 1 0
github.com/gclkaze/tafexpr/stackvalue/intstackvaluelog.go:262.3,262.83 1 0
github.com/gclkaze/tafexpr/stackvalue/intstackvaluelog.go:264.2,264.169 1 0
github.com/gclkaze/tafexpr/stackvalue/intstackvaluelog.go:267.178,269.21 2 0
github.com/gclkaze/tafexpr/stackvalue/intstackvaluelog.go:270.30,271.3 1 0
github.com/gclkaze/tafexpr/stackvalue/intstackvaluelog.go:271.3,273.11 2 0
github.com/gclkaze/tafexpr/stackvalue/intstackvaluelog.go:273.11,275.5 1 0
github.com/gclkaze/tafexpr/stackvalue/intstackvaluelog.go:276.4,277.18 2 0
github.com/gclkaze/tafexpr/stackvalue/intstackvaluelog.go:277.18,279.5 1 0
github.com/gclkaze/tafexpr/stackvalue/intstackvaluelog.go:280.4,280.20 1 0
github.com/gclkaze/tafexpr/stackvalue/intstackvaluelog.go:280.20,282.5 1 0
github.com/gclkaze/tafexpr/stackvalue/intstackvaluelog.go:283.4,283.36 1 0
github.com/gclkaze/tafexpr/stackvalue/intstackvaluelog.go:285.26,287.10 2 0
github.com/gclkaze/tafexpr/stackvalue/intstackvaluelog.go:287.10,289.4 1 0
github.com/gclkaze/tafexpr/stackvalue/intstackvaluelog.go:290.3,290.98 1 0
github.com/gclkaze/tafexpr/stackvalue/intstackvaluelog.go:291.25,293.10 2 0
github.com/gclkaze/tafexpr/stackvalue/intstackvaluelog.go:293.10,295.4 1 0
github.com/gclkaze/tafexpr/stackvalue/intstackvaluelog.go:296.3,296.106 1 0
github.com/gclkaze/tafexpr/stackvalue/intstackvaluelog.go:297.23,299.10 2 0
github.com/gclkaze/tafexpr/stackvalue/intstackvaluelog.go:299.10,301.4 1 0
github.com/gclkaze/tafexpr/stackvalue/intstackvaluelog.go:302.3,303.23 2 0
github.com/gclkaze/tafexpr/stackvalue/intstackvaluelog.go:303.23,305.4 1 0
github.com/gclkaze/tafexpr/stackvalue/intstackvaluelog.go:306.3,306.91 1 0
github.com/gclkaze/tafexpr/stackvalue/intstackvaluelog.go:307.23,309.10 2 0
github.com/gclkaze/tafexpr/stackvalue/intstackvaluelog.go:309.10,311.4 1 0
github.com/gclkaze/tafexpr/stackvalue/intstackvaluelog.go:313.3,313.84 1 0
github.com/gclkaze/tafexpr/stackvalue/intstackvaluelog.go:315.2,315.175 1 0
github.com/gclkaze/tafexpr/stackvalue/intstackvaluelog.go:318.165,319.18 1 0
github.com/gclkaze/tafexpr/stackvalue/intstackvaluelog.go:319.18,321.3 1 0
github.com/gclkaze/tafexpr/stackvalue/intstackvaluelog.go:322.2,323.21 2 0
[...]
github.com/gclkaze/tafexpr/stackvalue/referencestackvalue.go:124.66,126.2 1 0
github.com/gclkaze/tafexpr/stackvalue/referencestackvalue.go:127.171,130.2 2 0
github.com/gclkaze/tafexpr/stackvalue/referencestackvalue.go:131.171,134.2 2 0
github.com/gclkaze/tafexpr/stackvalue/referencestackvalue.go:135.171,138.2 2 0
github.com/gclkaze/tafexpr/stackvalue/referencestackvalue.go:139.171,142.2 2 0
github.com/gclkaze/tafexpr/stackvalue/referencestackvalue.go:143.171,146.2 2 0
github.com/gclkaze/tafexpr/stackvalue/referencestackvaluelog.go:12.174,15.2 2 0
github.com/gclkaze/tafexpr/stackvalue/referencestackvaluelog.go:17.179,20.2 2 0
github.com/gclkaze/tafexpr/stackvalue/referencestackvaluelog.go:22.169,25.13 3 0
github.com/gclkaze/tafexpr/stackvalue/referencestackvaluelog.go:25.13,27.3 1 0
github.com/gclkaze/tafexpr/stackvalue/referencestackvaluelog.go:30.2,31.9 2 0
github.com/gclkaze/tafexpr/stackvalue/referencestackvaluelog.go:31.9,33.3 1 0
github.com/gclkaze/tafexpr/stackvalue/referencestackvaluelog.go:34.2,35.9 2 0
github.com/gclkaze/tafexpr/stackvalue/referencestackvaluelog.go:35.9,37.3 1 0
github.com/gclkaze/tafexpr/stackvalue/referencestackvaluelog.go:39.2,39.93 1 0
github.com/gclkaze/tafexpr/stackvalue/referencestackvaluelog.go:42.171,44.14 2 0
github.com/gclkaze/tafexpr/stackvalue/referencestackvaluelog.go:44.14,46.3 1 0
github.com/gclkaze/tafexpr/stackvalue/referencestackvaluelog.go:47.2,48.49 2 0
github.com/gclkaze/tafexpr/stackvalue/referencestackvaluelog.go:51.175,54.2 2 0
github.com/gclkaze/tafexpr/stackvalue/referencestackvaluelog.go:56.180,59.2 2 0
github.com/gclkaze/tafexpr/stackvalue/referencestackvaluelog.go:61.167,63.2 1 0
github.com/gclkaze/tafexpr/stackvalue/referencestackvaluelog.go:64.166,66.2 1 0
github.com/gclkaze/tafexpr/stackvalue/referencestackvaluelog.go:67.144,69.2 1 0
github.com/gclkaze/tafexpr/stackvalue/stringstackvalue.go:20.54,22.2 1 0
github.com/gclkaze/tafexpr/stackvalue/stringstackvalue.go:24.63,26.2 1 0
github.com/gclkaze/tafexpr/stackvalue/stringstackvalue.go:28.60,30.2 1 0
github.com/gclkaze/tafexpr/stackvalue/stringstackvalue.go:32.43,34.2 1 0
github.com/gclkaze/tafexpr/stackvalue/stringstackvalue.go:36.45,38.2 1 0
github.com/gclkaze/tafexpr/stackvalue/stringstackvalue.go:39.56,41.2 1 0
github.com/gclkaze/tafexpr/stackvalue/stringstackvalue.go:43.47,44.19 1 0
github.com/gclkaze/tafexpr/stackvalue/stringstackvalue.go:44.19,46.3 1 0
github.com/gclkaze/tafexpr/stackvalue/stringstackvalue.go:47.2,48.12 2 0
github.com/gclkaze/tafexpr/stackvalue/stringstackvalue.go:51.45,53.2 1 0
github.com/gclkaze/tafexpr/stackvalue/stringstackvalue.go:54.65,57.2 2 0
github.com/gclkaze/tafexpr/stackvalue/stringstackvalue.go:59.66,62.2 2 0
github.com/gclkaze/tafexpr/stackvalue/stringstackvalue.go:64.64,66.2 1 0
github.com/gclkaze/tafexpr/stackvalue/stringstackvalue.go:68.43,70.2 1 0
github.com/gclkaze/tafexpr/stackvalue/stringstackvalue.go:71.52,73.2 1 0
github.com/gclkaze/tafexpr/stackvalue/stringstackvalue.go:74.68,75.42 1 0
github.com/gclkaze/tafexpr/stackvalue/stringstackvalue.go:75.42,76.48 1 0
github.com/gclkaze/tafexpr/stackvalue/stringstackvalue.go:76.48,78.59 2 0
github.com/gclkaze/tafexpr/stackvalue/stringstackvalue.go:78.59,81.5 2 0
github.com/gclkaze/tafexpr/stackvalue/stringstackvalue.go:81.10,84.5 2 0
github.com/gclkaze/tafexpr/stackvalue/stringstackvalue.go:86.3,86.15 1 0
github.com/gclkaze/tafexpr/stackvalue/stringstackvalue.go:88.2,89.9 2 0
github.com/gclkaze/tafexpr/stackvalue/stringstackvalue.go:89.9,91.3 1 0
github.com/gclkaze/tafexpr/stackvalue/stringstackvalue.go:92.2,92.30 1 0
github.com/gclkaze/tafexpr/stackvalue/stringstackvalue.go:95.168,97.2 1 0
github.com/gclkaze/tafexpr/stackvalue/stringstackvalue.go:98.168,100.2 1 0
github.com/gclkaze/tafexpr/stackvalue/stringstackvalue.go:101.168,103.2 1 0
github.com/gclkaze/tafexpr/stackvalue/stringstackvalue.go:104.168,106.2 1 0
github.com/gclkaze/tafexpr/stackvalue/stringstackvalue.go:107.168,109.2 1 0
github.com/gclkaze/tafexpr/stackvalue/stringstackvaluelog.go:13.172,15.11 2 0
github.com/gclkaze/tafexpr/stackvalue/stringstackvaluelog.go:16.30,17.3 1 0
github.com/gclkaze/tafexpr/stackvalue/stringstackvaluelog.go:17.3,19.11 2 0
github.com/gclkaze/tafexpr/stackvalue/stringstackvaluelog.go:19.11,21.5 1 0
github.com/gclkaze/tafexpr/stackvalue/stringstackvaluelog.go:22.4,23.18 2 0
github.com/gclkaze/tafexpr/stackvalue/stringstackvaluelog.go:23.18,25.5 1 0
github.com/gclkaze/tafexpr/stackvalue/stringstackvaluelog.go:26.4,26.20 1 0
github.com/gclkaze/tafexpr/stackvalue/stringstackvaluelog.go:26.20,28.5 1 0
github.com/gclkaze/tafexpr/stackvalue/stringstackvaluelog.go:29.4,29.31 1 0
github.com/gclkaze/tafexpr/stackvalue/stringstackvaluelog.go:31.25,32.3 1 0
github.com/gclkaze/tafexpr/stackvalue/stringstackvaluelog.go:32.3,34.11 2 0
github.com/gclkaze/tafexpr/stackvalue/stringstackvaluelog.go:34.11,36.5 1 0
github.com/gclkaze/tafexpr/stackvalue/stringstackvaluelog.go:37.4,37.115 1 0
github.com/gclkaze/tafexpr/stackvalue/stringstackvaluelog.go:39.23,40.3 1 0
github.com/gclkaze/tafexpr/stackvalue/stringstackvaluelog.go:40.3,42.11 2 0
github.com/gclkaze/tafexpr/stackvalue/stringstackvaluelog.go:42.11,44.5 1 0
github.com/gclkaze/tafexpr/stackvalue/stringstackvaluelog.go:45.4,45.105 1 0
github.com/gclkaze/tafexpr/stackvalue/stringstackvaluelog.go:50.2,50.166 1 0
github.com/gclkaze/tafexpr/stackvalue/stringstackvaluelog.go:52.177,54.11 2 0
github.com/gclkaze/tafexpr/stackvalue/stringstackvaluelog.go:55.30,56.3 1 0
github.com/gclkaze/tafexpr/stackvalue/stringstackvaluelog.go:56.3,58.11 2 0
github.com/gclkaze/tafexpr/stackvalue/stringstackvaluelog.go:58.11,60.5 1 0
github.com/gclkaze/tafexpr/stackvalue/stringstackvaluelog.go:61.4,62.18 2 0
github.com/gclkaze/tafexpr/stackvalue/stringstackvaluelog.go:62.18,64.5 1 0
github.com/gclkaze/tafexpr/stackvalue/stringstackvaluelog.go:65.4,65.20 1 0
github.com/gclkaze/tafexpr/stackvalue/stringstackvaluelog.go:65.20,67.5 1 0
github.com/gclkaze/tafexpr/stackvalue/stringstackvaluelog.go:68.4,68.36 1 0
github.com/gclkaze/tafexpr/stackvalue/stringstackvaluelog.go:71.25,72.3 1 0
github.com/gclkaze/tafexpr/stackvalue/stringstackvaluelog.go:72.3,74.11 2 0
github.com/gclkaze/tafexpr/stackvalue/stringstackvaluelog.go:74.11,76.5 1 0
github.com/gclkaze/tafexpr/stackvalue/stringstackvaluelog.go:77.4,77.116 1 0
github.com/gclkaze/tafexpr/stackvalue/stringstackvaluelog.go:79.23,80.3 1 0
github.com/gclkaze/tafexpr/stackvalue/stringstackvaluelog.go:80.3,82.11 2 0
github.com/gclkaze/tafexpr/stackvalue/stringstackvaluelog.go:82.11,84.5 1 0
github.com/gclkaze/tafexpr/stackvalue/stringstackvaluelog.go:85.4,85.106 1 0
github.com/gclkaze/tafexpr/stackvalue/stringstackvaluelog.go:90.2,90.172 1 0
github.com/gclkaze/tafexpr/stackvalue/stringstackvaluelog.go:92.167,94.11 2 0
github.com/gclkaze/tafexpr/stackvalue/stringstackvaluelog.go:95.30,96.3 1 0
github.com/gclkaze/tafexpr/stackvalue/stringstackvaluelog.go:96.3,98.11 2 0
github.com/gclkaze/tafexpr/stackvalue/stringstackvaluelog.go:98.11,100.5 1 0
github.com/gclkaze/tafexpr/stackvalue/stringstackvaluelog.go:101.4,102.18 2 0
github.com/gclkaze/tafexpr/stackvalue/stringstackvaluelog.go:102.18,104.5 1 0
github.com/gclkaze/tafexpr/stackvalue/stringstackvaluelog.go:105.4,105.20 1 0
github.com/gclkaze/tafexpr/stackvalue/stringstackvaluelog.go:105.20,107.5 1 0
github.com/gclkaze/tafexpr/stackvalue/stringstackvaluelog.go:108.4,108.26 1 0
github.com/gclkaze/tafexpr/stackvalue/stringstackvaluelog.go:110.25,111.3 1 0
github.com/gclkaze/tafexpr/stackvalue/stringstackvaluelog.go:111.3,113.11 2 0
github.com/gclkaze/tafexpr/stackvalue/stringstackvaluelog.go:113.11,115.5 1 0
github.com/gclkaze/tafexpr/stackvalue/stringstackvaluelog.go:116.4,116.116 1 0
github.com/gclkaze/tafexpr/stackvalue/stringstackvaluelog.go:118.23,119.3 1 0
github.com/gclkaze/tafexpr/stackvalue/stringstackvaluelog.go:119.3,121.11 2 0
github.com/gclkaze/tafexpr/stackvalue/stringstackvaluelog.go:121.11,123.5 1 0
github.com/gclkaze/tafexpr/stackvalue/stringstackvaluelog.go:124.4,124.106 1 0
github.com/gclkaze/tafexpr/stackvalue/stringstackvaluelog.go:128.2,128.163 1 0
github.com/gclkaze/tafexpr/stackvalue/stringstackvaluelog.go:131.169,133.11 2 0
github.com/gclkaze/tafexpr/stackvalue/stringstackvaluelog.go:134.30,135.3 1 0
github.com/gclkaze/tafexpr/stackvalue/stringstackvaluelog.go:135.3,137.11 2 0
github.com/gclkaze/tafexpr/stackvalue/stringstackvaluelog.go:137.11,139.5 1 0
github.com/gclkaze/tafexpr/stackvalue/stringstackvaluelog.go:140.4,141.18 2 0
github.com/gclkaze/tafexpr/stackvalue/stringstackvaluelog.go:141.18,143.5 1 0
github.com/gclkaze/tafexpr/stackvalue/stringstackvaluelog.go:144.4,144.20 1 0
github.com/gclkaze/tafexpr/stackvalue/stringstackvaluelog.go:144.20,146.5 1 0
github.com/gclkaze/tafexpr/stackvalue/stringstackvaluelog.go:147.4,147.28 1 0
github.com/gclkaze/tafexpr/stackvalue/stringstackvaluelog.go:150.25,151.3 1 0
github.com/gclkaze/tafexpr/stackvalue/stringstackvaluelog.go:151.3,153.11 2 0
github.com/gclkaze/tafexpr/stackvalue/stringstackvaluelog.go:153.11,155.5 1 0
github.com/gclkaze/tafexpr/stackvalue/stringstackvaluelog.go:156.4,156.116 1 0
github.com/gclkaze/tafexpr/stackvalue/stringstackvaluelog.go:158.23,159.3 1 0
github.com/gclkaze/tafexpr/stackvalue/stringstackvaluelog.go:159.3,161.11 2 0
github.com/gclkaze/tafexpr/stackvalue/stringstackvaluelog.go:161.11,163.5 1 0
github.com/gclkaze/tafexpr/stackvalue/stringstackvaluelog.go:164.4,164.106 1 0
github.com/gclkaze/tafexpr/stackvalue/stringstackvaluelog.go:169.2,169.165 1 0
github.com/gclkaze/tafexpr/stackvalue/stringstackvaluelog.go:172.173,174.11 2 0
github.com/gclkaze/tafexpr/stackvalue/stringstackvaluelog.go:175.30,176.3 1 0
github.com/gclkaze/tafexpr/stackvalue/stringstackvaluelog.go:176.3,178.11 2 0
github.com/gclkaze/tafexpr/stackvalue/stringstackvaluelog.go:178.11,180.5 1 0
github.com/gclkaze/tafexpr/stackvalue/stringstackvaluelog.go:181.4,182.18 2 0
github.com/gclkaze/tafexpr/stackvalue/stringstackvaluelog.go:182.18,184.5 1 0
github.com/gclkaze/tafexpr/stackvalue/stringstackvaluelog.go:185.4,185.20 1 0
github.com/gclkaze/tafexpr/stackvalue/stringstackvaluelog.go:185.20,187.5 1 0
github.com/gclkaze/tafexpr/stackvalue/stringstackvaluelog.go:188.4,188.32 1 0
github.com/gclkaze/tafexpr/stackvalue/stringstackvaluelog.go:190.25,191.3 1 0
github.com/gclkaze/tafexpr/stackvalue/stringstackvaluelog.go:191.3,193.11 2 0
github.com/gclkaze/tafexpr/stackvalue/stringstackvaluelog.go:193.11,195.5 1 0
github.com/gclkaze/tafexpr/stackvalue/stringstackvaluelog.go:196.4,196.115 1 0
github.com/gclkaze/tafexpr/stackvalue/stringstackvaluelog.go:198.23,199.3 1 0
github.com/gclkaze/tafexpr/stackvalue/stringstackvaluelog.go:199.3,201.11 2 0
github.com/gclkaze/tafexpr/stackvalue/stringstackvaluelog.go:201.11,203.5 1 0
github.com/gclkaze/tafexpr/stackvalue/stringstackvaluelog.go:204.4,204.105 1 0
github.com/gclkaze/tafexpr/stackvalue/stringstackvaluelog.go:209.2,209.167 1 0
github.com/gclkaze/tafexpr/stackvalue/stringstackvaluelog.go:212.178,214.11 2 0
github.com/gclkaze/tafexpr/stackvalue/stringstackvaluelog.go:215.30,216.3 1 0
github.com/gclkaze/tafexpr/stackvalue/stringstackvaluelog.go:216.3,218.11 2 0
github.com/gclkaze/tafexpr/stackvalue/stringstackvaluelog.go:218.11,220.5 1 0
github.com/gclkaze/tafexpr/stackvalue/stringstackvaluelog.go:221.4,222.18 2 0
github.com/gclkaze/tafexpr/stackvalue/stringstackvaluelog.go:222.18,224.5 1 0
github.com/gclkaze/tafexpr/stackvalue/stringstackvaluelog.go:225.4,225.20 1 0
github.com/gclkaze/tafexpr/stackvalue/stringstackvaluelog.go:225.20,227.5 1 0
github.com/gclkaze/tafexpr/stackvalue/stringstackvaluelog.go:228.4,228.37 1 0
github.com/gclkaze/tafexpr/stackvalue/stringstackvaluelog.go:231.25,232.3 1 0
github.com/gclkaze/tafexpr/stackvalue/stringstackvaluelog.go:232.3,234.11 2 0
github.com/gclkaze/tafexpr/stackvalue/stringstackvaluelog.go:234.11,236.5 1 0
github.com/gclkaze/tafexpr/stackvalue/stringstackvaluelog.go:237.4,237.116 1 0
github.com/gclkaze/tafexpr/stackvalue/stringstackvaluelog.go:239.23,240.3 1 0
github.com/gclkaze/tafexpr/stackvalue/stringstackvaluelog.go:240.3,242.11 2 0
github.com/gclkaze/tafexpr/stackvalue/stringstackvaluelog.go:242.11,244.5 1 0
github.com/gclkaze/tafexpr/stackvalue/stringstackvaluelog.go:245.4,245.106 1 0
github.com/gclkaze/tafexpr/stackvalue/stringstackvaluelog.go:250.2,250.173 1 0
github.com/gclkaze/tafexpr/stackvalue/stringstackvaluelog.go:253.164,254.19 1 0
github.com/gclkaze/tafexpr/stackvalue/stringstackvaluelog.go:254.19,256.3 1 0
github.com/gclkaze/tafexpr/stackvalue/stringstackvaluelog.go:257.2,259.20 3 0
github.com/gclkaze/tafexpr/stackvalue/stringstackvaluelog.go:259.20,261.3 1 0
github.com/gclkaze/tafexpr/stackvalue/stringstackvaluelog.go:262.2,262.21 1 0
github.com/gclkaze/tafexpr/stackvalue/stringstackvaluelog.go:263.25,265.10 2 0
github.com/gclkaze/tafexpr/stackvalue/stringstackvaluelog.go:265.10,267.4 1 0
github.com/gclkaze/tafexpr/stackvalue/stringstackvaluelog.go:268.3,268.108 1 0
github.com/gclkaze/tafexpr/stackvalue/stringstackvaluelog.go:269.26,271.10 2 0
github.com/gclkaze/tafexpr/stackvalue/stringstackvaluelog.go:271.10,273.4 1 0
github.com/gclkaze/tafexpr/stackvalue/stringstackvaluelog.go:274.3,274.102 1 0
github.com/gclkaze/tafexpr/stackvalue/stringstackvaluelog.go:275.25,277.10 2 0
github.com/gclkaze/tafexpr/stackvalue/stringstackvaluelog.go:277.10,279.4 1 0
github.com/gclkaze/tafexpr/stackvalue/stringstackvaluelog.go:280.3,280.105 1 0
github.com/gclkaze/tafexpr/stackvalue/stringstackvaluelog.go:281.23,283.10 2 0
github.com/gclkaze/tafexpr/stackvalue/stringstackvaluelog.go:283.10,285.4 1 0
github.com/gclkaze/tafexpr/stackvalue/stringstackvaluelog.go:287.3,287.99 1 0
github.com/gclkaze/tafexpr/stackvalue/stringstackvaluelog.go:288.23,290.10 2 0
github.com/gclkaze/tafexpr/stackvalue/stringstackvaluelog.go:290.10,292.4 1 0
github.com/gclkaze/tafexpr/stackvalue/stringstackvaluelog.go:294.3,294.80 1 0
github.com/gclkaze/tafexpr/stackvalue/stringstackvaluelog.go:295.29,297.10 2 0
github.com/gclkaze/tafexpr/stackvalue/stringstackvaluelog.go:297.10,299.4 1 0
github.com/gclkaze/tafexpr/stackvalue/stringstackvaluelog.go:300.3,300.98 1 0
github.com/gclkaze/tafexpr/stackvalue/stringstackvaluelog.go:301.30,303.10 2 0
github.com/gclkaze/tafexpr/stackvalue/stringstackvaluelog.go:303.10,305.4 1 0
github.com/gclkaze/tafexpr/stackvalue/stringstackvaluelog.go:306.3,306.96 1 0
github.com/gclkaze/tafexpr/stackvalue/stringstackvaluelog.go:309.2,309.158 1 0
github.com/gclkaze/tafexpr/stackvalue/stringstackvaluelog.go:313.163,316.20 3 0
github.com/gclkaze/tafexpr/stackvalue/stringstackvaluelog.go:316.20,318.3 1 0
github.com/gclkaze/tafexpr/stackvalue/stringstackvaluelog.go:319.2,319.21 1 0
github.com/gclkaze/tafexpr/stackvalue/stringstackvaluelog.go:320.25,322.10 2 0
github.com/gclkaze/tafexpr/stackvalue/stringstackvaluelog.go:322.10,324.4 1 0
github.com/gclkaze/tafexpr/stackvalue/stringstackvaluelog.go:325.3,325.108 1 0
github.com/gclkaze/tafexpr/stackvalue/stringstackvaluelog.go:326.26,328.10 2 0
github.com/gclkaze/tafexpr/stackvalue/stringstackvaluelog.go:328.10,330.4 1 0
github.com/gclkaze/tafexpr/stackvalue/stringstackvaluelog.go:331.3,331.102 1 0
github.com/gclkaze/tafexpr/stackvalue/stringstackvaluelog.go:332.25,334.10 2 0
github.com/gclkaze/tafexpr/stackvalue/stringstackvaluelog.go:334.10,336.4 1 0
github.com/gclkaze/tafexpr/stackvalue/stringstackvaluelog.go:337.3,337.105 1 0
github.com/gclkaze/tafexpr/stackvalue/stringstackvaluelog.go:338.23,340.10 2 0
github.com/gclkaze/tafexpr/stackvalue/stringstackvaluelog.go:340.10,342.4 1 0
github.com/gclkaze/tafexpr/stackvalue/stringstackvaluelog.go:343.3,343.99 1 0
github.com/gclkaze/tafexpr/stackvalue/stringstackvaluelog.go:344.23,346.10 2 0
github.com/gclkaze/tafexpr/stackvalue/stringstackvaluelog.go:346.10,348.4 1 0
github.com/gclkaze/tafexpr/stackvalue/stringstackvaluelog.go:349.3,349.79 1 0
github.com/gclkaze/tafexpr/stackvalue/stringstackvaluelog.go:350.29,352.10 2 0
github.com/gclkaze/tafexpr/stackvalue/stringstackvaluelog.go:352.10,354.4 1 0
github.com/gclkaze/tafexpr/stackvalue/stringstackvaluelog.go:355.3,355.98 1 0
github.com/gclkaze/tafexpr/stackvalue/stringstackvaluelog.go:356.30,358.10 2 0
github.com/gclkaze/tafexpr/stackvalue/stringstackvaluelog.go:358.10,360.4 1 0
github.com/gclkaze/tafexpr/stackvalue/stringstackvaluelog.go:361.3,361.96 1 0
github.com/gclkaze/tafexpr/stackvalue/stringstackvaluelog.go:364.2,364.157 1 0
github.com/gclkaze/tafexpr/stackvalue/stringstackvaluelog.go:367.141,369.2 1 0
github.com/gclkaze/tafexpr/stackvalue/userdefinedstackvalue.go:15.67,18.2 1 0
github.com/gclkaze/tafexpr/stackvalue/userdefinedstackvalue.go:20.70,21.16 1 0
github.com/gclkaze/tafexpr/stackvalue/userdefinedstackvalue.go:21.16,23.3 1 0
github.com/gclkaze/tafexpr/stackvalue/userdefinedstackvalue.go:24.2,24.15 1 0
github.com/gclkaze/tafexpr/stackvalue/userdefinedstackvalue.go:27.52,29.2 1 0
github.com/gclkaze/tafexpr/stackvalue/userdefinedstackvalue.go:31.71,32.16 1 0
github.com/gclkaze/tafexpr/stackvalue/userdefinedstackvalue.go:32.16,34.3 1 0
github.com/gclkaze/tafexpr/stackvalue/userdefinedstackvalue.go:35.2,35.15 1 0
github.com/gclkaze/tafexpr/stackvalue/userdefinedstackvalue.go:38.69,40.2 1 0
github.com/gclkaze/tafexpr/stackvalue/userdefinedstackvalue.go:42.68,44.2 1 0
github.com/gclkaze/tafexpr/stackvalue/userdefinedstackvalue.go:46.61,48.2 1 0
github.com/gclkaze/tafexpr/stackvalue/userdefinedstackvalue.go:50.48,52.16 1 0
github.com/gclkaze/tafexpr/stackvalue/userdefinedstackvalue.go:52.16,54.3 1 0
github.com/gclkaze/tafexpr/stackvalue/userdefinedstackvalue.go:55.2,55.13 1 0
github.com/gclkaze/tafexpr/stackvalue/userdefinedstackvalue.go:63.50,65.2 1 0
github.com/gclkaze/tafexpr/stackvalue/userdefinedstackvalue.go:67.65,69.2 1 0
github.com/gclkaze/tafexpr/stackvalue/userdefinedstackvalue.go:71.48,73.2 1 0
github.com/gclkaze/tafexpr/stackvalue/userdefinedstackvalue.go:75.73,77.14 2 0
github.com/gclkaze/tafexpr/stackvalue/userdefinedstackvalue.go:77.14,79.3 1 0
github.com/gclkaze/tafexpr/stackvalue/userdefinedstackvalue.go:80.2,81.22 2 0
github.com/gclkaze/tafexpr/stackvalue/userdefinedstackvalue.go:84.57,86.2 1 0
github.com/gclkaze/tafexpr/stackvalue/userdefinedstackvalue.go:88.52,90.2 1 0
github.com/gclkaze/tafexpr/stackvalue/userdefinedstackvalue.go:91.173,94.2 2 0
github.com/gclkaze/tafexpr/stackvalue/userdefinedstackvalue.go:95.173,98.2 2 0
github.com/gclkaze/tafexpr/stackvalue/userdefinedstackvalue.go:99.173,102.2 2 0
github.com/gclkaze/tafexpr/stackvalue/userdefinedstackvalue.go:103.173,106.2 2 0
github.com/gclkaze/tafexpr/stackvalue/userdefinedstackvalue.go:107.173,110.2 2 0
github.com/gclkaze/tafexpr/stackvalue/userdefinedstackvaluelog.go:12.176,15.2 2 0
github.com/gclkaze/tafexpr/stackvalue/userdefinedstackvaluelog.go:17.181,20.2 2 0
github.com/gclkaze/tafexpr/stackvalue/userdefinedstackvaluelog.go:22.171,25.13 3 0
github.com/gclkaze/tafexpr/stackvalue/userdefinedstackvaluelog.go:25.13,27.3 1 0
github.com/gclkaze/tafexpr/stackvalue/userdefinedstackvaluelog.go:30.2,31.9 2 0
github.com/gclkaze/tafexpr/stackvalue/userdefinedstackvaluelog.go:31.9,33.3 1 0
github.com/gclkaze/tafexpr/stackvalue/userdefinedstackvaluelog.go:34.2,35.9 2 0
github.com/gclkaze/tafexpr/stackvalue/userdefinedstackvaluelog.go:35.9,37.3 1 0
github.com/gclkaze/tafexpr/stackvalue/userdefinedstackvaluelog.go:39.2,39.89 1 0
github.com/gclkaze/tafexpr/stackvalue/userdefinedstackvaluelog.go:42.173,44.14 2 0
github.com/gclkaze/tafexpr/stackvalue/userdefinedstackvaluelog.go:44.14,46.3 1 0
github.com/gclkaze/tafexpr/stackvalue/userdefinedstackvaluelog.go:47.2,48.49 2 0
github.com/gclkaze/tafexpr/stackvalue/userdefinedstackvaluelog.go:51.177,54.2 2 0
github.com/gclkaze/tafexpr/stackvalue/userdefinedstackvaluelog.go:56.182,59.2 2 0
github.com/gclkaze/tafexpr/stackvalue/userdefinedstackvaluelog.go:61.169,63.2 1 0
github.com/gclkaze/tafexpr/stackvalue/userdefinedstackvaluelog.go:64.168,66.2 1 0
github.com/gclkaze/tafexpr/stackvalue/userdefinedstackvaluelog.go:67.146,69.2 1 0
