mode: atomic
github.com/gclkaze/tafexpr/stackvalue/boolstackvalue.go:16.48,18.2 1 0
github.com/gclkaze/tafexpr/stackvalue/boolstackvalue.go:20.63,21.13 1 0
github.com/gclkaze/tafexpr/stackvalue/boolstackvalue.go:21.13,23.3 1 0
github.com/gclkaze/tafexpr/stackvalue/boolstackvalue.go:24.2,24.15 1 0
github.com/gclkaze/tafexpr/stackvalue/boolstackvalue.go:27.45,29.13 2 0
github.com/gclkaze/tafexpr/stackvalue/boolstackvalue.go:29.13,31.3 1 0
github.com/gclkaze/tafexpr/stackvalue/boolstackvalue.go:32.2,32.12 1 0
github.com/gclkaze/tafexpr/stackvalue/boolstackvalue.go:35.64,36.13 1 0
github.com/gclkaze/tafexpr/stackvalue/boolstackvalue.go:36.13,38.3 1 0
github.com/gclkaze/tafexpr/stackvalue/boolstackvalue.go:39.2,39.15 1 0
github.com/gclkaze/tafexpr/stackvalue/boolstackvalue.go:42.62,44.2 1 0
github.com/gclkaze/tafexpr/stackvalue/boolstackvalue.go:46.50,48.2 1 0
github.com/gclkaze/tafexpr/stackvalue/boolstackvalue.go:50.41,52.2 1 0
github.com/gclkaze/tafexpr/stackvalue/boolstackvalue.go:54.41,56.2 1 0
github.com/gclkaze/tafexpr/stackvalue/boolstackvalue.go:58.58,60.2 1 0
github.com/gclkaze/tafexpr/stackvalue/boolstackvalue.go:62.43,64.2 1 0
github.com/gclkaze/tafexpr/stackvalue/boolstackvalue.go:66.41,68.2 1 0
github.com/gclkaze/tafexpr/stackvalue/boolstackvalue.go:70.50,72.2 1 0
github.com/gclkaze/tafexpr/stackvalue/boolstackvalue.go:74.55,75.29 1 0
github.com/gclkaze/tafexpr/stackvalue/boolstackvalue.go:75.29,76.37 1 0
github.com/gclkaze/tafexpr/stackvalue/boolstackvalue.go:76.37,78.59 2 0
github.com/gclkaze/tafexpr/stackvalue/boolstackvalue.go:78.59,81.5 2 0
github.com/gclkaze/tafexpr/stackvalue/boolstackvalue.go:81.10,84.5 2 0
github.com/gclkaze/tafexpr/stackvalue/boolstackvalue.go:86.3,86.15 1 0
github.com/gclkaze/tafexpr/stackvalue/boolstackvalue.go:88.2,89.9 2 0
github.com/gclkaze/tafexpr/stackvalue/boolstackvalue.go:89.9,91.3 1 0
github.com/gclkaze/tafexpr/stackvalue/boolstackvalue.go:92.2,92.28 1 0
github.com/gclkaze/tafexpr/stackvalue/boolstackvalue.go:95.43,97.2 1 0
github.com/gclkaze/tafexpr/stackvalue/boolstackvalue.go:99.141,101.13 2 0
github.com/gclkaze/tafexpr/stackvalue/boolstackvalue.go:101.13,103.3 1 0
github.com/gclkaze/tafexpr/stackvalue/boolstackvalue.go:104.2,104.21 1 0
github.com/gclkaze/tafexpr/stackvalue/boolstackvalue.go:105.19,106.3 1 0
github.com/gclkaze/tafexpr/stackvalue/boolstackvalue.go:106.3,108.11 2 0
github.com/gclkaze/tafexpr/stackvalue/boolstackvalue.go:108.11,110.5 1 0
github.com/gclkaze/tafexpr/stackvalue/boolstackvalue.go:111.4,112.18 2 0
github.com/gclkaze/tafexpr/stackvalue/boolstackvalue.go:112.18,114.5 1 0
github.com/gclkaze/tafexpr/stackvalue/boolstackvalue.go:115.4,115.20 1 0
github.com/gclkaze/tafexpr/stackvalue/boolstackvalue.go:115.20,117.5 1 0
github.com/gclkaze/tafexpr/stackvalue/boolstackvalue.go:118.4,118.23 1 0
github.com/gclkaze/tafexpr/stackvalue/boolstackvalue.go:120.15,122.10 2 0
github.com/gclkaze/tafexpr/stackvalue/boolstackvalue.go:122.10,124.4 1 0
github.com/gclkaze/tafexpr/stackvalue/boolstackvalue.go:125.3,125.100 1 0
github.com/gclkaze/tafexpr/stackvalue/boolstackvalue.go:126.14,128.10 2 0
github.com/gclkaze/tafexpr/stackvalue/boolstackvalue.go:128.10,130.4 1 0
github.com/gclkaze/tafexpr/stackvalue/boolstackvalue.go:131.3,131.108 1 0
github.com/gclkaze/tafexpr/stackvalue/boolstackvalue.go:132.12,134.10 2 0
github.com/gclkaze/tafexpr/stackvalue/boolstackvalue.go:134.10,136.4 1 0
github.com/gclkaze/tafexpr/stackvalue/boolstackvalue.go:137.3,137.23 1 0
github.com/gclkaze/tafexpr/stackvalue/boolstackvalue.go:137.23,139.4 1 0
github.com/gclkaze/tafexpr/stackvalue/boolstackvalue.go:140.3,140.82 1 0
github.com/gclkaze/tafexpr/stackvalue/boolstackvalue.go:141.12,143.10 2 0
github.com/gclkaze/tafexpr/stackvalue/boolstackvalue.go:143.10,145.4 1 0
github.com/gclkaze/tafexpr/stackvalue/boolstackvalue.go:147.3,147.82 1 0
github.com/gclkaze/tafexpr/stackvalue/boolstackvalue.go:149.2,149.159 1 0
github.com/gclkaze/tafexpr/stackvalue/boolstackvalue.go:151.141,153.13 2 0
github.com/gclkaze/tafexpr/stackvalue/boolstackvalue.go:153.13,155.3 1 0
github.com/gclkaze/tafexpr/stackvalue/boolstackvalue.go:156.2,156.21 1 0
github.com/gclkaze/tafexpr/stackvalue/boolstackvalue.go:157.19,158.3 1 0
github.com/gclkaze/tafexpr/stackvalue/boolstackvalue.go:158.3,160.11 2 0
github.com/gclkaze/tafexpr/stackvalue/boolstackvalue.go:160.11,162.5 1 0
github.com/gclkaze/tafexpr/stackvalue/boolstackvalue.go:163.4,164.18 2 0
github.com/gclkaze/tafexpr/stackvalue/boolstackvalue.go:164.18,166.5 1 0
github.com/gclkaze/tafexpr/stackvalue/boolstackvalue.go:167.4,167.20 1 0
github.com/gclkaze/tafexpr/stackvalue/boolstackvalue.go:167.20,169.5 1 0
github.com/gclkaze/tafexpr/stackvalue/boolstackvalue.go:170.4,170.23 1 0
github.com/gclkaze/tafexpr/stackvalue/boolstackvalue.go:172.15,174.10 2 0
github.com/gclkaze/tafexpr/stackvalue/boolstackvalue.go:174.10,176.4 1 0
github.com/gclkaze/tafexpr/stackvalue/boolstackvalue.go:177.3,177.101 1 0
github.com/gclkaze/tafexpr/stackvalue/boolstackvalue.go:178.14,180.10 2 0
github.com/gclkaze/tafexpr/stackvalue/boolstackvalue.go:180.10,182.4 1 0
github.com/gclkaze/tafexpr/stackvalue/boolstackvalue.go:183.3,183.109 1 0
github.com/gclkaze/tafexpr/stackvalue/boolstackvalue.go:184.12,186.10 2 0
github.com/gclkaze/tafexpr/stackvalue/boolstackvalue.go:186.10,188.4 1 0
github.com/gclkaze/tafexpr/stackvalue/boolstackvalue.go:189.3,189.23 1 0
github.com/gclkaze/tafexpr/stackvalue/boolstackvalue.go:189.23,191.4 1 0
github.com/gclkaze/tafexpr/stackvalue/boolstackvalue.go:192.3,192.82 1 0
github.com/gclkaze/tafexpr/stackvalue/boolstackvalue.go:193.12,195.10 2 0
github.com/gclkaze/tafexpr/stackvalue/boolstackvalue.go:195.10,197.4 1 0
github.com/gclkaze/tafexpr/stackvalue/boolstackvalue.go:199.3,199.82 1 0
github.com/gclkaze/tafexpr/stackvalue/boolstackvalue.go:201.2,201.159 1 0
github.com/gclkaze/tafexpr/stackvalue/boolstackvalue.go:204.141,206.13 2 0
github.com/gclkaze/tafexpr/stackvalue/boolstackvalue.go:206.13,208.3 1 0
github.com/gclkaze/tafexpr/stackvalue/boolstackvalue.go:209.2,209.21 1 0
github.com/gclkaze/tafexpr/stackvalue/boolstackvalue.go:210.19,211.3 1 0
github.com/gclkaze/tafexpr/stackvalue/boolstackvalue.go:211.3,213.11 2 0
github.com/gclkaze/tafexpr/stackvalue/boolstackvalue.go:213.11,215.5 1 0
github.com/gclkaze/tafexpr/stackvalue/boolstackvalue.go:216.4,217.18 2 0
github.com/gclkaze/tafexpr/stackvalue/boolstackvalue.go:217.18,219.5 1 0
github.com/gclkaze/tafexpr/stackvalue/boolstackvalue.go:220.4,220.20 1 0
github.com/gclkaze/tafexpr/stackvalue/boolstackvalue.go:220.20,222.5 1 0
github.com/gclkaze/tafexpr/stackvalue/boolstackvalue.go:223.4,223.23 1 0
github.com/gclkaze/tafexpr/stackvalue/boolstackvalue.go:225.15,227.10 2 0
github.com/gclkaze/tafexpr/stackvalue/boolstackvalue.go:227.10,229.4 1 0
github.com/gclkaze/tafexpr/stackvalue/boolstackvalue.go:230.3,230.100 1 0
github.com/gclkaze/tafexpr/stackvalue/boolstackvalue.go:231.14,233.10 2 0
github.com/gclkaze/tafexpr/stackvalue/boolstackvalue.go:233.10,235.4 1 0
github.com/gclkaze/tafexpr/stackvalue/boolstackvalue.go:236.3,236.108 1 0
github.com/gclkaze/tafexpr/stackvalue/boolstackvalue.go:237.12,239.10 2 0
github.com/gclkaze/tafexpr/stackvalue/boolstackvalue.go:239.10,241.4 1 0
github.com/gclkaze/tafexpr/stackvalue/boolstackvalue.go:242.3,242.24 1 0
github.com/gclkaze/tafexpr/stackvalue/boolstackvalue.go:242.24,244.4 1 0
github.com/gclkaze/tafexpr/stackvalue/boolstackvalue.go:245.3,245.82 1 0
github.com/gclkaze/tafexpr/stackvalue/boolstackvalue.go:246.12,248.10 2 0
github.com/gclkaze/tafexpr/stackvalue/boolstackvalue.go:248.10,250.4 1 0
github.com/gclkaze/tafexpr/stackvalue/boolstackvalue.go:252.3,252.75 1 0
github.com/gclkaze/tafexpr/stackvalue/boolstackvalue.go:254.2,254.159 1 0
github.com/gclkaze/tafexpr/stackvalue/boolstackvalue.go:257.141,259.13 2 0
github.com/gclkaze/tafexpr/stackvalue/boolstackvalue.go:259.13,261.3 1 0
github.com/gclkaze/tafexpr/stackvalue/boolstackvalue.go:262.2,262.21 1 0
github.com/gclkaze/tafexpr/stackvalue/boolstackvalue.go:263.19,264.3 1 0
github.com/gclkaze/tafexpr/stackvalue/boolstackvalue.go:264.3,266.11 2 0
github.com/gclkaze/tafexpr/stackvalue/boolstackvalue.go:266.11,268.5 1 0
github.com/gclkaze/tafexpr/stackvalue/boolstackvalue.go:269.4,270.18 2 0
github.com/gclkaze/tafexpr/stackvalue/boolstackvalue.go:270.18,272.5 1 0
github.com/gclkaze/tafexpr/stackvalue/boolstackvalue.go:273.4,273.20 1 0
github.com/gclkaze/tafexpr/stackvalue/boolstackvalue.go:273.20,275.5 1 0
github.com/gclkaze/tafexpr/stackvalue/boolstackvalue.go:276.4,276.23 1 0
github.com/gclkaze/tafexpr/stackvalue/boolstackvalue.go:278.15,280.10 2 0
github.com/gclkaze/tafexpr/stackvalue/boolstackvalue.go:280.10,282.4 1 0
github.com/gclkaze/tafexpr/stackvalue/boolstackvalue.go:283.3,284.23 2 0
github.com/gclkaze/tafexpr/stackvalue/boolstackvalue.go:284.23,286.4 1 0
github.com/gclkaze/tafexpr/stackvalue/boolstackvalue.go:287.3,287.96 1 0
github.com/gclkaze/tafexpr/stackvalue/boolstackvalue.go:288.14,290.10 2 0
github.com/gclkaze/tafexpr/stackvalue/boolstackvalue.go:290.10,292.4 1 0
github.com/gclkaze/tafexpr/stackvalue/boolstackvalue.go:293.3,294.23 2 0
github.com/gclkaze/tafexpr/stackvalue/boolstackvalue.go:294.23,296.4 1 0
github.com/gclkaze/tafexpr/stackvalue/boolstackvalue.go:297.3,297.106 1 0
github.com/gclkaze/tafexpr/stackvalue/boolstackvalue.go:298.12,300.10 2 0
github.com/gclkaze/tafexpr/stackvalue/boolstackvalue.go:300.10,302.4 1 0
github.com/gclkaze/tafexpr/stackvalue/boolstackvalue.go:303.3,303.24 1 0
github.com/gclkaze/tafexpr/stackvalue/boolstackvalue.go:303.24,305.4 1 0
github.com/gclkaze/tafexpr/stackvalue/boolstackvalue.go:306.3,306.82 1 0
github.com/gclkaze/tafexpr/stackvalue/boolstackvalue.go:307.12,309.10 2 0
github.com/gclkaze/tafexpr/stackvalue/boolstackvalue.go:309.10,311.4 1 0
github.com/gclkaze/tafexpr/stackvalue/boolstackvalue.go:313.3,313.96 1 0
github.com/gclkaze/tafexpr/stackvalue/boolstackvalue.go:315.2,315.159 1 0
github.com/gclkaze/tafexpr/stackvalue/boolstackvalue.go:318.141,320.13 2 0
github.com/gclkaze/tafexpr/stackvalue/boolstackvalue.go:320.13,322.3 1 0
github.com/gclkaze/tafexpr/stackvalue/boolstackvalue.go:323.2,323.21 1 0
github.com/gclkaze/tafexpr/stackvalue/boolstackvalue.go:324.19,325.3 1 0
github.com/gclkaze/tafexpr/stackvalue/boolstackvalue.go:325.3,327.11 2 0
github.com/gclkaze/tafexpr/stackvalue/boolstackvalue.go:327.11,329.5 1 0
github.com/gclkaze/tafexpr/stackvalue/boolstackvalue.go:330.4,331.18 2 0
github.com/gclkaze/tafexpr/stackvalue/boolstackvalue.go:331.18,333.5 1 0
github.com/gclkaze/tafexpr/stackvalue/boolstackvalue.go:334.4,334.20 1 0
github.com/gclkaze/tafexpr/stackvalue/boolstackvalue.go:334.20,336.5 1 0
github.com/gclkaze/tafexpr/stackvalue/boolstackvalue.go:337.4,337.23 1 0
github.com/gclkaze/tafexpr/stackvalue/boolstackvalue.go:339.15,341.10 2 0
github.com/gclkaze/tafexpr/stackvalue/boolstackvalue.go:341.10,343.4 1 0
github.com/gclkaze/tafexpr/stackvalue/boolstackvalue.go:344.3,345.23 2 0
github.com/gclkaze/tafexpr/stackvalue/boolstackvalue.go:345.23,347.4 1 0
github.com/gclkaze/tafexpr/stackvalue/boolstackvalue.go:348.3,348.96 1 0
github.com/gclkaze/tafexpr/stackvalue/boolstackvalue.go:349.14,351.10 2 0
github.com/gclkaze/tafexpr/stackvalue/boolstackvalue.go:351.10,353.4 1 0
github.com/gclkaze/tafexpr/stackvalue/boolstackvalue.go:354.3,355.23 2 0
github.com/gclkaze/tafexpr/stackvalue/boolstackvalue.go:355.23,357.4 1 0
github.com/gclkaze/tafexpr/stackvalue/boolstackvalue.go:358.3,358.106 1 0
github.com/gclkaze/tafexpr/stackvalue/boolstackvalue.go:359.12,361.10 2 0
github.com/gclkaze/tafexpr/stackvalue/boolstackvalue.go:361.10,363.4 1 0
github.com/gclkaze/tafexpr/stackvalue/boolstackvalue.go:364.3,364.24 1 0
github.com/gclkaze/tafexpr/stackvalue/boolstackvalue.go:364.24,366.4 1 0
github.com/gclkaze/tafexpr/stackvalue/boolstackvalue.go:367.3,367.82 1 0
github.com/gclkaze/tafexpr/stackvalue/boolstackvalue.go:368.12,370.10 2 0
github.com/gclkaze/tafexpr/stackvalue/boolstackvalue.go:370.10,372.4 1 0
github.com/gclkaze/tafexpr/stackvalue/boolstackvalue.go:374.3,374.96 1 0
github.com/gclkaze/tafexpr/stackvalue/boolstackvalue.go:376.2,376.159 1 0
github.com/gclkaze/tafexpr/stackvalue/boolstackvaluelog.go:11.147,15.21 2 0
github.com/gclkaze/tafexpr/stackvalue/boolstackvaluelog.go:16.19,17.3 1 0
github.com/gclkaze/tafexpr/stackvalue/boolstackvaluelog.go:17.3,19.11 2 0
github.com/gclkaze/tafexpr/stackvalue/boolstackvaluelog.go:19.11,21.5 1 0
github.com/gclkaze/tafexpr/stackvalue/boolstackvaluelog.go:22.4,23.18 2 0
github.com/gclkaze/tafexpr/stackvalue/boolstackvaluelog.go:23.18,25.5 1 0
github.com/gclkaze/tafexpr/stackvalue/boolstackvaluelog.go:26.4,26.20 1 0
github.com/gclkaze/tafexpr/stackvalue/boolstackvaluelog.go:26.20,28.18 2 0
github.com/gclkaze/tafexpr/stackvalue/boolstackvaluelog.go:28.18,30.6 1 0
github.com/gclkaze/tafexpr/stackvalue/boolstackvaluelog.go:31.5,31.89 1 0
github.com/gclkaze/tafexpr/stackvalue/boolstackvaluelog.go:33.4,33.30 1 0
github.com/gclkaze/tafexpr/stackvalue/boolstackvaluelog.go:35.15,37.10 2 0
github.com/gclkaze/tafexpr/stackvalue/boolstackvaluelog.go:37.10,39.4 1 0
github.com/gclkaze/tafexpr/stackvalue/boolstackvaluelog.go:40.3,42.16 3 0
github.com/gclkaze/tafexpr/stackvalue/boolstackvaluelog.go:42.16,44.4 1 0
github.com/gclkaze/tafexpr/stackvalue/boolstackvaluelog.go:45.3,45.94 1 0
github.com/gclkaze/tafexpr/stackvalue/boolstackvaluelog.go:46.14,48.10 2 0
github.com/gclkaze/tafexpr/stackvalue/boolstackvaluelog.go:48.10,50.4 1 0
github.com/gclkaze/tafexpr/stackvalue/boolstackvaluelog.go:51.3,53.16 3 0
github.com/gclkaze/tafexpr/stackvalue/boolstackvaluelog.go:53.16,55.4 1 0
github.com/gclkaze/tafexpr/stackvalue/boolstackvaluelog.go:57.3,57.105 1 0
github.com/gclkaze/tafexpr/stackvalue/boolstackvaluelog.go:58.12,60.10 2 0
github.com/gclkaze/tafexpr/stackvalue/boolstackvaluelog.go:60.10,62.4 1 0
github.com/gclkaze/tafexpr/stackvalue/boolstackvaluelog.go:63.3,64.23 2 0
github.com/gclkaze/tafexpr/stackvalue/boolstackvaluelog.go:64.23,66.4 1 0
github.com/gclkaze/tafexpr/stackvalue/boolstackvaluelog.go:68.3,69.16 2 0
github.com/gclkaze/tafexpr/stackvalue/boolstackvaluelog.go:69.16,71.4 1 0
github.com/gclkaze/tafexpr/stackvalue/boolstackvaluelog.go:72.3,72.90 1 0
github.com/gclkaze/tafexpr/stackvalue/boolstackvaluelog.go:73.12,75.10 2 0
github.com/gclkaze/tafexpr/stackvalue/boolstackvaluelog.go:75.10,77.4 1 0
github.com/gclkaze/tafexpr/stackvalue/boolstackvaluelog.go:79.3,79.76 1 0
github.com/gclkaze/tafexpr/stackvalue/boolstackvaluelog.go:81.2,81.167 1 0
github.com/gclkaze/tafexpr/stackvalue/boolstackvaluelog.go:83.152,85.21 2 0
github.com/gclkaze/tafexpr/stackvalue/boolstackvaluelog.go:86.19,87.3 1 0
github.com/gclkaze/tafexpr/stackvalue/boolstackvaluelog.go:87.3,89.11 2 0
github.com/gclkaze/tafexpr/stackvalue/boolstackvaluelog.go:89.11,91.5 1 0
github.com/gclkaze/tafexpr/stackvalue/boolstackvaluelog.go:92.4,93.18 2 0
github.com/gclkaze/tafexpr/stackvalue/boolstackvaluelog.go:93.18,95.5 1 0
github.com/gclkaze/tafexpr/stackvalue/boolstackvaluelog.go:96.4,96.20 1 0
github.com/gclkaze/tafexpr/stackvalue/boolstackvaluelog.go:96.20,98.18 2 0
github.com/gclkaze/tafexpr/stackvalue/boolstackvaluelog.go:98.18,100.6 1 0
github.com/gclkaze/tafexpr/stackvalue/boolstackvaluelog.go:101.5,101.90 1 0
github.com/gclkaze/tafexpr/stackvalue/boolstackvaluelog.go:103.4,103.35 1 0
github.com/gclkaze/tafexpr/stackvalue/boolstackvaluelog.go:105.15,107.10 2 0
github.com/gclkaze/tafexpr/stackvalue/boolstackvaluelog.go:107.10,109.4 1 0
github.com/gclkaze/tafexpr/stackvalue/boolstackvaluelog.go:110.3,112.16 3 0
github.com/gclkaze/tafexpr/stackvalue/boolstackvaluelog.go:112.16,114.4 1 0
github.com/gclkaze/tafexpr/stackvalue/boolstackvaluelog.go:115.3,115.95 1 0
github.com/gclkaze/tafexpr/stackvalue/boolstackvaluelog.go:116.14,118.10 2 0
github.com/gclkaze/tafexpr/stackvalue/boolstackvaluelog.go:118.10,120.4 1 0
github.com/gclkaze/tafexpr/stackvalue/boolstackvaluelog.go:121.3,123.16 3 0
github.com/gclkaze/tafexpr/stackvalue/boolstackvaluelog.go:123.16,125.4 1 0
github.com/gclkaze/tafexpr/stackvalue/boolstackvaluelog.go:127.3,127.106 1 0
github.com/gclkaze/tafexpr/stackvalue/boolstackvaluelog.go:128.12,130.10 2 0
github.com/gclkaze/tafexpr/stackvalue/boolstackvaluelog.go:130.10,132.4 1 0
github.com/gclkaze/tafexpr/stackvalue/boolstackvaluelog.go:133.3,134.23 2 0
github.com/gclkaze/tafexpr/stackvalue/boolstackvaluelog.go:134.23,136.4 1 0
github.com/gclkaze/tafexpr/stackvalue/boolstackvaluelog.go:138.3,139.16 2 0
github.com/gclkaze/tafexpr/stackvalue/boolstackvaluelog.go:139.16,141.4 1 0
github.com/gclkaze/tafexpr/stackvalue/boolstackvaluelog.go:142.3,142.91 1 0
github.com/gclkaze/tafexpr/stackvalue/boolstackvaluelog.go:143.12,145.10 2 0
github.com/gclkaze/tafexpr/stackvalue/boolstackvaluelog.go:145.10,147.4 1 0
github.com/gclkaze/tafexpr/stackvalue/boolstackvaluelog.go:149.3,149.76 1 0
github.com/gclkaze/tafexpr/stackvalue/boolstackvaluelog.go:151.2,151.173 1 0
github.com/gclkaze/tafexpr/stackvalue/boolstackvaluelog.go:153.142,155.21 2 0
github.com/gclkaze/tafexpr/stackvalue/boolstackvaluelog.go:156.19,157.3 1 0
github.com/gclkaze/tafexpr/stackvalue/boolstackvaluelog.go:157.3,159.11 2 0
github.com/gclkaze/tafexpr/stackvalue/boolstackvaluelog.go:159.11,161.5 1 0
github.com/gclkaze/tafexpr/stackvalue/boolstackvaluelog.go:162.4,163.18 2 0
github.com/gclkaze/tafexpr/stackvalue/boolstackvaluelog.go:163.18,165.5 1 0
github.com/gclkaze/tafexpr/stackvalue/boolstackvaluelog.go:166.4,166.20 1 0
github.com/gclkaze/tafexpr/stackvalue/boolstackvaluelog.go:166.20,168.18 2 0
github.com/gclkaze/tafexpr/stackvalue/boolstackvaluelog.go:168.18,170.6 1 0
github.com/gclkaze/tafexpr/stackvalue/boolstackvaluelog.go:171.5,171.90 1 0
github.com/gclkaze/tafexpr/stackvalue/boolstackvaluelog.go:173.4,173.25 1 0
github.com/gclkaze/tafexpr/stackvalue/boolstackvaluelog.go:175.15,177.10 2 0
github.com/gclkaze/tafexpr/stackvalue/boolstackvaluelog.go:177.10,179.4 1 0
github.com/gclkaze/tafexpr/stackvalue/boolstackvaluelog.go:180.3,188.16 3 0
github.com/gclkaze/tafexpr/stackvalue/boolstackvaluelog.go:188.16,189.21 1 0
github.com/gclkaze/tafexpr/stackvalue/boolstackvaluelog.go:189.21,191.5 1 0
github.com/gclkaze/tafexpr/stackvalue/boolstackvaluelog.go:191.10,193.5 1 0
github.com/gclkaze/tafexpr/stackvalue/boolstackvaluelog.go:194.9,195.21 1 0
github.com/gclkaze/tafexpr/stackvalue/boolstackvaluelog.go:195.21,197.5 1 0
github.com/gclkaze/tafexpr/stackvalue/boolstackvaluelog.go:197.10,199.5 1 0
github.com/gclkaze/tafexpr/stackvalue/boolstackvaluelog.go:202.3,202.74 1 0
github.com/gclkaze/tafexpr/stackvalue/boolstackvaluelog.go:203.14,205.10 2 0
github.com/gclkaze/tafexpr/stackvalue/boolstackvaluelog.go:205.10,207.4 1 0
github.com/gclkaze/tafexpr/stackvalue/boolstackvaluelog.go:208.3,210.16 3 0
github.com/gclkaze/tafexpr/stackvalue/boolstackvaluelog.go:210.16,211.24 1 0
github.com/gclkaze/tafexpr/stackvalue/boolstackvaluelog.go:211.24,213.5 1 0
github.com/gclkaze/tafexpr/stackvalue/boolstackvaluelog.go:213.10,215.5 1 0
github.com/gclkaze/tafexpr/stackvalue/boolstackvaluelog.go:216.9,217.24 1 0
github.com/gclkaze/tafexpr/stackvalue/boolstackvaluelog.go:217.24,219.5 1 0
github.com/gclkaze/tafexpr/stackvalue/boolstackvaluelog.go:219.10,221.5 1 0
github.com/gclkaze/tafexpr/stackvalue/boolstackvaluelog.go:224.3,224.74 1 0
github.com/gclkaze/tafexpr/stackvalue/boolstackvaluelog.go:225.12,227.10 2 0
github.com/gclkaze/tafexpr/stackvalue/boolstackvaluelog.go:227.10,229.4 1 0
github.com/gclkaze/tafexpr/stackvalue/boolstackvaluelog.go:230.3,230.100 1 0
github.com/gclkaze/tafexpr/stackvalue/boolstackvaluelog.go:231.12,233.10 2 0
github.com/gclkaze/tafexpr/stackvalue/boolstackvaluelog.go:233.10,235.4 1 0
github.com/gclkaze/tafexpr/stackvalue/boolstackvaluelog.go:237.3,237.81 1 0
github.com/gclkaze/tafexpr/stackvalue/boolstackvaluelog.go:239.2,239.164 1 0
github.com/gclkaze/tafexpr/stackvalue/boolstackvaluelog.go:241.144,243.21 2 0
github.com/gclkaze/tafexpr/stackvalue/boolstackvaluelog.go:244.19,245.3 1 0
github.com/gclkaze/tafexpr/stackvalue/boolstackvaluelog.go:245.3,247.11 2 0
github.com/gclkaze/tafexpr/stackvalue/boolstackvaluelog.go:247.11,249.5 1 0
github.com/gclkaze/tafexpr/stackvalue/boolstackvaluelog.go:250.4,251.18 2 0
github.com/gclkaze/tafexpr/stackvalue/boolstackvaluelog.go:251.18,253.5 1 0
github.com/gclkaze/tafexpr/stackvalue/boolstackvaluelog.go:254.4,254.20 1 0
github.com/gclkaze/tafexpr/stackvalue/boolstackvaluelog.go:254.20,256.18 2 0
github.com/gclkaze/tafexpr/stackvalue/boolstackvaluelog.go:256.18,258.6 1 0
github.com/gclkaze/tafexpr/stackvalue/boolstackvaluelog.go:259.5,259.90 1 0
github.com/gclkaze/tafexpr/stackvalue/boolstackvaluelog.go:261.4,261.27 1 0
github.com/gclkaze/tafexpr/stackvalue/boolstackvaluelog.go:263.15,265.10 2 0
github.com/gclkaze/tafexpr/stackvalue/boolstackvaluelog.go:265.10,267.4 1 0
github.com/gclkaze/tafexpr/stackvalue/boolstackvaluelog.go:268.3,270.16 3 0
github.com/gclkaze/tafexpr/stackvalue/boolstackvaluelog.go:270.16,271.21 1 0
github.com/gclkaze/tafexpr/stackvalue/boolstackvaluelog.go:271.21,273.5 1 0
github.com/gclkaze/tafexpr/stackvalue/boolstackvaluelog.go:273.10,275.5 1 0
github.com/gclkaze/tafexpr/stackvalue/boolstackvaluelog.go:276.9,277.21 1 0
github.com/gclkaze/tafexpr/stackvalue/boolstackvaluelog.go:277.21,279.5 1 0
github.com/gclkaze/tafexpr/stackvalue/boolstackvaluelog.go:279.10,281.5 1 0
github.com/gclkaze/tafexpr/stackvalue/boolstackvaluelog.go:284.3,284.75 1 0
github.com/gclkaze/tafexpr/stackvalue/boolstackvaluelog.go:285.14,287.10 2 0
github.com/gclkaze/tafexpr/stackvalue/boolstackvaluelog.go:287.10,289.4 1 0
github.com/gclkaze/tafexpr/stackvalue/boolstackvaluelog.go:290.3,292.16 3 0
github.com/gclkaze/tafexpr/stackvalue/boolstackvaluelog.go:292.16,293.24 1 0
github.com/gclkaze/tafexpr/stackvalue/boolstackvaluelog.go:293.24,295.5 1 0
github.com/gclkaze/tafexpr/stackvalue/boolstackvaluelog.go:295.10,297.5 1 0
github.com/gclkaze/tafexpr/stackvalue/boolstackvaluelog.go:298.9,299.24 1 0
github.com/gclkaze/tafexpr/stackvalue/boolstackvaluelog.go:299.24,301.5 1 0
github.com/gclkaze/tafexpr/stackvalue/boolstackvaluelog.go:301.10,303.5 1 0
github.com/gclkaze/tafexpr/stackvalue/boolstackvaluelog.go:306.3,306.75 1 0
github.com/gclkaze/tafexpr/stackvalue/boolstackvaluelog.go:307.12,309.10 2 0
github.com/gclkaze/tafexpr/stackvalue/boolstackvaluelog.go:309.10,311.4 1 0
github.com/gclkaze/tafexpr/stackvalue/boolstackvaluelog.go:312.3,312.100 1 0
github.com/gclkaze/tafexpr/stackvalue/boolstackvaluelog.go:313.12,315.10 2 0
github.com/gclkaze/tafexpr/stackvalue/boolstackvaluelog.go:315.10,317.4 1 0
github.com/gclkaze/tafexpr/stackvalue/boolstackvaluelog.go:319.3,319.80 1 0
github.com/gclkaze/tafexpr/stackvalue/boolstackvaluelog.go:321.2,321.166 1 0
github.com/gclkaze/tafexpr/stackvalue/boolstackvaluelog.go:323.148,325.21 2 0
github.com/gclkaze/tafexpr/stackvalue/boolstackvaluelog.go:326.19,327.3 1 0
github.com/gclkaze/tafexpr/stackvalue/boolstackvaluelog.go:327.3,329.11 2 0
github.com/gclkaze/tafexpr/stackvalue/boolstackvaluelog.go:329.11,331.5 1 0
github.com/gclkaze/tafexpr/stackvalue/boolstackvaluelog.go:332.4,333.18 2 0
github.com/gclkaze/tafexpr/stackvalue/boolstackvaluelog.go:333.18,335.5 1 0
github.com/gclkaze/tafexpr/stackvalue/boolstackvaluelog.go:336.4,336.20 1 0
github.com/gclkaze/tafexpr/stackvalue/boolstackvaluelog.go:336.20,338.18 2 0
github.com/gclkaze/tafexpr/stackvalue/boolstackvaluelog.go:338.18,340.6 1 0
github.com/gclkaze/tafexpr/stackvalue/boolstackvaluelog.go:341.5,341.89 1 0
github.com/gclkaze/tafexpr/stackvalue/boolstackvaluelog.go:343.4,343.31 1 0
github.com/gclkaze/tafexpr/stackvalue/boolstackvaluelog.go:345.15,347.10 2 0
github.com/gclkaze/tafexpr/stackvalue/boolstackvaluelog.go:347.10,349.4 1 0
github.com/gclkaze/tafexpr/stackvalue/boolstackvaluelog.go:350.3,352.16 3 0
github.com/gclkaze/tafexpr/stackvalue/boolstackvaluelog.go:352.16,354.4 1 0
github.com/gclkaze/tafexpr/stackvalue/boolstackvaluelog.go:355.3,355.94 1 0
github.com/gclkaze/tafexpr/stackvalue/boolstackvaluelog.go:356.14,358.10 2 0
github.com/gclkaze/tafexpr/stackvalue/boolstackvaluelog.go:358.10,360.4 1 0
github.com/gclkaze/tafexpr/stackvalue/boolstackvaluelog.go:361.3,363.16 3 0
github.com/gclkaze/tafexpr/stackvalue/boolstackvaluelog.go:363.16,365.4 1 0
github.com/gclkaze/tafexpr/stackvalue/boolstackvaluelog.go:367.3,367.105 1 0
github.com/gclkaze/tafexpr/stackvalue/boolstackvaluelog.go:368.12,370.10 2 0
github.com/gclkaze/tafexpr/stackvalue/boolstackvaluelog.go:370.10,372.4 1 0
github.com/gclkaze/tafexpr/stackvalue/boolstackvaluelog.go:373.3,374.23 2 0
github.com/gclkaze/tafexpr/stackvalue/boolstackvaluelog.go:374.23,376.4 1 0
github.com/gclkaze/tafexpr/stackvalue/boolstackvaluelog.go:378.3,379.16 2 0
github.com/gclkaze/tafexpr/stackvalue/boolstackvaluelog.go:379.16,381.4 1 0
github.com/gclkaze/tafexpr/stackvalue/boolstackvaluelog.go:382.3,382.90 1 0
github.com/gclkaze/tafexpr/stackvalue/boolstackvaluelog.go:383.12,385.10 2 0
github.com/gclkaze/tafexpr/stackvalue/boolstackvaluelog.go:385.10,387.4 1 0
github.com/gclkaze/tafexpr/stackvalue/boolstackvaluelog.go:389.3,389.76 1 0
github.com/gclkaze/tafexpr/stackvalue/boolstackvaluelog.go:391.2,391.168 1 0
github.com/gclkaze/tafexpr/stackvalue/boolstackvaluelog.go:393.153,395.21 2 0
github.com/gclkaze/tafexpr/stackvalue/boolstackvaluelog.go:396.19,397.3 1 0
github.com/gclkaze/tafexpr/stackvalue/boolstackvaluelog.go:397.3,399.11 2 0
github.com/gclkaze/tafexpr/stackvalue/boolstackvaluelog.go:399.11,401.5 1 0
github.com/gclkaze/tafexpr/stackvalue/boolstackvaluelog.go:402.4,403.18 2 0
github.com/gclkaze/tafexpr/stackvalue/boolstackvaluelog.go:403.18,405.5 1 0
github.com/gclkaze/tafexpr/stackvalue/boolstackvaluelog.go:406.4,406.20 1 0
github.com/gclkaze/tafexpr/stackvalue/boolstackvaluelog.go:406.20,408.18 2 0
github.com/gclkaze/tafexpr/stackvalue/boolstackvaluelog.go:408.18,410.6 1 0
github.com/gclkaze/tafexpr/stackvalue/boolstackvaluelog.go:411.5,411.90 1 0
github.com/gclkaze/tafexpr/stackvalue/boolstackvaluelog.go:413.4,413.36 1 0
github.com/gclkaze/tafexpr/stackvalue/boolstackvaluelog.go:415.15,417.10 2 0
github.com/gclkaze/tafexpr/stackvalue/boolstackvaluelog.go:417.10,419.4 1 0
github.com/gclkaze/tafexpr/stackvalue/boolstackvaluelog.go:420.3,422.16 3 0
github.com/gclkaze/tafexpr/stackvalue/boolstackvaluelog.go:422.16,424.4 1 0
github.com/gclkaze/tafexpr/stackvalue/boolstackvaluelog.go:425.3,425.95 1 0
github.com/gclkaze/tafexpr/stackvalue/boolstackvaluelog.go:426.14,428.10 2 0
github.com/gclkaze/tafexpr/stackvalue/boolstackvaluelog.go:428.10,430.4 1 0
github.com/gclkaze/tafexpr/stackvalue/boolstackvaluelog.go:431.3,433.16 3 0
github.com/gclkaze/tafexpr/stackvalue/boolstackvaluelog.go:433.16,435.4 1 0
github.com/gclkaze/tafexpr/stackvalue/boolstackvaluelog.go:437.3,437.106 1 0
github.com/gclkaze/tafexpr/stackvalue/boolstackvaluelog.go:438.12,440.10 2 0
github.com/gclkaze/tafexpr/stackvalue/boolstackvaluelog.go:440.10,442.4 1 0
github.com/gclkaze/tafexpr/stackvalue/boolstackvaluelog.go:443.3,444.23 2 0
github.com/gclkaze/tafexpr/stackvalue/boolstackvaluelog.go:444.23,446.4 1 0
github.com/gclkaze/tafexpr/stackvalue/boolstackvaluelog.go:448.3,449.16 2 0
github.com/gclkaze/tafexpr/stackvalue/boolstackvaluelog.go:449.16,451.4 1 0
github.com/gclkaze/tafexpr/stackvalue/boolstackvaluelog.go:452.3,452.91 1 0
github.com/gclkaze/tafexpr/stackvalue/boolstackvaluelog.go:453.12,455.10 2 0
github.com/gclkaze/tafexpr/stackvalue/boolstackvaluelog.go:455.10,457.4 1 0
github.com/gclkaze/tafexpr/stackvalue/boolstackvaluelog.go:459.3,459.76 1 0
github.com/gclkaze/tafexpr/stackvalue/boolstackvaluelog.go:461.2,461.174 1 0
github.com/gclkaze/tafexpr/stackvalue/boolstackvaluelog.go:464.140,465.14 1 0
github.com/gclkaze/tafexpr/stackvalue/boolstackvaluelog.go:465.14,467.3 1 0
github.com/gclkaze/tafexpr/stackvalue/boolstackvaluelog.go:468.2,469.21 2 0
github.com/gclkaze/tafexpr/stackvalue/boolstackvaluelog.go:470.14,472.10 2 0
github.com/gclkaze/tafexpr/stackvalue/boolstackvaluelog.go:472.10,474.4 1 0
github.com/gclkaze/tafexpr/stackvalue/boolstackvaluelog.go:475.3,475.108 1 0
github.com/gclkaze/tafexpr/stackvalue/boolstackvaluelog.go:476.15,478.10 2 0
github.com/gclkaze/tafexpr/stackvalue/boolstackvaluelog.go:478.10,480.4 1 0
github.com/gclkaze/tafexpr/stackvalue/boolstackvaluelog.go:481.3,481.102 1 0
github.com/gclkaze/tafexpr/stackvalue/boolstackvaluelog.go:482.14,484.10 2 0
github.com/gclkaze/tafexpr/stackvalue/boolstackvaluelog.go:484.10,486.4 1 0
github.com/gclkaze/tafexpr/stackvalue/boolstackvaluelog.go:487.3,487.105 1 0
github.com/gclkaze/tafexpr/stackvalue/boolstackvaluelog.go:488.12,490.10 2 0
github.com/gclkaze/tafexpr/stackvalue/boolstackvaluelog.go:490.10,492.4 1 0
github.com/gclkaze/tafexpr/stackvalue/boolstackvaluelog.go:494.3,494.99 1 0
github.com/gclkaze/tafexpr/stackvalue/boolstackvaluelog.go:495.12,497.10 2 0
github.com/gclkaze/tafexpr/stackvalue/boolstackvaluelog.go:497.10,499.4 1 0
github.com/gclkaze/tafexpr/stackvalue/boolstackvaluelog.go:501.3,501.76 1 0
github.com/gclkaze/tafexpr/stackvalue/boolstackvaluelog.go:502.18,504.10 2 0
github.com/gclkaze/tafexpr/stackvalue/boolstackvaluelog.go:504.10,506.4 1 0
github.com/gclkaze/tafexpr/stackvalue/boolstackvaluelog.go:507.3,507.98 1 0
github.com/gclkaze/tafexpr/stackvalue/boolstackvaluelog.go:508.19,510.10 2 0
github.com/gclkaze/tafexpr/stackvalue/boolstackvaluelog.go:510.10,512.4 1 0
github.com/gclkaze/tafexpr/stackvalue/boolstackvaluelog.go:513.3,513.96 1 0
github.com/gclkaze/tafexpr/stackvalue/boolstackvaluelog.go:516.2,516.159 1 0
github.com/gclkaze/tafexpr/stackvalue/boolstackvaluelog.go:519.139,521.21 2 0
github.com/gclkaze/tafexpr/stackvalue/boolstackvaluelog.go:522.14,524.10 2 0
github.com/gclkaze/tafexpr/stackvalue/boolstackvaluelog.go:524.10,526.4 1 0
github.com/gclkaze/tafexpr/stackvalue/boolstackvaluelog.go:527.3,527.108 1 0
github.com/gclkaze/tafexpr/stackvalue/boolstackvaluelog.go:528.15,530.10 2 0
github.com/gclkaze/tafexpr/stackvalue/boolstackvaluelog.go:530.10,532.4 1 0
github.com/gclkaze/tafexpr/stackvalue/boolstackvaluelog.go:533.3,533.102 1 0
github.com/gclkaze/tafexpr/stackvalue/boolstackvaluelog.go:534.14,536.10 2 0
github.com/gclkaze/tafexpr/stackvalue/boolstackvaluelog.go:536.10,538.4 1 0
github.com/gclkaze/tafexpr/stackvalue/boolstackvaluelog.go:539.3,539.105 1 0
github.com/gclkaze/tafexpr/stackvalue/boolstackvaluelog.go:540.12,542.10 2 0
github.com/gclkaze/tafexpr/stackvalue/boolstackvaluelog.go:542.10,544.4 1 0
github.com/gclkaze/tafexpr/stackvalue/boolstackvaluelog.go:546.3,546.99 1 0
github.com/gclkaze/tafexpr/stackvalue/boolstackvaluelog.go:547.12,549.10 2 0
github.com/gclkaze/tafexpr/stackvalue/boolstackvaluelog.go:549.10,551.4 1 0
github.com/gclkaze/tafexpr/stackvalue/boolstackvaluelog.go:553.3,553.79 1 0
github.com/gclkaze/tafexpr/stackvalue/boolstackvaluelog.go:554.18,556.10 2 0
github.com/gclkaze/tafexpr/stackvalue/boolstackvaluelog.go:556.10,558.4 1 0
github.com/gclkaze/tafexpr/stackvalue/boolstackvaluelog.go:559.3,559.98 1 0
github.com/gclkaze/tafexpr/stackvalue/boolstackvaluelog.go:560.19,562.10 2 0
github.com/gclkaze/tafexpr/stackvalue/boolstackvaluelog.go:562.10,564.4 1 0
github.com/gclkaze/tafexpr/stackvalue/boolstackvaluelog.go:565.3,565.96 1 0
github.com/gclkaze/tafexpr/stackvalue/boolstackvaluelog.go:568.2,568.158 1 0
github.com/gclkaze/tafexpr/stackvalue/boolstackvaluelog.go:571.128,573.2 1 0
github.com/gclkaze/tafexpr/stackvalue/browserstackvalue.go:6.56,8.2 1 0
github.com/gclkaze/tafexpr/stackvalue/dbstackvalue.go:6.46,8.2 1 0
github.com/gclkaze/tafexpr/stackvalue/doublestackvalue.go:18.55,20.2 1 0
github.com/gclkaze/tafexpr/stackvalue/doublestackvalue.go:22.65,24.2 1 0
github.com/gclkaze/tafexpr/stackvalue/doublestackvalue.go:26.66,28.2 1 0
github.com/gclkaze/tafexpr/stackvalue/doublestackvalue.go:30.47,34.2 3 0
github.com/gclkaze/tafexpr/stackvalue/doublestackvalue.go:36.64,38.2 1 0
github.com/gclkaze/tafexpr/stackvalue/doublestackvalue.go:40.60,42.2 1 0
github.com/gclkaze/tafexpr/stackvalue/doublestackvalue.go:44.43,46.2 1 0
github.com/gclkaze/tafexpr/stackvalue/doublestackvalue.go:48.45,50.2 1 0
github.com/gclkaze/tafexpr/stackvalue/doublestackvalue.go:52.52,54.2 1 0
github.com/gclkaze/tafexpr/stackvalue/doublestackvalue.go:56.46,58.2 1 0
github.com/gclkaze/tafexpr/stackvalue/doublestackvalue.go:60.45,62.2 1 0
github.com/gclkaze/tafexpr/stackvalue/doublestackvalue.go:63.52,65.2 1 0
github.com/gclkaze/tafexpr/stackvalue/doublestackvalue.go:66.57,67.31 1 0
github.com/gclkaze/tafexpr/stackvalue/doublestackvalue.go:67.31,68.37 1 0
github.com/gclkaze/tafexpr/stackvalue/doublestackvalue.go:68.37,70.59 2 0
github.com/gclkaze/tafexpr/stackvalue/doublestackvalue.go:70.59,73.5 2 0
github.com/gclkaze/tafexpr/stackvalue/doublestackvalue.go:73.10,76.5 2 0
github.com/gclkaze/tafexpr/stackvalue/doublestackvalue.go:78.3,78.15 1 0
github.com/gclkaze/tafexpr/stackvalue/doublestackvalue.go:80.2,81.9 2 0
github.com/gclkaze/tafexpr/stackvalue/doublestackvalue.go:81.9,83.3 1 0
github.com/gclkaze/tafexpr/stackvalue/doublestackvalue.go:84.2,84.28 1 0
github.com/gclkaze/tafexpr/stackvalue/doublestackvalue.go:87.43,89.2 1 0
github.com/gclkaze/tafexpr/stackvalue/doublestackvalue.go:91.143,93.21 2 0
github.com/gclkaze/tafexpr/stackvalue/doublestackvalue.go:94.19,95.3 1 0
github.com/gclkaze/tafexpr/stackvalue/doublestackvalue.go:95.3,97.11 2 0
github.com/gclkaze/tafexpr/stackvalue/doublestackvalue.go:97.11,99.5 1 0
github.com/gclkaze/tafexpr/stackvalue/doublestackvalue.go:100.4,101.18 2 0
github.com/gclkaze/tafexpr/stackvalue/doublestackvalue.go:101.18,103.5 1 0
github.com/gclkaze/tafexpr/stackvalue/doublestackvalue.go:104.4,104.20 1 0
github.com/gclkaze/tafexpr/stackvalue/doublestackvalue.go:104.20,106.5 1 0
github.com/gclkaze/tafexpr/stackvalue/doublestackvalue.go:107.4,107.23 1 0
github.com/gclkaze/tafexpr/stackvalue/doublestackvalue.go:109.15,111.10 2 0
github.com/gclkaze/tafexpr/stackvalue/doublestackvalue.go:111.10,113.4 1 0
github.com/gclkaze/tafexpr/stackvalue/doublestackvalue.go:114.3,114.111 1 0
github.com/gclkaze/tafexpr/stackvalue/doublestackvalue.go:115.14,117.10 2 0
github.com/gclkaze/tafexpr/stackvalue/doublestackvalue.go:117.10,119.4 1 0
github.com/gclkaze/tafexpr/stackvalue/doublestackvalue.go:120.3,120.105 1 0
github.com/gclkaze/tafexpr/stackvalue/doublestackvalue.go:121.12,123.10 2 0
github.com/gclkaze/tafexpr/stackvalue/doublestackvalue.go:123.10,125.4 1 0
github.com/gclkaze/tafexpr/stackvalue/doublestackvalue.go:126.3,126.23 1 0
github.com/gclkaze/tafexpr/stackvalue/doublestackvalue.go:126.23,128.4 1 0
github.com/gclkaze/tafexpr/stackvalue/doublestackvalue.go:129.3,129.84 1 0
github.com/gclkaze/tafexpr/stackvalue/doublestackvalue.go:130.12,132.10 2 0
github.com/gclkaze/tafexpr/stackvalue/doublestackvalue.go:132.10,134.4 1 0
github.com/gclkaze/tafexpr/stackvalue/doublestackvalue.go:136.3,136.84 1 0
github.com/gclkaze/tafexpr/stackvalue/doublestackvalue.go:138.2,138.158 1 0
github.com/gclkaze/tafexpr/stackvalue/doublestackvalue.go:140.143,142.21 2 0
github.com/gclkaze/tafexpr/stackvalue/doublestackvalue.go:143.19,144.3 1 0
github.com/gclkaze/tafexpr/stackvalue/doublestackvalue.go:144.3,146.11 2 0
github.com/gclkaze/tafexpr/stackvalue/doublestackvalue.go:146.11,148.5 1 0
github.com/gclkaze/tafexpr/stackvalue/doublestackvalue.go:149.4,150.18 2 0
github.com/gclkaze/tafexpr/stackvalue/doublestackvalue.go:150.18,152.5 1 0
github.com/gclkaze/tafexpr/stackvalue/doublestackvalue.go:153.4,153.20 1 0
github.com/gclkaze/tafexpr/stackvalue/doublestackvalue.go:153.20,155.5 1 0
github.com/gclkaze/tafexpr/stackvalue/doublestackvalue.go:156.4,156.23 1 0
github.com/gclkaze/tafexpr/stackvalue/doublestackvalue.go:158.15,160.10 2 0
github.com/gclkaze/tafexpr/stackvalue/doublestackvalue.go:160.10,162.4 1 0
github.com/gclkaze/tafexpr/stackvalue/doublestackvalue.go:163.3,163.111 1 0
github.com/gclkaze/tafexpr/stackvalue/doublestackvalue.go:164.14,166.10 2 0
github.com/gclkaze/tafexpr/stackvalue/doublestackvalue.go:166.10,168.4 1 0
github.com/gclkaze/tafexpr/stackvalue/doublestackvalue.go:169.3,169.105 1 0
github.com/gclkaze/tafexpr/stackvalue/doublestackvalue.go:170.12,172.10 2 0
github.com/gclkaze/tafexpr/stackvalue/doublestackvalue.go:172.10,174.4 1 0
github.com/gclkaze/tafexpr/stackvalue/doublestackvalue.go:175.3,175.23 1 0
github.com/gclkaze/tafexpr/stackvalue/doublestackvalue.go:175.23,177.4 1 0
github.com/gclkaze/tafexpr/stackvalue/doublestackvalue.go:178.3,178.84 1 0
github.com/gclkaze/tafexpr/stackvalue/doublestackvalue.go:179.12,181.10 2 0
github.com/gclkaze/tafexpr/stackvalue/doublestackvalue.go:181.10,183.4 1 0
github.com/gclkaze/tafexpr/stackvalue/doublestackvalue.go:185.3,185.84 1 0
github.com/gclkaze/tafexpr/stackvalue/doublestackvalue.go:187.2,187.158 1 0
github.com/gclkaze/tafexpr/stackvalue/doublestackvalue.go:190.143,192.21 2 0
github.com/gclkaze/tafexpr/stackvalue/doublestackvalue.go:193.19,194.3 1 0
github.com/gclkaze/tafexpr/stackvalue/doublestackvalue.go:194.3,196.11 2 0
github.com/gclkaze/tafexpr/stackvalue/doublestackvalue.go:196.11,198.5 1 0
github.com/gclkaze/tafexpr/stackvalue/doublestackvalue.go:199.4,200.18 2 0
github.com/gclkaze/tafexpr/stackvalue/doublestackvalue.go:200.18,202.5 1 0
github.com/gclkaze/tafexpr/stackvalue/doublestackvalue.go:203.4,203.20 1 0
github.com/gclkaze/tafexpr/stackvalue/doublestackvalue.go:203.20,205.5 1 0
github.com/gclkaze/tafexpr/stackvalue/doublestackvalue.go:206.4,206.23 1 0
github.com/gclkaze/tafexpr/stackvalue/doublestackvalue.go:208.15,210.10 2 0
github.com/gclkaze/tafexpr/stackvalue/doublestackvalue.go:210.10,212.4 1 0
github.com/gclkaze/tafexpr/stackvalue/doublestackvalue.go:213.3,213.111 1 0
github.com/gclkaze/tafexpr/stackvalue/doublestackvalue.go:214.14,216.10 2 0
github.com/gclkaze/tafexpr/stackvalue/doublestackvalue.go:216.10,218.4 1 0
github.com/gclkaze/tafexpr/stackvalue/doublestackvalue.go:219.3,219.105 1 0
github.com/gclkaze/tafexpr/stackvalue/doublestackvalue.go:220.12,222.10 2 0
github.com/gclkaze/tafexpr/stackvalue/doublestackvalue.go:222.10,224.4 1 0
github.com/gclkaze/tafexpr/stackvalue/doublestackvalue.go:225.3,225.24 1 0
github.com/gclkaze/tafexpr/stackvalue/doublestackvalue.go:225.24,227.4 1 0
github.com/gclkaze/tafexpr/stackvalue/doublestackvalue.go:228.3,228.84 1 0
github.com/gclkaze/tafexpr/stackvalue/doublestackvalue.go:229.12,231.10 2 0
github.com/gclkaze/tafexpr/stackvalue/doublestackvalue.go:231.10,233.4 1 0
github.com/gclkaze/tafexpr/stackvalue/doublestackvalue.go:235.3,235.74 1 0
github.com/gclkaze/tafexpr/stackvalue/doublestackvalue.go:237.2,237.158 1 0
github.com/gclkaze/tafexpr/stackvalue/doublestackvalue.go:240.143,242.21 2 0
github.com/gclkaze/tafexpr/stackvalue/doublestackvalue.go:243.19,244.3 1 0
github.com/gclkaze/tafexpr/stackvalue/doublestackvalue.go:244.3,246.11 2 0
github.com/gclkaze/tafexpr/stackvalue/doublestackvalue.go:246.11,248.5 1 0
github.com/gclkaze/tafexpr/stackvalue/doublestackvalue.go:249.4,250.18 2 0
github.com/gclkaze/tafexpr/stackvalue/doublestackvalue.go:250.18,252.5 1 0
github.com/gclkaze/tafexpr/stackvalue/doublestackvalue.go:253.4,253.20 1 0
github.com/gclkaze/tafexpr/stackvalue/doublestackvalue.go:253.20,255.5 1 0
github.com/gclkaze/tafexpr/stackvalue/doublestackvalue.go:256.4,256.23 1 0
github.com/gclkaze/tafexpr/stackvalue/doublestackvalue.go:258.15,260.10 2 0
github.com/gclkaze/tafexpr/stackvalue/doublestackvalue.go:260.10,262.4 1 0
github.com/gclkaze/tafexpr/stackvalue/doublestackvalue.go:263.3,264.23 2 0
github.com/gclkaze/tafexpr/stackvalue/doublestackvalue.go:264.23,266.4 1 0
github.com/gclkaze/tafexpr/stackvalue/doublestackvalue.go:267.3,267.107 1 0
github.com/gclkaze/tafexpr/stackvalue/doublestackvalue.go:268.14,270.10 2 0
github.com/gclkaze/tafexpr/stackvalue/doublestackvalue.go:270.10,272.4 1 0
github.com/gclkaze/tafexpr/stackvalue/doublestackvalue.go:273.3,274.26 2 0
github.com/gclkaze/tafexpr/stackvalue/doublestackvalue.go:274.26,276.4 1 0
github.com/gclkaze/tafexpr/stackvalue/doublestackvalue.go:277.3,277.101 1 0
github.com/gclkaze/tafexpr/stackvalue/doublestackvalue.go:278.12,280.10 2 0
github.com/gclkaze/tafexpr/stackvalue/doublestackvalue.go:280.10,282.4 1 0
github.com/gclkaze/tafexpr/stackvalue/doublestackvalue.go:283.3,283.24 1 0
github.com/gclkaze/tafexpr/stackvalue/doublestackvalue.go:283.24,285.4 1 0
github.com/gclkaze/tafexpr/stackvalue/doublestackvalue.go:286.3,286.84 1 0
github.com/gclkaze/tafexpr/stackvalue/doublestackvalue.go:287.12,289.10 2 0
github.com/gclkaze/tafexpr/stackvalue/doublestackvalue.go:289.10,291.4 1 0
github.com/gclkaze/tafexpr/stackvalue/doublestackvalue.go:293.3,293.96 1 0
github.com/gclkaze/tafexpr/stackvalue/doublestackvalue.go:295.2,295.158 1 0
github.com/gclkaze/tafexpr/stackvalue/doublestackvalue.go:297.143,299.21 2 0
github.com/gclkaze/tafexpr/stackvalue/doublestackvalue.go:300.19,301.3 1 0
github.com/gclkaze/tafexpr/stackvalue/doublestackvalue.go:301.3,303.11 2 0
github.com/gclkaze/tafexpr/stackvalue/doublestackvalue.go:303.11,305.5 1 0
github.com/gclkaze/tafexpr/stackvalue/doublestackvalue.go:306.4,307.18 2 0
github.com/gclkaze/tafexpr/stackvalue/doublestackvalue.go:307.18,309.5 1 0
github.com/gclkaze/tafexpr/stackvalue/doublestackvalue.go:310.4,310.20 1 0
github.com/gclkaze/tafexpr/stackvalue/doublestackvalue.go:310.20,312.5 1 0
github.com/gclkaze/tafexpr/stackvalue/doublestackvalue.go:313.4,313.23 1 0
github.com/gclkaze/tafexpr/stackvalue/doublestackvalue.go:315.15,317.10 2 0
github.com/gclkaze/tafexpr/stackvalue/doublestackvalue.go:317.10,319.4 1 0
github.com/gclkaze/tafexpr/stackvalue/doublestackvalue.go:320.3,321.23 2 0
github.com/gclkaze/tafexpr/stackvalue/doublestackvalue.go:321.23,323.4 1 0
github.com/gclkaze/tafexpr/stackvalue/doublestackvalue.go:324.3,324.99 1 0
github.com/gclkaze/tafexpr/stackvalue/doublestackvalue.go:325.14,327.10 2 0
github.com/gclkaze/tafexpr/stackvalue/doublestackvalue.go:327.10,329.4 1 0
github.com/gclkaze/tafexpr/stackvalue/doublestackvalue.go:330.3,331.23 2 0
github.com/gclkaze/tafexpr/stackvalue/doublestackvalue.go:331.23,333.4 1 0
github.com/gclkaze/tafexpr/stackvalue/doublestackvalue.go:334.3,334.109 1 0
github.com/gclkaze/tafexpr/stackvalue/doublestackvalue.go:335.12,337.10 2 0
github.com/gclkaze/tafexpr/stackvalue/doublestackvalue.go:337.10,339.4 1 0
github.com/gclkaze/tafexpr/stackvalue/doublestackvalue.go:340.3,340.24 1 0
github.com/gclkaze/tafexpr/stackvalue/doublestackvalue.go:340.24,342.4 1 0
github.com/gclkaze/tafexpr/stackvalue/doublestackvalue.go:343.3,343.85 1 0
github.com/gclkaze/tafexpr/stackvalue/doublestackvalue.go:344.12,346.10 2 0
github.com/gclkaze/tafexpr/stackvalue/doublestackvalue.go:346.10,348.4 1 0
github.com/gclkaze/tafexpr/stackvalue/doublestackvalue.go:350.3,350.96 1 0
github.com/gclkaze/tafexpr/stackvalue/doublestackvalue.go:352.2,352.158 1 0
github.com/gclkaze/tafexpr/stackvalue/doublestackvaluelog.go:10.149,12.21 2 0
github.com/gclkaze/tafexpr/stackvalue/doublestackvaluelog.go:13.19,14.3 1 0
github.com/gclkaze/tafexpr/stackvalue/doublestackvaluelog.go:14.3,16.11 2 0
github.com/gclkaze/tafexpr/stackvalue/doublestackvaluelog.go:16.11,18.5 1 0
github.com/gclkaze/tafexpr/stackvalue/doublestackvaluelog.go:19.4,20.18 2 0
github.com/gclkaze/tafexpr/stackvalue/doublestackvaluelog.go:20.18,22.5 1 0
github.com/gclkaze/tafexpr/stackvalue/doublestackvaluelog.go:23.4,23.20 1 0
github.com/gclkaze/tafexpr/stackvalue/doublestackvaluelog.go:23.20,25.5 1 0
github.com/gclkaze/tafexpr/stackvalue/doublestackvaluelog.go:26.4,26.30 1 0
github.com/gclkaze/tafexpr/stackvalue/doublestackvaluelog.go:28.15,30.10 2 0
github.com/gclkaze/tafexpr/stackvalue/doublestackvaluelog.go:30.10,32.4 1 0
github.com/gclkaze/tafexpr/stackvalue/doublestackvaluelog.go:33.3,33.109 1 0
github.com/gclkaze/tafexpr/stackvalue/doublestackvaluelog.go:34.14,36.10 2 0
github.com/gclkaze/tafexpr/stackvalue/doublestackvaluelog.go:36.10,38.4 1 0
github.com/gclkaze/tafexpr/stackvalue/doublestackvaluelog.go:39.3,39.103 1 0
github.com/gclkaze/tafexpr/stackvalue/doublestackvaluelog.go:40.12,42.10 2 0
github.com/gclkaze/tafexpr/stackvalue/doublestackvaluelog.go:42.10,44.4 1 0
github.com/gclkaze/tafexpr/stackvalue/doublestackvaluelog.go:45.3,46.23 2 0
github.com/gclkaze/tafexpr/stackvalue/doublestackvaluelog.go:46.23,48.4 1 0
github.com/gclkaze/tafexpr/stackvalue/doublestackvaluelog.go:49.3,49.98 1 0
github.com/gclkaze/tafexpr/stackvalue/doublestackvaluelog.go:50.12,52.10 2 0
github.com/gclkaze/tafexpr/stackvalue/doublestackvaluelog.go:52.10,54.4 1 0
github.com/gclkaze/tafexpr/stackvalue/doublestackvaluelog.go:56.3,56.86 1 0
github.com/gclkaze/tafexpr/stackvalue/doublestackvaluelog.go:58.2,58.166 1 0
github.com/gclkaze/tafexpr/stackvalue/doublestackvaluelog.go:61.154,63.21 2 0
github.com/gclkaze/tafexpr/stackvalue/doublestackvaluelog.go:64.19,65.3 1 0
github.com/gclkaze/tafexpr/stackvalue/doublestackvaluelog.go:65.3,67.11 2 0
github.com/gclkaze/tafexpr/stackvalue/doublestackvaluelog.go:67.11,69.5 1 0
github.com/gclkaze/tafexpr/stackvalue/doublestackvaluelog.go:70.4,71.18 2 0
github.com/gclkaze/tafexpr/stackvalue/doublestackvaluelog.go:71.18,73.5 1 0
github.com/gclkaze/tafexpr/stackvalue/doublestackvaluelog.go:74.4,74.20 1 0
github.com/gclkaze/tafexpr/stackvalue/doublestackvaluelog.go:74.20,76.5 1 0
github.com/gclkaze/tafexpr/stackvalue/doublestackvaluelog.go:77.4,77.35 1 0
github.com/gclkaze/tafexpr/stackvalue/doublestackvaluelog.go:79.15,81.10 2 0
github.com/gclkaze/tafexpr/stackvalue/doublestackvaluelog.go:81.10,83.4 1 0
github.com/gclkaze/tafexpr/stackvalue/doublestackvaluelog.go:84.3,84.106 1 0
github.com/gclkaze/tafexpr/stackvalue/doublestackvaluelog.go:85.14,87.10 2 0
github.com/gclkaze/tafexpr/stackvalue/doublestackvaluelog.go:87.10,89.4 1 0
github.com/gclkaze/tafexpr/stackvalue/doublestackvaluelog.go:90.3,90.106 1 0
github.com/gclkaze/tafexpr/stackvalue/doublestackvaluelog.go:91.12,93.10 2 0
github.com/gclkaze/tafexpr/stackvalue/doublestackvaluelog.go:93.10,95.4 1 0
github.com/gclkaze/tafexpr/stackvalue/doublestackvaluelog.go:96.3,97.23 2 0
github.com/gclkaze/tafexpr/stackvalue/doublestackvaluelog.go:97.23,99.4 1 0
github.com/gclkaze/tafexpr/stackvalue/doublestackvaluelog.go:100.3,100.99 1 0
github.com/gclkaze/tafexpr/stackvalue/doublestackvaluelog.go:101.12,103.10 2 0
github.com/gclkaze/tafexpr/stackvalue/doublestackvaluelog.go:103.10,105.4 1 0
github.com/gclkaze/tafexpr/stackvalue/doublestackvaluelog.go:107.3,107.87 1 0
github.com/gclkaze/tafexpr/stackvalue/doublestackvaluelog.go:109.2,109.172 1 0
github.com/gclkaze/tafexpr/stackvalue/doublestackvaluelog.go:112.144,114.21 2 0
github.com/gclkaze/tafexpr/stackvalue/doublestackvaluelog.go:115.19,116.3 1 0
github.com/gclkaze/tafexpr/stackvalue/doublestackvaluelog.go:116.3,118.11 2 0
github.com/gclkaze/tafexpr/stackvalue/doublestackvaluelog.go:118.11,120.5 1 0
github.com/gclkaze/tafexpr/stackvalue/doublestackvaluelog.go:121.4,122.18 2 0
github.com/gclkaze/tafexpr/stackvalue/doublestackvaluelog.go:122.18,124.5 1 0
github.com/gclkaze/tafexpr/stackvalue/doublestackvaluelog.go:125.4,125.20 1 0
github.com/gclkaze/tafexpr/stackvalue/doublestackvaluelog.go:125.20,127.5 1 0
github.com/gclkaze/tafexpr/stackvalue/doublestackvaluelog.go:128.4,128.25 1 0
github.com/gclkaze/tafexpr/stackvalue/doublestackvaluelog.go:130.15,132.10 2 0
github.com/gclkaze/tafexpr/stackvalue/doublestackvaluelog.go:132.10,134.4 1 0
github.com/gclkaze/tafexpr/stackvalue/doublestackvaluelog.go:135.3,135.110 1 0
github.com/gclkaze/tafexpr/stackvalue/doublestackvaluelog.go:136.14,138.10 2 0
github.com/gclkaze/tafexpr/stackvalue/doublestackvaluelog.go:138.10,140.4 1 0
github.com/gclkaze/tafexpr/stackvalue/doublestackvaluelog.go:141.3,141.106 1 0
github.com/gclkaze/tafexpr/stackvalue/doublestackvaluelog.go:142.12,144.10 2 0
github.com/gclkaze/tafexpr/stackvalue/doublestackvaluelog.go:144.10,146.4 1 0
github.com/gclkaze/tafexpr/stackvalue/doublestackvaluelog.go:147.3,148.23 2 0
github.com/gclkaze/tafexpr/stackvalue/doublestackvaluelog.go:148.23,150.4 1 0
github.com/gclkaze/tafexpr/stackvalue/doublestackvaluelog.go:151.3,151.99 1 0
github.com/gclkaze/tafexpr/stackvalue/doublestackvaluelog.go:152.12,154.10 2 0
github.com/gclkaze/tafexpr/stackvalue/doublestackvaluelog.go:154.10,156.4 1 0
github.com/gclkaze/tafexpr/stackvalue/doublestackvaluelog.go:158.3,158.87 1 0
github.com/gclkaze/tafexpr/stackvalue/doublestackvaluelog.go:160.2,160.163 1 0
github.com/gclkaze/tafexpr/stackvalue/doublestackvaluelog.go:163.146,165.21 2 0
github.com/gclkaze/tafexpr/stackvalue/doublestackvaluelog.go:166.19,167.3 1 0
github.com/gclkaze/tafexpr/stackvalue/doublestackvaluelog.go:167.3,169.11 2 0
github.com/gclkaze/tafexpr/stackvalue/doublestackvaluelog.go:169.11,171.5 1 0
github.com/gclkaze/tafexpr/stackvalue/doublestackvaluelog.go:172.4,173.18 2 0
github.com/gclkaze/tafexpr/stackvalue/doublestackvaluelog.go:173.18,175.5 1 0
github.com/gclkaze/tafexpr/stackvalue/doublestackvaluelog.go:176.4,176.20 1 0
github.com/gclkaze/tafexpr/stackvalue/doublestackvaluelog.go:176.20,178.5 1 0
github.com/gclkaze/tafexpr/stackvalue/doublestackvaluelog.go:179.4,179.27 1 0
github.com/gclkaze/tafexpr/stackvalue/doublestackvaluelog.go:181.14,182.133 1 0
github.com/gclkaze/tafexpr/stackvalue/doublestackvaluelog.go:183.15,185.10 2 0
github.com/gclkaze/tafexpr/stackvalue/doublestackvaluelog.go:185.10,187.4 1 0
github.com/gclkaze/tafexpr/stackvalue/doublestackvaluelog.go:188.3,188.110 1 0
github.com/gclkaze/tafexpr/stackvalue/doublestackvaluelog.go:189.14,191.10 2 0
github.com/gclkaze/tafexpr/stackvalue/doublestackvaluelog.go:191.10,193.4 1 0
github.com/gclkaze/tafexpr/stackvalue/doublestackvaluelog.go:194.3,194.106 1 0
github.com/gclkaze/tafexpr/stackvalue/doublestackvaluelog.go:195.12,197.10 2 0
github.com/gclkaze/tafexpr/stackvalue/doublestackvaluelog.go:197.10,199.4 1 0
github.com/gclkaze/tafexpr/stackvalue/doublestackvaluelog.go:200.3,201.23 2 0
github.com/gclkaze/tafexpr/stackvalue/doublestackvaluelog.go:201.23,203.4 1 0
github.com/gclkaze/tafexpr/stackvalue/doublestackvaluelog.go:204.3,204.99 1 0
github.com/gclkaze/tafexpr/stackvalue/doublestackvaluelog.go:205.12,207.10 2 0
github.com/gclkaze/tafexpr/stackvalue/doublestackvaluelog.go:207.10,209.4 1 0
github.com/gclkaze/tafexpr/stackvalue/doublestackvaluelog.go:211.3,211.87 1 0
github.com/gclkaze/tafexpr/stackvalue/doublestackvaluelog.go:213.2,213.165 1 0
github.com/gclkaze/tafexpr/stackvalue/doublestackvaluelog.go:216.150,218.21 2 0
github.com/gclkaze/tafexpr/stackvalue/doublestackvaluelog.go:219.19,220.3 1 0
github.com/gclkaze/tafexpr/stackvalue/doublestackvaluelog.go:220.3,222.11 2 0
github.com/gclkaze/tafexpr/stackvalue/doublestackvaluelog.go:222.11,224.5 1 0
github.com/gclkaze/tafexpr/stackvalue/doublestackvaluelog.go:225.4,226.18 2 0
github.com/gclkaze/tafexpr/stackvalue/doublestackvaluelog.go:226.18,228.5 1 0
github.com/gclkaze/tafexpr/stackvalue/doublestackvaluelog.go:229.4,229.20 1 0
github.com/gclkaze/tafexpr/stackvalue/doublestackvaluelog.go:229.20,231.5 1 0
github.com/gclkaze/tafexpr/stackvalue/doublestackvaluelog.go:232.4,232.31 1 0
github.com/gclkaze/tafexpr/stackvalue/doublestackvaluelog.go:234.15,236.10 2 0
github.com/gclkaze/tafexpr/stackvalue/doublestackvaluelog.go:236.10,238.4 1 0
github.com/gclkaze/tafexpr/stackvalue/doublestackvaluelog.go:239.3,239.109 1 0
github.com/gclkaze/tafexpr/stackvalue/doublestackvaluelog.go:240.14,242.10 2 0
github.com/gclkaze/tafexpr/stackvalue/doublestackvaluelog.go:242.10,244.4 1 0
github.com/gclkaze/tafexpr/stackvalue/doublestackvaluelog.go:245.3,245.103 1 0
github.com/gclkaze/tafexpr/stackvalue/doublestackvaluelog.go:246.12,248.10 2 0
github.com/gclkaze/tafexpr/stackvalue/doublestackvaluelog.go:248.10,250.4 1 0
github.com/gclkaze/tafexpr/stackvalue/doublestackvaluelog.go:251.3,252.23 2 0
github.com/gclkaze/tafexpr/stackvalue/doublestackvaluelog.go:252.23,254.4 1 0
github.com/gclkaze/tafexpr/stackvalue/doublestackvaluelog.go:255.3,255.98 1 0
github.com/gclkaze/tafexpr/stackvalue/doublestackvaluelog.go:256.12,258.10 2 0
github.com/gclkaze/tafexpr/stackvalue/doublestackvaluelog.go:258.10,260.4 1 0
github.com/gclkaze/tafexpr/stackvalue/doublestackvaluelog.go:262.3,262.86 1 0
github.com/gclkaze/tafexpr/stackvalue/doublestackvaluelog.go:264.2,264.167 1 0
github.com/gclkaze/tafexpr/stackvalue/doublestackvaluelog.go:267.155,269.21 2 0
github.com/gclkaze/tafexpr/stackvalue/doublestackvaluelog.go:270.19,271.3 1 0
github.com/gclkaze/tafexpr/stackvalue/doublestackvaluelog.go:271.3,273.11 2 0
github.com/gclkaze/tafexpr/stackvalue/doublestackvaluelog.go:273.11,275.5 1 0
github.com/gclkaze/tafexpr/stackvalue/doublestackvaluelog.go:276.4,277.18 2 0
github.com/gclkaze/tafexpr/stackvalue/doublestackvaluelog.go:277.18,279.5 1 0
github.com/gclkaze/tafexpr/stackvalue/doublestackvaluelog.go:280.4,280.20 1 0
github.com/gclkaze/tafexpr/stackvalue/doublestackvaluelog.go:280.20,282.5 1 0
github.com/gclkaze/tafexpr/stackvalue/doublestackvaluelog.go:283.4,283.36 1 0
github.com/gclkaze/tafexpr/stackvalue/doublestackvaluelog.go:285.15,287.10 2 0
github.com/gclkaze/tafexpr/stackvalue/doublestackvaluelog.go:287.10,289.4 1 0
github.com/gclkaze/tafexpr/stackvalue/doublestackvaluelog.go:290.3,290.110 1 0
github.com/gclkaze/tafexpr/stackvalue/doublestackvaluelog.go:291.14,293.10 2 0
github.com/gclkaze/tafexpr/stackvalue/doublestackvaluelog.go:293.10,295.4 1 0
github.com/gclkaze/tafexpr/stackvalue/doublestackvaluelog.go:296.3,296.104 1 0
github.com/gclkaze/tafexpr/stackvalue/doublestackvaluelog.go:297.12,299.10 2 0
github.com/gclkaze/tafexpr/stackvalue/doublestackvaluelog.go:299.10,301.4 1 0
github.com/gclkaze/tafexpr/stackvalue/doublestackvaluelog.go:302.3,303.23 2 0
github.com/gclkaze/tafexpr/stackvalue/doublestackvaluelog.go:303.23,305.4 1 0
github.com/gclkaze/tafexpr/stackvalue/doublestackvaluelog.go:306.3,306.99 1 0
github.com/gclkaze/tafexpr/stackvalue/doublestackvaluelog.go:307.12,309.10 2 0
github.com/gclkaze/tafexpr/stackvalue/doublestackvaluelog.go:309.10,311.4 1 0
github.com/gclkaze/tafexpr/stackvalue/doublestackvaluelog.go:313.3,313.87 1 0
github.com/gclkaze/tafexpr/stackvalue/doublestackvaluelog.go:315.2,315.173 1 0
github.com/gclkaze/tafexpr/stackvalue/doublestackvaluelog.go:317.142,318.18 1 0
github.com/gclkaze/tafexpr/stackvalue/doublestackvaluelog.go:318.18,320.3 1 0
github.com/gclkaze/tafexpr/stackvalue/doublestackvaluelog.go:321.2,322.21 2 0
github.com/gclkaze/tafexpr/stackvalue/doublestackvaluelog.go:323.14,325.10 2 0
github.com/gclkaze/tafexpr/stackvalue/doublestackvaluelog.go:325.10,327.4 1 0
github.com/gclkaze/tafexpr/stackvalue/doublestackvaluelog.go:328.3,328.108 1 0
github.com/gclkaze/tafexpr/stackvalue/doublestackvaluelog.go:329.15,331.10 2 0
github.com/gclkaze/tafexpr/stackvalue/doublestackvaluelog.go:331.10,333.4 1 0
github.com/gclkaze/tafexpr/stackvalue/doublestackvaluelog.go:334.3,334.102 1 0
github.com/gclkaze/tafexpr/stackvalue/doublestackvaluelog.go:335.14,337.10 2 0
github.com/gclkaze/tafexpr/stackvalue/doublestackvaluelog.go:337.10,339.4 1 0
github.com/gclkaze/tafexpr/stackvalue/doublestackvaluelog.go:340.3,340.105 1 0
github.com/gclkaze/tafexpr/stackvalue/doublestackvaluelog.go:341.12,343.10 2 0
github.com/gclkaze/tafexpr/stackvalue/doublestackvaluelog.go:343.10,345.4 1 0
github.com/gclkaze/tafexpr/stackvalue/doublestackvaluelog.go:347.3,347.99 1 0
github.com/gclkaze/tafexpr/stackvalue/doublestackvaluelog.go:348.12,350.10 2 0
github.com/gclkaze/tafexpr/stackvalue/doublestackvaluelog.go:350.10,352.4 1 0
github.com/gclkaze/tafexpr/stackvalue/doublestackvaluelog.go:354.3,354.76 1 0
github.com/gclkaze/tafexpr/stackvalue/doublestackvaluelog.go:355.18,357.10 2 0
github.com/gclkaze/tafexpr/stackvalue/doublestackvaluelog.go:357.10,359.4 1 0
github.com/gclkaze/tafexpr/stackvalue/doublestackvaluelog.go:360.3,360.98 1 0
github.com/gclkaze/tafexpr/stackvalue/doublestackvaluelog.go:361.19,363.10 2 0
github.com/gclkaze/tafexpr/stackvalue/doublestackvaluelog.go:363.10,365.4 1 0
github.com/gclkaze/tafexpr/stackvalue/doublestackvaluelog.go:366.3,366.96 1 0
github.com/gclkaze/tafexpr/stackvalue/doublestackvaluelog.go:368.2,368.158 1 0
github.com/gclkaze/tafexpr/stackvalue/doublestackvaluelog.go:371.141,374.18 3 0
github.com/gclkaze/tafexpr/stackvalue/doublestackvaluelog.go:374.18,376.3 1 0
github.com/gclkaze/tafexpr/stackvalue/doublestackvaluelog.go:377.2,377.21 1 0
github.com/gclkaze/tafexpr/stackvalue/doublestackvaluelog.go:378.14,380.10 2 0
github.com/gclkaze/tafexpr/stackvalue/doublestackvaluelog.go:380.10,382.4 1 0
github.com/gclkaze/tafexpr/stackvalue/doublestackvaluelog.go:383.3,383.108 1 0
github.com/gclkaze/tafexpr/stackvalue/doublestackvaluelog.go:384.15,386.10 2 0
github.com/gclkaze/tafexpr/stackvalue/doublestackvaluelog.go:386.10,388.4 1 0
github.com/gclkaze/tafexpr/stackvalue/doublestackvaluelog.go:389.3,389.102 1 0
github.com/gclkaze/tafexpr/stackvalue/doublestackvaluelog.go:390.14,392.10 2 0
github.com/gclkaze/tafexpr/stackvalue/doublestackvaluelog.go:392.10,394.4 1 0
github.com/gclkaze/tafexpr/stackvalue/doublestackvaluelog.go:395.3,395.105 1 0
github.com/gclkaze/tafexpr/stackvalue/doublestackvaluelog.go:396.12,398.10 2 0
github.com/gclkaze/tafexpr/stackvalue/doublestackvaluelog.go:398.10,400.4 1 0
github.com/gclkaze/tafexpr/stackvalue/doublestackvaluelog.go:402.3,402.99 1 0
github.com/gclkaze/tafexpr/stackvalue/doublestackvaluelog.go:403.12,405.10 2 0
github.com/gclkaze/tafexpr/stackvalue/doublestackvaluelog.go:405.10,407.4 1 0
github.com/gclkaze/tafexpr/stackvalue/doublestackvaluelog.go:408.3,408.84 1 0
github.com/gclkaze/tafexpr/stackvalue/doublestackvaluelog.go:409.18,411.10 2 0
github.com/gclkaze/tafexpr/stackvalue/doublestackvaluelog.go:411.10,413.4 1 0
github.com/gclkaze/tafexpr/stackvalue/doublestackvaluelog.go:414.3,414.98 1 0
github.com/gclkaze/tafexpr/stackvalue/doublestackvaluelog.go:415.19,417.10 2 0
github.com/gclkaze/tafexpr/stackvalue/doublestackvaluelog.go:417.10,419.4 1 0
github.com/gclkaze/tafexpr/stackvalue/doublestackvaluelog.go:420.3,420.96 1 0
github.com/gclkaze/tafexpr/stackvalue/doublestackvaluelog.go:423.2,423.157 1 0
github.com/gclkaze/tafexpr/stackvalue/doublestackvaluelog.go:426.130,427.18 1 0
github.com/gclkaze/tafexpr/stackvalue/doublestackvaluelog.go:427.18,429.3 1 0
github.com/gclkaze/tafexpr/stackvalue/doublestackvaluelog.go:430.2,430.75 1 0
github.com/gclkaze/tafexpr/stackvalue/intstackvalue.go:16.53,18.2 1 0
github.com/gclkaze/tafexpr/stackvalue/intstackvalue.go:20.66,22.2 1 0
github.com/gclkaze/tafexpr/stackvalue/intstackvalue.go:24.67,26.2 1 0
github.com/gclkaze/tafexpr/stackvalue/intstackvalue.go:28.65,30.2 1 0
github.com/gclkaze/tafexpr/stackvalue/intstackvalue.go:32.48,34.2 1 0
github.com/gclkaze/tafexpr/stackvalue/intstackvalue.go:36.53,38.2 1 0
github.com/gclkaze/tafexpr/stackvalue/intstackvalue.go:40.46,42.2 1 0
github.com/gclkaze/tafexpr/stackvalue/intstackvalue.go:44.43,46.2 1 0
github.com/gclkaze/tafexpr/stackvalue/intstackvalue.go:48.61,50.2 1 0
github.com/gclkaze/tafexpr/stackvalue/intstackvalue.go:52.44,54.2 1 0
github.com/gclkaze/tafexpr/stackvalue/intstackvalue.go:56.44,58.2 1 0
github.com/gclkaze/tafexpr/stackvalue/intstackvalue.go:60.53,63.2 2 0
github.com/gclkaze/tafexpr/stackvalue/intstackvalue.go:65.58,66.32 1 0
github.com/gclkaze/tafexpr/stackvalue/intstackvalue.go:66.32,67.37 1 0
github.com/gclkaze/tafexpr/stackvalue/intstackvalue.go:67.37,69.59 2 0
github.com/gclkaze/tafexpr/stackvalue/intstackvalue.go:69.59,72.5 2 0
github.com/gclkaze/tafexpr/stackvalue/intstackvalue.go:72.10,75.5 2 0
github.com/gclkaze/tafexpr/stackvalue/intstackvalue.go:77.3,77.15 1 0
github.com/gclkaze/tafexpr/stackvalue/intstackvalue.go:79.2,80.9 2 0
github.com/gclkaze/tafexpr/stackvalue/intstackvalue.go:80.9,82.3 1 0
github.com/gclkaze/tafexpr/stackvalue/intstackvalue.go:83.2,83.30 1 0
github.com/gclkaze/tafexpr/stackvalue/intstackvalue.go:86.46,88.2 1 0
github.com/gclkaze/tafexpr/stackvalue/intstackvalue.go:90.144,92.21 2 0
github.com/gclkaze/tafexpr/stackvalue/intstackvalue.go:93.19,94.3 1 0
github.com/gclkaze/tafexpr/stackvalue/intstackvalue.go:94.3,96.11 2 0
github.com/gclkaze/tafexpr/stackvalue/intstackvalue.go:96.11,98.5 1 0
github.com/gclkaze/tafexpr/stackvalue/intstackvalue.go:99.4,100.18 2 0
github.com/gclkaze/tafexpr/stackvalue/intstackvalue.go:100.18,102.5 1 0
github.com/gclkaze/tafexpr/stackvalue/intstackvalue.go:103.4,103.20 1 0
github.com/gclkaze/tafexpr/stackvalue/intstackvalue.go:103.20,105.5 1 0
github.com/gclkaze/tafexpr/stackvalue/intstackvalue.go:106.4,106.23 1 0
github.com/gclkaze/tafexpr/stackvalue/intstackvalue.go:108.15,110.10 2 0
github.com/gclkaze/tafexpr/stackvalue/intstackvalue.go:110.10,112.4 1 0
github.com/gclkaze/tafexpr/stackvalue/intstackvalue.go:113.3,113.100 1 0
github.com/gclkaze/tafexpr/stackvalue/intstackvalue.go:114.14,116.10 2 0
github.com/gclkaze/tafexpr/stackvalue/intstackvalue.go:116.10,118.4 1 0
github.com/gclkaze/tafexpr/stackvalue/intstackvalue.go:119.3,119.113 1 0
github.com/gclkaze/tafexpr/stackvalue/intstackvalue.go:120.12,122.10 2 0
github.com/gclkaze/tafexpr/stackvalue/intstackvalue.go:122.10,124.4 1 0
github.com/gclkaze/tafexpr/stackvalue/intstackvalue.go:125.3,125.23 1 0
github.com/gclkaze/tafexpr/stackvalue/intstackvalue.go:125.23,127.4 1 0
github.com/gclkaze/tafexpr/stackvalue/intstackvalue.go:128.3,128.82 1 0
github.com/gclkaze/tafexpr/stackvalue/intstackvalue.go:129.12,131.10 2 0
github.com/gclkaze/tafexpr/stackvalue/intstackvalue.go:131.10,133.4 1 0
github.com/gclkaze/tafexpr/stackvalue/intstackvalue.go:135.3,135.82 1 0
github.com/gclkaze/tafexpr/stackvalue/intstackvalue.go:137.2,137.160 1 0
github.com/gclkaze/tafexpr/stackvalue/intstackvalue.go:139.144,141.21 2 0
github.com/gclkaze/tafexpr/stackvalue/intstackvalue.go:142.19,143.3 1 0
github.com/gclkaze/tafexpr/stackvalue/intstackvalue.go:143.3,145.11 2 0
github.com/gclkaze/tafexpr/stackvalue/intstackvalue.go:145.11,147.5 1 0
github.com/gclkaze/tafexpr/stackvalue/intstackvalue.go:148.4,149.18 2 0
github.com/gclkaze/tafexpr/stackvalue/intstackvalue.go:149.18,151.5 1 0
github.com/gclkaze/tafexpr/stackvalue/intstackvalue.go:152.4,152.20 1 0
github.com/gclkaze/tafexpr/stackvalue/intstackvalue.go:152.20,154.5 1 0
github.com/gclkaze/tafexpr/stackvalue/intstackvalue.go:155.4,155.23 1 0
github.com/gclkaze/tafexpr/stackvalue/intstackvalue.go:157.15,159.10 2 0
github.com/gclkaze/tafexpr/stackvalue/intstackvalue.go:159.10,161.4 1 0
github.com/gclkaze/tafexpr/stackvalue/intstackvalue.go:162.3,162.100 1 0
github.com/gclkaze/tafexpr/stackvalue/intstackvalue.go:163.14,165.10 2 0
github.com/gclkaze/tafexpr/stackvalue/intstackvalue.go:165.10,167.4 1 0
github.com/gclkaze/tafexpr/stackvalue/intstackvalue.go:168.3,168.111 1 0
github.com/gclkaze/tafexpr/stackvalue/intstackvalue.go:169.12,171.10 2 0
github.com/gclkaze/tafexpr/stackvalue/intstackvalue.go:171.10,173.4 1 0
github.com/gclkaze/tafexpr/stackvalue/intstackvalue.go:174.3,174.23 1 0
github.com/gclkaze/tafexpr/stackvalue/intstackvalue.go:174.23,176.4 1 0
github.com/gclkaze/tafexpr/stackvalue/intstackvalue.go:177.3,177.82 1 0
github.com/gclkaze/tafexpr/stackvalue/intstackvalue.go:178.12,180.10 2 0
github.com/gclkaze/tafexpr/stackvalue/intstackvalue.go:180.10,182.4 1 0
github.com/gclkaze/tafexpr/stackvalue/intstackvalue.go:184.3,184.82 1 0
github.com/gclkaze/tafexpr/stackvalue/intstackvalue.go:186.2,186.160 1 0
github.com/gclkaze/tafexpr/stackvalue/intstackvalue.go:188.144,190.21 2 0
github.com/gclkaze/tafexpr/stackvalue/intstackvalue.go:191.19,192.3 1 0
github.com/gclkaze/tafexpr/stackvalue/intstackvalue.go:192.3,194.11 2 0
github.com/gclkaze/tafexpr/stackvalue/intstackvalue.go:194.11,196.5 1 0
github.com/gclkaze/tafexpr/stackvalue/intstackvalue.go:197.4,198.18 2 0
github.com/gclkaze/tafexpr/stackvalue/intstackvalue.go:198.18,200.5 1 0
github.com/gclkaze/tafexpr/stackvalue/intstackvalue.go:201.4,201.20 1 0
github.com/gclkaze/tafexpr/stackvalue/intstackvalue.go:201.20,203.5 1 0
github.com/gclkaze/tafexpr/stackvalue/intstackvalue.go:204.4,204.23 1 0
github.com/gclkaze/tafexpr/stackvalue/intstackvalue.go:207.15,209.10 2 0
github.com/gclkaze/tafexpr/stackvalue/intstackvalue.go:209.10,211.4 1 0
github.com/gclkaze/tafexpr/stackvalue/intstackvalue.go:212.3,212.100 1 0
github.com/gclkaze/tafexpr/stackvalue/intstackvalue.go:213.14,215.10 2 0
github.com/gclkaze/tafexpr/stackvalue/intstackvalue.go:215.10,217.4 1 0
github.com/gclkaze/tafexpr/stackvalue/intstackvalue.go:218.3,218.111 1 0
github.com/gclkaze/tafexpr/stackvalue/intstackvalue.go:219.12,221.10 2 0
github.com/gclkaze/tafexpr/stackvalue/intstackvalue.go:221.10,223.4 1 0
github.com/gclkaze/tafexpr/stackvalue/intstackvalue.go:224.3,224.24 1 0
github.com/gclkaze/tafexpr/stackvalue/intstackvalue.go:224.24,226.4 1 0
github.com/gclkaze/tafexpr/stackvalue/intstackvalue.go:227.3,227.82 1 0
github.com/gclkaze/tafexpr/stackvalue/intstackvalue.go:228.12,230.10 2 0
github.com/gclkaze/tafexpr/stackvalue/intstackvalue.go:230.10,232.4 1 0
github.com/gclkaze/tafexpr/stackvalue/intstackvalue.go:234.3,234.75 1 0
github.com/gclkaze/tafexpr/stackvalue/intstackvalue.go:236.2,236.160 1 0
github.com/gclkaze/tafexpr/stackvalue/intstackvalue.go:238.144,240.21 2 0
github.com/gclkaze/tafexpr/stackvalue/intstackvalue.go:241.19,242.3 1 0
github.com/gclkaze/tafexpr/stackvalue/intstackvalue.go:242.3,244.11 2 0
github.com/gclkaze/tafexpr/stackvalue/intstackvalue.go:244.11,246.5 1 0
github.com/gclkaze/tafexpr/stackvalue/intstackvalue.go:247.4,248.18 2 0
github.com/gclkaze/tafexpr/stackvalue/intstackvalue.go:248.18,250.5 1 0
github.com/gclkaze/tafexpr/stackvalue/intstackvalue.go:251.4,251.20 1 0
github.com/gclkaze/tafexpr/stackvalue/intstackvalue.go:251.20,253.5 1 0
github.com/gclkaze/tafexpr/stackvalue/intstackvalue.go:254.4,254.23 1 0
github.com/gclkaze/tafexpr/stackvalue/intstackvalue.go:256.15,258.10 2 0
github.com/gclkaze/tafexpr/stackvalue/intstackvalue.go:258.10,260.4 1 0
github.com/gclkaze/tafexpr/stackvalue/intstackvalue.go:261.3,262.23 2 0
github.com/gclkaze/tafexpr/stackvalue/intstackvalue.go:262.23,264.4 1 0
github.com/gclkaze/tafexpr/stackvalue/intstackvalue.go:265.3,265.96 1 0
github.com/gclkaze/tafexpr/stackvalue/intstackvalue.go:266.14,268.10 2 0
github.com/gclkaze/tafexpr/stackvalue/intstackvalue.go:268.10,270.4 1 0
github.com/gclkaze/tafexpr/stackvalue/intstackvalue.go:271.3,272.23 2 0
github.com/gclkaze/tafexpr/stackvalue/intstackvalue.go:272.23,274.4 1 0
github.com/gclkaze/tafexpr/stackvalue/intstackvalue.go:275.3,275.104 1 0
github.com/gclkaze/tafexpr/stackvalue/intstackvalue.go:276.12,278.10 2 0
github.com/gclkaze/tafexpr/stackvalue/intstackvalue.go:278.10,280.4 1 0
github.com/gclkaze/tafexpr/stackvalue/intstackvalue.go:281.3,281.24 1 0
github.com/gclkaze/tafexpr/stackvalue/intstackvalue.go:281.24,283.4 1 0
github.com/gclkaze/tafexpr/stackvalue/intstackvalue.go:284.3,284.82 1 0
github.com/gclkaze/tafexpr/stackvalue/intstackvalue.go:285.12,287.10 2 0
github.com/gclkaze/tafexpr/stackvalue/intstackvalue.go:287.10,289.4 1 0
github.com/gclkaze/tafexpr/stackvalue/intstackvalue.go:291.3,291.96 1 0
github.com/gclkaze/tafexpr/stackvalue/intstackvalue.go:293.2,293.160 1 0
github.com/gclkaze/tafexpr/stackvalue/intstackvalue.go:296.144,298.21 2 0
github.com/gclkaze/tafexpr/stackvalue/intstackvalue.go:299.19,300.3 1 0
github.com/gclkaze/tafexpr/stackvalue/intstackvalue.go:300.3,302.11 2 0
github.com/gclkaze/tafexpr/stackvalue/intstackvalue.go:302.11,304.5 1 0
github.com/gclkaze/tafexpr/stackvalue/intstackvalue.go:305.4,306.18 2 0
github.com/gclkaze/tafexpr/stackvalue/intstackvalue.go:306.18,308.5 1 0
github.com/gclkaze/tafexpr/stackvalue/intstackvalue.go:309.4,309.20 1 0
github.com/gclkaze/tafexpr/stackvalue/intstackvalue.go:309.20,311.5 1 0
github.com/gclkaze/tafexpr/stackvalue/intstackvalue.go:312.4,312.23 1 0
github.com/gclkaze/tafexpr/stackvalue/intstackvalue.go:314.15,316.10 2 0
github.com/gclkaze/tafexpr/stackvalue/intstackvalue.go:316.10,318.4 1 0
github.com/gclkaze/tafexpr/stackvalue/intstackvalue.go:319.3,320.23 2 0
github.com/gclkaze/tafexpr/stackvalue/intstackvalue.go:320.23,322.4 1 0
github.com/gclkaze/tafexpr/stackvalue/intstackvalue.go:323.3,323.96 1 0
github.com/gclkaze/tafexpr/stackvalue/intstackvalue.go:324.14,326.10 2 0
github.com/gclkaze/tafexpr/stackvalue/intstackvalue.go:326.10,328.4 1 0
github.com/gclkaze/tafexpr/stackvalue/intstackvalue.go:329.3,330.23 2 0
github.com/gclkaze/tafexpr/stackvalue/intstackvalue.go:330.23,332.4 1 0
github.com/gclkaze/tafexpr/stackvalue/intstackvalue.go:333.3,333.106 1 0
github.com/gclkaze/tafexpr/stackvalue/intstackvalue.go:334.12,336.10 2 0
github.com/gclkaze/tafexpr/stackvalue/intstackvalue.go:336.10,338.4 1 0
github.com/gclkaze/tafexpr/stackvalue/intstackvalue.go:339.3,339.24 1 0
github.com/gclkaze/tafexpr/stackvalue/intstackvalue.go:339.24,341.4 1 0
github.com/gclkaze/tafexpr/stackvalue/intstackvalue.go:342.3,342.82 1 0
github.com/gclkaze/tafexpr/stackvalue/intstackvalue.go:343.12,345.10 2 0
github.com/gclkaze/tafexpr/stackvalue/intstackvalue.go:345.10,347.4 1 0
github.com/gclkaze/tafexpr/stackvalue/intstackvalue.go:349.3,349.96 1 0
github.com/gclkaze/tafexpr/stackvalue/intstackvalue.go:351.2,351.160 1 0
github.com/gclkaze/tafexpr/stackvalue/intstackvaluelog.go:10.150,12.21 2 0
github.com/gclkaze/tafexpr/stackvalue/intstackvaluelog.go:13.19,14.3 1 0
github.com/gclkaze/tafexpr/stackvalue/intstackvaluelog.go:14.3,16.11 2 0
github.com/gclkaze/tafexpr/stackvalue/intstackvaluelog.go:16.11,18.5 1 0
github.com/gclkaze/tafexpr/stackvalue/intstackvaluelog.go:19.4,20.18 2 0
github.com/gclkaze/tafexpr/stackvalue/intstackvaluelog.go:20.18,22.5 1 0
github.com/gclkaze/tafexpr/stackvalue/intstackvaluelog.go:23.4,23.20 1 0
github.com/gclkaze/tafexpr/stackvalue/intstackvaluelog.go:23.20,25.5 1 0
github.com/gclkaze/tafexpr/stackvalue/intstackvaluelog.go:26.4,26.30 1 0
github.com/gclkaze/tafexpr/stackvalue/intstackvaluelog.go:28.15,30.10 2 0
github.com/gclkaze/tafexpr/stackvalue/intstackvaluelog.go:30.10,32.4 1 0
github.com/gclkaze/tafexpr/stackvalue/intstackvaluelog.go:33.3,33.97 1 0
github.com/gclkaze/tafexpr/stackvalue/intstackvaluelog.go:34.14,36.10 2 0
github.com/gclkaze/tafexpr/stackvalue/intstackvaluelog.go:36.10,38.4 1 0
github.com/gclkaze/tafexpr/stackvalue/intstackvaluelog.go:39.3,39.105 1 0
github.com/gclkaze/tafexpr/stackvalue/intstackvaluelog.go:40.12,42.10 2 0
github.com/gclkaze/tafexpr/stackvalue/intstackvaluelog.go:42.10,44.4 1 0
github.com/gclkaze/tafexpr/stackvalue/intstackvaluelog.go:45.3,46.23 2 0
github.com/gclkaze/tafexpr/stackvalue/intstackvaluelog.go:46.23,48.4 1 0
github.com/gclkaze/tafexpr/stackvalue/intstackvaluelog.go:49.3,49.90 1 0
github.com/gclkaze/tafexpr/stackvalue/intstackvaluelog.go:50.12,52.10 2 0
github.com/gclkaze/tafexpr/stackvalue/intstackvaluelog.go:52.10,54.4 1 0
github.com/gclkaze/tafexpr/stackvalue/intstackvaluelog.go:56.3,56.83 1 0
github.com/gclkaze/tafexpr/stackvalue/intstackvaluelog.go:58.2,58.168 1 0
github.com/gclkaze/tafexpr/stackvalue/intstackvaluelog.go:61.155,63.21 2 0
github.com/gclkaze/tafexpr/stackvalue/intstackvaluelog.go:64.19,65.3 1 0
github.com/gclkaze/tafexpr/stackvalue/intstackvaluelog.go:65.3,67.11 2 0
github.com/gclkaze/tafexpr/stackvalue/intstackvaluelog.go:67.11,69.5 1 0
github.com/gclkaze/tafexpr/stackvalue/intstackvaluelog.go:70.4,71.18 2 0
github.com/gclkaze/tafexpr/stackvalue/intstackvaluelog.go:71.18,73.5 1 0
github.com/gclkaze/tafexpr/stackvalue/intstackvaluelog.go:74.4,74.20 1 0
github.com/gclkaze/tafexpr/stackvalue/intstackvaluelog.go:74.20,76.5 1 0
github.com/gclkaze/tafexpr/stackvalue/intstackvaluelog.go:77.4,77.35 1 0
github.com/gclkaze/tafexpr/stackvalue/intstackvaluelog.go:79.15,81.10 2 0
github.com/gclkaze/tafexpr/stackvalue/intstackvaluelog.go:81.10,83.4 1 0
github.com/gclkaze/tafexpr/stackvalue/intstackvaluelog.go:84.3,84.98 1 0
github.com/gclkaze/tafexpr/stackvalue/intstackvaluelog.go:85.14,87.10 2 0
github.com/gclkaze/tafexpr/stackvalue/intstackvaluelog.go:87.10,89.4 1 0
github.com/gclkaze/tafexpr/stackvalue/intstackvaluelog.go:90.3,90.106 1 0
github.com/gclkaze/tafexpr/stackvalue/intstackvaluelog.go:91.12,93.10 2 0
github.com/gclkaze/tafexpr/stackvalue/intstackvaluelog.go:93.10,95.4 1 0
github.com/gclkaze/tafexpr/stackvalue/intstackvaluelog.go:96.3,97.23 2 0
github.com/gclkaze/tafexpr/stackvalue/intstackvaluelog.go:97.23,99.4 1 0
github.com/gclkaze/tafexpr/stackvalue/intstackvaluelog.go:100.3,100.91 1 0
github.com/gclkaze/tafexpr/stackvalue/intstackvaluelog.go:101.12,103.10 2 0
github.com/gclkaze/tafexpr/stackvalue/intstackvaluelog.go:103.10,105.4 1 0
github.com/gclkaze/tafexpr/stackvalue/intstackvaluelog.go:107.3,107.84 1 0
github.com/gclkaze/tafexpr/stackvalue/intstackvaluelog.go:109.2,109.174 1 0
github.com/gclkaze/tafexpr/stackvalue/intstackvaluelog.go:112.145,114.21 2 0
github.com/gclkaze/tafexpr/stackvalue/intstackvaluelog.go:115.19,116.3 1 0
github.com/gclkaze/tafexpr/stackvalue/intstackvaluelog.go:116.3,118.11 2 0
github.com/gclkaze/tafexpr/stackvalue/intstackvaluelog.go:118.11,120.5 1 0
github.com/gclkaze/tafexpr/stackvalue/intstackvaluelog.go:121.4,122.18 2 0
github.com/gclkaze/tafexpr/stackvalue/intstackvaluelog.go:122.18,124.5 1 0
github.com/gclkaze/tafexpr/stackvalue/intstackvaluelog.go:125.4,125.20 1 0
github.com/gclkaze/tafexpr/stackvalue/intstackvaluelog.go:125.20,127.5 1 0
github.com/gclkaze/tafexpr/stackvalue/intstackvaluelog.go:128.4,128.25 1 0
github.com/gclkaze/tafexpr/stackvalue/intstackvaluelog.go:130.15,132.10 2 0
github.com/gclkaze/tafexpr/stackvalue/intstackvaluelog.go:132.10,134.4 1 0
github.com/gclkaze/tafexpr/stackvalue/intstackvaluelog.go:135.3,135.98 1 0
github.com/gclkaze/tafexpr/stackvalue/intstackvaluelog.go:136.14,138.10 2 0
github.com/gclkaze/tafexpr/stackvalue/intstackvaluelog.go:138.10,140.4 1 0
github.com/gclkaze/tafexpr/stackvalue/intstackvaluelog.go:141.3,141.106 1 0
github.com/gclkaze/tafexpr/stackvalue/intstackvaluelog.go:142.12,144.10 2 0
github.com/gclkaze/tafexpr/stackvalue/intstackvaluelog.go:144.10,146.4 1 0
github.com/gclkaze/tafexpr/stackvalue/intstackvaluelog.go:147.3,148.23 2 0
github.com/gclkaze/tafexpr/stackvalue/intstackvaluelog.go:148.23,150.4 1 0
github.com/gclkaze/tafexpr/stackvalue/intstackvaluelog.go:151.3,151.91 1 0
github.com/gclkaze/tafexpr/stackvalue/intstackvaluelog.go:152.12,154.10 2 0
github.com/gclkaze/tafexpr/stackvalue/intstackvaluelog.go:154.10,156.4 1 0
github.com/gclkaze/tafexpr/stackvalue/intstackvaluelog.go:158.3,158.84 1 0
github.com/gclkaze/tafexpr/stackvalue/intstackvaluelog.go:160.2,160.165 1 0
github.com/gclkaze/tafexpr/stackvalue/intstackvaluelog.go:163.147,165.21 2 0
github.com/gclkaze/tafexpr/stackvalue/intstackvaluelog.go:166.19,167.3 1 0
github.com/gclkaze/tafexpr/stackvalue/intstackvaluelog.go:167.3,169.11 2 0
github.com/gclkaze/tafexpr/stackvalue/intstackvaluelog.go:169.11,171.5 1 0
github.com/gclkaze/tafexpr/stackvalue/intstackvaluelog.go:172.4,173.18 2 0
github.com/gclkaze/tafexpr/stackvalue/intstackvaluelog.go:173.18,175.5 1 0
github.com/gclkaze/tafexpr/stackvalue/intstackvaluelog.go:176.4,176.20 1 0
github.com/gclkaze/tafexpr/stackvalue/intstackvaluelog.go:176.20,178.5 1 0
github.com/gclkaze/tafexpr/stackvalue/intstackvaluelog.go:179.4,179.27 1 0
github.com/gclkaze/tafexpr/stackvalue/intstackvaluelog.go:181.15,183.10 2 0
github.com/gclkaze/tafexpr/stackvalue/intstackvaluelog.go:183.10,185.4 1 0
github.com/gclkaze/tafexpr/stackvalue/intstackvaluelog.go:186.3,186.98 1 0
github.com/gclkaze/tafexpr/stackvalue/intstackvaluelog.go:187.14,189.10 2 0
github.com/gclkaze/tafexpr/stackvalue/intstackvaluelog.go:189.10,191.4 1 0
github.com/gclkaze/tafexpr/stackvalue/intstackvaluelog.go:192.3,192.106 1 0
github.com/gclkaze/tafexpr/stackvalue/intstackvaluelog.go:193.12,195.10 2 0
github.com/gclkaze/tafexpr/stackvalue/intstackvaluelog.go:195.10,197.4 1 0
github.com/gclkaze/tafexpr/stackvalue/intstackvaluelog.go:198.3,199.23 2 0
github.com/gclkaze/tafexpr/stackvalue/intstackvaluelog.go:199.23,201.4 1 0
github.com/gclkaze/tafexpr/stackvalue/intstackvaluelog.go:202.3,202.91 1 0
github.com/gclkaze/tafexpr/stackvalue/intstackvaluelog.go:203.12,205.10 2 0
github.com/gclkaze/tafexpr/stackvalue/intstackvaluelog.go:205.10,207.4 1 0
github.com/gclkaze/tafexpr/stackvalue/intstackvaluelog.go:209.3,209.84 1 0
github.com/gclkaze/tafexpr/stackvalue/intstackvaluelog.go:211.2,211.167 1 0
github.com/gclkaze/tafexpr/stackvalue/intstackvaluelog.go:214.151,216.21 2 0
github.com/gclkaze/tafexpr/stackvalue/intstackvaluelog.go:217.19,218.3 1 0
github.com/gclkaze/tafexpr/stackvalue/intstackvaluelog.go:218.3,220.11 2 0
github.com/gclkaze/tafexpr/stackvalue/intstackvaluelog.go:220.11,222.5 1 0
github.com/gclkaze/tafexpr/stackvalue/intstackvaluelog.go:223.4,224.18 2 0
github.com/gclkaze/tafexpr/stackvalue/intstackvaluelog.go:224.18,226.5 1 0
github.com/gclkaze/tafexpr/stackvalue/intstackvaluelog.go:227.4,227.20 1 0
github.com/gclkaze/tafexpr/stackvalue/intstackvaluelog.go:227.20,229.5 1 0
github.com/gclkaze/tafexpr/stackvalue/intstackvaluelog.go:230.4,230.31 1 0
github.com/gclkaze/tafexpr/stackvalue/intstackvaluelog.go:232.15,234.10 2 0
github.com/gclkaze/tafexpr/stackvalue/intstackvaluelog.go:234.10,236.4 1 0
github.com/gclkaze/tafexpr/stackvalue/intstackvaluelog.go:237.3,237.97 1 0
github.com/gclkaze/tafexpr/stackvalue/intstackvaluelog.go:238.14,240.10 2 0
github.com/gclkaze/tafexpr/stackvalue/intstackvaluelog.go:240.10,242.4 1 0
github.com/gclkaze/tafexpr/stackvalue/intstackvaluelog.go:243.3,243.105 1 0
github.com/gclkaze/tafexpr/stackvalue/intstackvaluelog.go:244.12,246.10 2 0
github.com/gclkaze/tafexpr/stackvalue/intstackvaluelog.go:246.10,248.4 1 0
github.com/gclkaze/tafexpr/stackvalue/intstackvaluelog.go:249.3,250.23 2 0
github.com/gclkaze/tafexpr/stackvalue/intstackvaluelog.go:250.23,252.4 1 0
github.com/gclkaze/tafexpr/stackvalue/intstackvaluelog.go:253.3,253.90 1 0
github.com/gclkaze/tafexpr/stackvalue/intstackvaluelog.go:254.12,256.10 2 0
github.com/gclkaze/tafexpr/stackvalue/intstackvaluelog.go:256.10,258.4 1 0
github.com/gclkaze/tafexpr/stackvalue/intstackvaluelog.go:260.3,260.83 1 0
github.com/gclkaze/tafexpr/stackvalue/intstackvaluelog.go:262.2,262.169 1 0
github.com/gclkaze/tafexpr/stackvalue/intstackvaluelog.go:265.156,267.21 2 0
github.com/gclkaze/tafexpr/stackvalue/intstackvaluelog.go:268.19,269.3 1 0
github.com/gclkaze/tafexpr/stackvalue/intstackvaluelog.go:269.3,271.11 2 0
github.com/gclkaze/tafexpr/stackvalue/intstackvaluelog.go:271.11,273.5 1 0
github.com/gclkaze/tafexpr/stackvalue/intstackvaluelog.go:274.4,275.18 2 0
github.com/gclkaze/tafexpr/stackvalue/intstackvaluelog.go:275.18,277.5 1 0
github.com/gclkaze/tafexpr/stackvalue/intstackvaluelog.go:278.4,278.20 1 0
github.com/gclkaze/tafexpr/stackvalue/intstackvaluelog.go:278.20,280.5 1 0
github.com/gclkaze/tafexpr/stackvalue/intstackvaluelog.go:281.4,281.36 1 0
github.com/gclkaze/tafexpr/stackvalue/intstackvaluelog.go:283.15,285.10 2 0
github.com/gclkaze/tafexpr/stackvalue/intstackvaluelog.go:285.10,287.4 1 0
github.com/gclkaze/tafexpr/stackvalue/intstackvaluelog.go:288.3,288.98 1 0
github.com/gclkaze/tafexpr/stackvalue/intstackvaluelog.go:289.14,291.10 2 0
github.com/gclkaze/tafexpr/stackvalue/intstackvaluelog.go:291.10,293.4 1 0
github.com/gclkaze/tafexpr/stackvalue/intstackvaluelog.go:294.3,294.106 1 0
github.com/gclkaze/tafexpr/stackvalue/intstackvaluelog.go:295.12,297.10 2 0
github.com/gclkaze/tafexpr/stackvalue/intstackvaluelog.go:297.10,299.4 1 0
github.com/gclkaze/tafexpr/stackvalue/intstackvaluelog.go:300.3,301.23 2 0
github.com/gclkaze/tafexpr/stackvalue/intstackvaluelog.go:301.23,303.4 1 0
github.com/gclkaze/tafexpr/stackvalue/intstackvaluelog.go:304.3,304.91 1 0
github.com/gclkaze/tafexpr/stackvalue/intstackvaluelog.go:305.12,307.10 2 0
github.com/gclkaze/tafexpr/stackvalue/intstackvaluelog.go:307.10,309.4 1 0
github.com/gclkaze/tafexpr/stackvalue/intstackvaluelog.go:311.3,311.84 1 0
github.com/gclkaze/tafexpr/stackvalue/intstackvaluelog.go:313.2,313.175 1 0
github.com/gclkaze/tafexpr/stackvalue/intstackvaluelog.go:316.143,317.18 1 0
github.com/gclkaze/tafexpr/stackvalue/intstackvaluelog.go:317.18,319.3 1 0
github.com/gclkaze/tafexpr/stackvalue/intstackvaluelog.go:320.2,321.21 2 0
[...]
github.com/gclkaze/tafexpr/stackvalue/referencestackvaluelog.go:32.2,33.9 2 0
github.com/gclkaze/tafexpr/stackvalue/referencestackvaluelog.go:33.9,35.3 1 0
github.com/gclkaze/tafexpr/stackvalue/referencestackvaluelog.go:37.2,37.93 1 0
github.com/gclkaze/tafexpr/stackvalue/referencestackvaluelog.go:40.149,42.14 2 0
github.com/gclkaze/tafexpr/stackvalue/referencestackvaluelog.go:42.14,44.3 1 0
github.com/gclkaze/tafexpr/stackvalue/referencestackvaluelog.go:45.2,46.49 2 0
github.com/gclkaze/tafexpr/stackvalue/referencestackvaluelog.go:49.153,52.2 2 0
github.com/gclkaze/tafexpr/stackvalue/referencestackvaluelog.go:54.158,57.2 2 0
github.com/gclkaze/tafexpr/stackvalue/referencestackvaluelog.go:59.145,61.2 1 0
github.com/gclkaze/tafexpr/stackvalue/referencestackvaluelog.go:62.144,64.2 1 0
github.com/gclkaze/tafexpr/stackvalue/referencestackvaluelog.go:65.133,67.2 1 0
github.com/gclkaze/tafexpr/stackvalue/stackvalue.go:26.41,27.11 1 0
github.com/gclkaze/tafexpr/stackvalue/stackvalue.go:32.18,33.21 1 0
github.com/gclkaze/tafexpr/stackvalue/stackvalue.go:34.19,35.22 1 0
github.com/gclkaze/tafexpr/stackvalue/stackvalue.go:36.14,37.18 1 0
github.com/gclkaze/tafexpr/stackvalue/stackvalue.go:38.15,39.19 1 0
github.com/gclkaze/tafexpr/stackvalue/stackvalue.go:40.14,41.18 1 0
github.com/gclkaze/tafexpr/stackvalue/stackvalue.go:42.12,43.16 1 0
github.com/gclkaze/tafexpr/stackvalue/stackvalue.go:44.12,45.16 1 0
github.com/gclkaze/tafexpr/stackvalue/stackvalue.go:46.15,47.19 1 0
github.com/gclkaze/tafexpr/stackvalue/stackvalue.go:48.10,49.14 1 0
github.com/gclkaze/tafexpr/stackvalue/stackvalue.go:50.12,51.16 1 0
github.com/gclkaze/tafexpr/stackvalue/stackvalue.go:52.17,53.21 1 0
github.com/gclkaze/tafexpr/stackvalue/stackvalue.go:54.10,55.35 1 0
github.com/gclkaze/tafexpr/stackvalue/stringstackvalue.go:17.54,19.2 1 0
github.com/gclkaze/tafexpr/stackvalue/stringstackvalue.go:21.52,23.2 1 0
github.com/gclkaze/tafexpr/stackvalue/stringstackvalue.go:25.60,27.2 1 0
github.com/gclkaze/tafexpr/stackvalue/stringstackvalue.go:29.43,31.2 1 0
github.com/gclkaze/tafexpr/stackvalue/stringstackvalue.go:33.45,35.2 1 0
github.com/gclkaze/tafexpr/stackvalue/stringstackvalue.go:36.45,38.2 1 0
github.com/gclkaze/tafexpr/stackvalue/stringstackvalue.go:40.47,41.19 1 0
github.com/gclkaze/tafexpr/stackvalue/stringstackvalue.go:41.19,43.3 1 0
github.com/gclkaze/tafexpr/stackvalue/stringstackvalue.go:44.2,45.12 2 0
github.com/gclkaze/tafexpr/stackvalue/stringstackvalue.go:48.45,50.2 1 0
github.com/gclkaze/tafexpr/stackvalue/stringstackvalue.go:51.65,54.2 2 0
github.com/gclkaze/tafexpr/stackvalue/stringstackvalue.go:56.66,59.2 2 0
github.com/gclkaze/tafexpr/stackvalue/stringstackvalue.go:61.64,63.2 1 0
github.com/gclkaze/tafexpr/stackvalue/stringstackvalue.go:65.43,67.2 1 0
github.com/gclkaze/tafexpr/stackvalue/stringstackvalue.go:68.52,70.2 1 0
github.com/gclkaze/tafexpr/stackvalue/stringstackvalue.go:71.57,72.31 1 0
github.com/gclkaze/tafexpr/stackvalue/stringstackvalue.go:72.31,73.37 1 0
github.com/gclkaze/tafexpr/stackvalue/stringstackvalue.go:73.37,75.59 2 0
github.com/gclkaze/tafexpr/stackvalue/stringstackvalue.go:75.59,78.5 2 0
github.com/gclkaze/tafexpr/stackvalue/stringstackvalue.go:78.10,81.5 2 0
github.com/gclkaze/tafexpr/stackvalue/stringstackvalue.go:83.3,83.15 1 0
github.com/gclkaze/tafexpr/stackvalue/stringstackvalue.go:85.2,86.9 2 0
github.com/gclkaze/tafexpr/stackvalue/stringstackvalue.go:86.9,88.3 1 0
github.com/gclkaze/tafexpr/stackvalue/stringstackvalue.go:89.2,89.30 1 0
github.com/gclkaze/tafexpr/stackvalue/stringstackvalue.go:92.146,94.2 1 0
github.com/gclkaze/tafexpr/stackvalue/stringstackvalue.go:95.146,97.2 1 0
github.com/gclkaze/tafexpr/stackvalue/stringstackvalue.go:98.146,100.2 1 0
github.com/gclkaze/tafexpr/stackvalue/stringstackvalue.go:101.146,103.2 1 0
github.com/gclkaze/tafexpr/stackvalue/stringstackvalue.go:104.146,106.2 1 0
github.com/gclkaze/tafexpr/stackvalue/stringstackvaluelog.go:11.150,13.11 2 0
github.com/gclkaze/tafexpr/stackvalue/stringstackvaluelog.go:14.19,15.3 1 0
github.com/gclkaze/tafexpr/stackvalue/stringstackvaluelog.go:15.3,17.11 2 0
github.com/gclkaze/tafexpr/stackvalue/stringstackvaluelog.go:17.11,19.5 1 0
github.com/gclkaze/tafexpr/stackvalue/stringstackvaluelog.go:20.4,21.18 2 0
github.com/gclkaze/tafexpr/stackvalue/stringstackvaluelog.go:21.18,23.5 1 0
github.com/gclkaze/tafexpr/stackvalue/stringstackvaluelog.go:24.4,24.20 1 0
github.com/gclkaze/tafexpr/stackvalue/stringstackvaluelog.go:24.20,26.5 1 0
github.com/gclkaze/tafexpr/stackvalue/stringstackvaluelog.go:27.4,27.31 1 0
github.com/gclkaze/tafexpr/stackvalue/stringstackvaluelog.go:29.14,30.3 1 0
github.com/gclkaze/tafexpr/stackvalue/stringstackvaluelog.go:30.3,32.11 2 0
github.com/gclkaze/tafexpr/stackvalue/stringstackvaluelog.go:32.11,34.5 1 0
github.com/gclkaze/tafexpr/stackvalue/stringstackvaluelog.go:35.4,35.115 1 0
github.com/gclkaze/tafexpr/stackvalue/stringstackvaluelog.go:37.12,38.3 1 0
github.com/gclkaze/tafexpr/stackvalue/stringstackvaluelog.go:38.3,40.11 2 0
github.com/gclkaze/tafexpr/stackvalue/stringstackvaluelog.go:40.11,42.5 1 0
github.com/gclkaze/tafexpr/stackvalue/stringstackvaluelog.go:43.4,43.105 1 0
github.com/gclkaze/tafexpr/stackvalue/stringstackvaluelog.go:48.2,48.166 1 0
github.com/gclkaze/tafexpr/stackvalue/stringstackvaluelog.go:50.155,52.11 2 0
github.com/gclkaze/tafexpr/stackvalue/stringstackvaluelog.go:53.19,54.3 1 0
github.com/gclkaze/tafexpr/stackvalue/stringstackvaluelog.go:54.3,56.11 2 0
github.com/gclkaze/tafexpr/stackvalue/stringstackvaluelog.go:56.11,58.5 1 0
github.com/gclkaze/tafexpr/stackvalue/stringstackvaluelog.go:59.4,60.18 2 0
github.com/gclkaze/tafexpr/stackvalue/stringstackvaluelog.go:60.18,62.5 1 0
github.com/gclkaze/tafexpr/stackvalue/stringstackvaluelog.go:63.4,63.20 1 0
github.com/gclkaze/tafexpr/stackvalue/stringstackvaluelog.go:63.20,65.5 1 0
github.com/gclkaze/tafexpr/stackvalue/stringstackvaluelog.go:66.4,66.36 1 0
github.com/gclkaze/tafexpr/stackvalue/stringstackvaluelog.go:69.14,70.3 1 0
github.com/gclkaze/tafexpr/stackvalue/stringstackvaluelog.go:70.3,72.11 2 0
github.com/gclkaze/tafexpr/stackvalue/stringstackvaluelog.go:72.11,74.5 1 0
github.com/gclkaze/tafexpr/stackvalue/stringstackvaluelog.go:75.4,75.116 1 0
github.com/gclkaze/tafexpr/stackvalue/stringstackvaluelog.go:77.12,78.3 1 0
github.com/gclkaze/tafexpr/stackvalue/stringstackvaluelog.go:78.3,80.11 2 0
github.com/gclkaze/tafexpr/stackvalue/stringstackvaluelog.go:80.11,82.5 1 0
github.com/gclkaze/tafexpr/stackvalue/stringstackvaluelog.go:83.4,83.106 1 0
github.com/gclkaze/tafexpr/stackvalue/stringstackvaluelog.go:88.2,88.172 1 0
github.com/gclkaze/tafexpr/stackvalue/stringstackvaluelog.go:90.145,92.11 2 0
github.com/gclkaze/tafexpr/stackvalue/stringstackvaluelog.go:93.19,94.3 1 0
github.com/gclkaze/tafexpr/stackvalue/stringstackvaluelog.go:94.3,96.11 2 0
github.com/gclkaze/tafexpr/stackvalue/stringstackvaluelog.go:96.11,98.5 1 0
github.com/gclkaze/tafexpr/stackvalue/stringstackvaluelog.go:99.4,100.18 2 0
github.com/gclkaze/tafexpr/stackvalue/stringstackvaluelog.go:100.18,102.5 1 0
github.com/gclkaze/tafexpr/stackvalue/stringstackvaluelog.go:103.4,103.20 1 0
github.com/gclkaze/tafexpr/stackvalue/stringstackvaluelog.go:103.20,105.5 1 0
github.com/gclkaze/tafexpr/stackvalue/stringstackvaluelog.go:106.4,106.26 1 0
github.com/gclkaze/tafexpr/stackvalue/stringstackvaluelog.go:108.14,109.3 1 0
github.com/gclkaze/tafexpr/stackvalue/stringstackvaluelog.go:109.3,111.11 2 0
github.com/gclkaze/tafexpr/stackvalue/stringstackvaluelog.go:111.11,113.5 1 0
github.com/gclkaze/tafexpr/stackvalue/stringstackvaluelog.go:114.4,114.116 1 0
github.com/gclkaze/tafexpr/stackvalue/stringstackvaluelog.go:116.12,117.3 1 0
github.com/gclkaze/tafexpr/stackvalue/stringstackvaluelog.go:117.3,119.11 2 0
github.com/gclkaze/tafexpr/stackvalue/stringstackvaluelog.go:119.11,121.5 1 0
github.com/gclkaze/tafexpr/stackvalue/stringstackvaluelog.go:122.4,122.106 1 0
github.com/gclkaze/tafexpr/stackvalue/stringstackvaluelog.go:126.2,126.163 1 0
github.com/gclkaze/tafexpr/stackvalue/stringstackvaluelog.go:129.147,131.11 2 0
github.com/gclkaze/tafexpr/stackvalue/stringstackvaluelog.go:132.19,133.3 1 0
github.com/gclkaze/tafexpr/stackvalue/stringstackvaluelog.go:133.3,135.11 2 0
github.com/gclkaze/tafexpr/stackvalue/stringstackvaluelog.go:135.11,137.5 1 0
github.com/gclkaze/tafexpr/stackvalue/stringstackvaluelog.go:138.4,139.18 2 0
github.com/gclkaze/tafexpr/stackvalue/stringstackvaluelog.go:139.18,141.5 1 0
github.com/gclkaze/tafexpr/stackvalue/stringstackvaluelog.go:142.4,142.20 1 0
github.com/gclkaze/tafexpr/stackvalue/stringstackvaluelog.go:142.20,144.5 1 0
github.com/gclkaze/tafexpr/stackvalue/stringstackvaluelog.go:145.4,145.28 1 0
github.com/gclkaze/tafexpr/stackvalue/stringstackvaluelog.go:148.14,149.3 1 0
github.com/gclkaze/tafexpr/stackvalue/stringstackvaluelog.go:149.3,151.11 2 0
github.com/gclkaze/tafexpr/stackvalue/stringstackvaluelog.go:151.11,153.5 1 0
github.com/gclkaze/tafexpr/stackvalue/stringstackvaluelog.go:154.4,154.116 1 0
github.com/gclkaze/tafexpr/stackvalue/stringstackvaluelog.go:156.12,157.3 1 0
github.com/gclkaze/tafexpr/stackvalue/stringstackvaluelog.go:157.3,159.11 2 0
github.com/gclkaze/tafexpr/stackvalue/stringstackvaluelog.go:159.11,161.5 1 0
github.com/gclkaze/tafexpr/stackvalue/stringstackvaluelog.go:162.4,162.106 1 0
github.com/gclkaze/tafexpr/stackvalue/stringstackvaluelog.go:167.2,167.165 1 0
github.com/gclkaze/tafexpr/stackvalue/stringstackvaluelog.go:170.151,172.11 2 0
github.com/gclkaze/tafexpr/stackvalue/stringstackvaluelog.go:173.19,174.3 1 0
github.com/gclkaze/tafexpr/stackvalue/stringstackvaluelog.go:174.3,176.11 2 0
github.com/gclkaze/tafexpr/stackvalue/stringstackvaluelog.go:176.11,178.5 1 0
github.com/gclkaze/tafexpr/stackvalue/stringstackvaluelog.go:179.4,180.18 2 0
github.com/gclkaze/tafexpr/stackvalue/stringstackvaluelog.go:180.18,182.5 1 0
github.com/gclkaze/tafexpr/stackvalue/stringstackvaluelog.go:183.4,183.20 1 0
github.com/gclkaze/tafexpr/stackvalue/stringstackvaluelog.go:183.20,185.5 1 0
github.com/gclkaze/tafexpr/stackvalue/stringstackvaluelog.go:186.4,186.32 1 0
github.com/gclkaze/tafexpr/stackvalue/stringstackvaluelog.go:188.14,189.3 1 0
github.com/gclkaze/tafexpr/stackvalue/stringstackvaluelog.go:189.3,191.11 2 0
github.com/gclkaze/tafexpr/stackvalue/stringstackvaluelog.go:191.11,193.5 1 0
github.com/gclkaze/tafexpr/stackvalue/stringstackvaluelog.go:194.4,194.115 1 0
github.com/gclkaze/tafexpr/stackvalue/stringstackvaluelog.go:196.12,197.3 1 0
github.com/gclkaze/tafexpr/stackvalue/stringstackvaluelog.go:197.3,199.11 2 0
github.com/gclkaze/tafexpr/stackvalue/stringstackvaluelog.go:199.11,201.5 1 0
github.com/gclkaze/tafexpr/stackvalue/stringstackvaluelog.go:202.4,202.105 1 0
github.com/gclkaze/tafexpr/stackvalue/stringstackvaluelog.go:207.2,207.167 1 0
github.com/gclkaze/tafexpr/stackvalue/stringstackvaluelog.go:210.156,212.11 2 0
github.com/gclkaze/tafexpr/stackvalue/stringstackvaluelog.go:213.19,214.3 1 0
github.com/gclkaze/tafexpr/stackvalue/stringstackvaluelog.go:214.3,216.11 2 0
github.com/gclkaze/tafexpr/stackvalue/stringstackvaluelog.go:216.11,218.5 1 0
github.com/gclkaze/tafexpr/stackvalue/stringstackvaluelog.go:219.4,220.18 2 0
github.com/gclkaze/tafexpr/stackvalue/stringstackvaluelog.go:220.18,222.5 1 0
github.com/gclkaze/tafexpr/stackvalue/stringstackvaluelog.go:223.4,223.20 1 0
github.com/gclkaze/tafexpr/stackvalue/stringstackvaluelog.go:223.20,225.5 1 0
github.com/gclkaze/tafexpr/stackvalue/stringstackvaluelog.go:226.4,226.37 1 0
github.com/gclkaze/tafexpr/stackvalue/stringstackvaluelog.go:229.14,230.3 1 0
github.com/gclkaze/tafexpr/stackvalue/stringstackvaluelog.go:230.3,232.11 2 0
github.com/gclkaze/tafexpr/stackvalue/stringstackvaluelog.go:232.11,234.5 1 0
github.com/gclkaze/tafexpr/stackvalue/stringstackvaluelog.go:235.4,235.116 1 0
github.com/gclkaze/tafexpr/stackvalue/stringstackvaluelog.go:237.12,238.3 1 0
github.com/gclkaze/tafexpr/stackvalue/stringstackvaluelog.go:238.3,240.11 2 0
github.com/gclkaze/tafexpr/stackvalue/stringstackvaluelog.go:240.11,242.5 1 0
github.com/gclkaze/tafexpr/stackvalue/stringstackvaluelog.go:243.4,243.106 1 0
github.com/gclkaze/tafexpr/stackvalue/stringstackvaluelog.go:248.2,248.173 1 0
github.com/gclkaze/tafexpr/stackvalue/stringstackvaluelog.go:251.142,252.19 1 0
github.com/gclkaze/tafexpr/stackvalue/stringstackvaluelog.go:252.19,254.3 1 0
github.com/gclkaze/tafexpr/stackvalue/stringstackvaluelog.go:255.2,257.20 3 0
github.com/gclkaze/tafexpr/stackvalue/stringstackvaluelog.go:257.20,259.3 1 0
github.com/gclkaze/tafexpr/stackvalue/stringstackvaluelog.go:260.2,260.21 1 0
github.com/gclkaze/tafexpr/stackvalue/stringstackvaluelog.go:261.14,263.10 2 0
github.com/gclkaze/tafexpr/stackvalue/stringstackvaluelog.go:263.10,265.4 1 0
github.com/gclkaze/tafexpr/stackvalue/stringstackvaluelog.go:266.3,266.108 1 0
github.com/gclkaze/tafexpr/stackvalue/stringstackvaluelog.go:267.15,269.10 2 0
github.com/gclkaze/tafexpr/stackvalue/stringstackvaluelog.go:269.10,271.4 1 0
github.com/gclkaze/tafexpr/stackvalue/stringstackvaluelog.go:272.3,272.102 1 0
github.com/gclkaze/tafexpr/stackvalue/stringstackvaluelog.go:273.14,275.10 2 0
github.com/gclkaze/tafexpr/stackvalue/stringstackvaluelog.go:275.10,277.4 1 0
github.com/gclkaze/tafexpr/stackvalue/stringstackvaluelog.go:278.3,278.105 1 0
github.com/gclkaze/tafexpr/stackvalue/stringstackvaluelog.go:279.12,281.10 2 0
github.com/gclkaze/tafexpr/stackvalue/stringstackvaluelog.go:281.10,283.4 1 0
github.com/gclkaze/tafexpr/stackvalue/stringstackvaluelog.go:285.3,285.99 1 0
github.com/gclkaze/tafexpr/stackvalue/stringstackvaluelog.go:286.12,288.10 2 0
github.com/gclkaze/tafexpr/stackvalue/stringstackvaluelog.go:288.10,290.4 1 0
github.com/gclkaze/tafexpr/stackvalue/stringstackvaluelog.go:292.3,292.80 1 0
github.com/gclkaze/tafexpr/stackvalue/stringstackvaluelog.go:293.18,295.10 2 0
github.com/gclkaze/tafexpr/stackvalue/stringstackvaluelog.go:295.10,297.4 1 0
github.com/gclkaze/tafexpr/stackvalue/stringstackvaluelog.go:298.3,298.98 1 0
github.com/gclkaze/tafexpr/stackvalue/stringstackvaluelog.go:299.19,301.10 2 0
github.com/gclkaze/tafexpr/stackvalue/stringstackvaluelog.go:301.10,303.4 1 0
github.com/gclkaze/tafexpr/stackvalue/stringstackvaluelog.go:304.3,304.96 1 0
github.com/gclkaze/tafexpr/stackvalue/stringstackvaluelog.go:307.2,307.158 1 0
github.com/gclkaze/tafexpr/stackvalue/stringstackvaluelog.go:311.141,314.20 3 0
github.com/gclkaze/tafexpr/stackvalue/stringstackvaluelog.go:314.20,316.3 1 0
github.com/gclkaze/tafexpr/stackvalue/stringstackvaluelog.go:317.2,317.21 1 0
github.com/gclkaze/tafexpr/stackvalue/stringstackvaluelog.go:318.14,320.10 2 0
github.com/gclkaze/tafexpr/stackvalue/stringstackvaluelog.go:320.10,322.4 1 0
github.com/gclkaze/tafexpr/stackvalue/stringstackvaluelog.go:323.3,323.108 1 0
github.com/gclkaze/tafexpr/stackvalue/stringstackvaluelog.go:324.15,326.10 2 0
github.com/gclkaze/tafexpr/stackvalue/stringstackvaluelog.go:326.10,328.4 1 0
github.com/gclkaze/tafexpr/stackvalue/stringstackvaluelog.go:329.3,329.102 1 0
github.com/gclkaze/tafexpr/stackvalue/stringstackvaluelog.go:330.14,332.10 2 0
github.com/gclkaze/tafexpr/stackvalue/stringstackvaluelog.go:332.10,334.4 1 0
github.com/gclkaze/tafexpr/stackvalue/stringstackvaluelog.go:335.3,335.105 1 0
github.com/gclkaze/tafexpr/stackvalue/stringstackvaluelog.go:336.12,338.10 2 0
github.com/gclkaze/tafexpr/stackvalue/stringstackvaluelog.go:338.10,340.4 1 0
github.com/gclkaze/tafexpr/stackvalue/stringstackvaluelog.go:341.3,341.99 1 0
github.com/gclkaze/tafexpr/stackvalue/stringstackvaluelog.go:342.12,344.10 2 0
github.com/gclkaze/tafexpr/stackvalue/stringstackvaluelog.go:344.10,346.4 1 0
github.com/gclkaze/tafexpr/stackvalue/stringstackvaluelog.go:347.3,347.79 1 0
github.com/gclkaze/tafexpr/stackvalue/stringstackvaluelog.go:348.18,350.10 2 0
github.com/gclkaze/tafexpr/stackvalue/stringstackvaluelog.go:350.10,352.4 1 0
github.com/gclkaze/tafexpr/stackvalue/stringstackvaluelog.go:353.3,353.98 1 0
github.com/gclkaze/tafexpr/stackvalue/stringstackvaluelog.go:354.19,356.10 2 0
github.com/gclkaze/tafexpr/stackvalue/stringstackvaluelog.go:356.10,358.4 1 0
github.com/gclkaze/tafexpr/stackvalue/stringstackvaluelog.go:359.3,359.96 1 0
github.com/gclkaze/tafexpr/stackvalue/stringstackvaluelog.go:362.2,362.157 1 0
github.com/gclkaze/tafexpr/stackvalue/stringstackvaluelog.go:365.130,367.2 1 0
github.com/gclkaze/tafexpr/stackvalue/userdefinedstackvalue.go:13.67,16.2 1 0
github.com/gclkaze/tafexpr/stackvalue/userdefinedstackvalue.go:18.70,19.16 1 0
github.com/gclkaze/tafexpr/stackvalue/userdefinedstackvalue.go:19.16,21.3 1 0
github.com/gclkaze/tafexpr/stackvalue/userdefinedstackvalue.go:22.2,22.15 1 0
github.com/gclkaze/tafexpr/stackvalue/userdefinedstackvalue.go:25.52,27.2 1 0
github.com/gclkaze/tafexpr/stackvalue/userdefinedstackvalue.go:29.71,30.16 1 0
github.com/gclkaze/tafexpr/stackvalue/userdefinedstackvalue.go:30.16,32.3 1 0
github.com/gclkaze/tafexpr/stackvalue/userdefinedstackvalue.go:33.2,33.15 1 0
github.com/gclkaze/tafexpr/stackvalue/userdefinedstackvalue.go:36.69,38.2 1 0
github.com/gclkaze/tafexpr/stackvalue/userdefinedstackvalue.go:40.57,42.2 1 0
github.com/gclkaze/tafexpr/stackvalue/userdefinedstackvalue.go:44.50,46.2 1 0
github.com/gclkaze/tafexpr/stackvalue/userdefinedstackvalue.go:48.48,50.16 1 0
github.com/gclkaze/tafexpr/stackvalue/userdefinedstackvalue.go:50.16,52.3 1 0
github.com/gclkaze/tafexpr/stackvalue/userdefinedstackvalue.go:53.2,53.13 1 0
github.com/gclkaze/tafexpr/stackvalue/userdefinedstackvalue.go:61.50,63.2 1 0
github.com/gclkaze/tafexpr/stackvalue/userdefinedstackvalue.go:65.65,67.2 1 0
github.com/gclkaze/tafexpr/stackvalue/userdefinedstackvalue.go:69.48,71.2 1 0
github.com/gclkaze/tafexpr/stackvalue/userdefinedstackvalue.go:73.62,75.14 2 0
github.com/gclkaze/tafexpr/stackvalue/userdefinedstackvalue.go:75.14,77.3 1 0
github.com/gclkaze/tafexpr/stackvalue/userdefinedstackvalue.go:78.2,79.22 2 0
github.com/gclkaze/tafexpr/stackvalue/userdefinedstackvalue.go:82.57,84.2 1 0
github.com/gclkaze/tafexpr/stackvalue/userdefinedstackvalue.go:86.52,88.2 1 0
github.com/gclkaze/tafexpr/stackvalue/userdefinedstackvalue.go:89.151,92.2 2 0
github.com/gclkaze/tafexpr/stackvalue/userdefinedstackvalue.go:93.151,96.2 2 0
github.com/gclkaze/tafexpr/stackvalue/userdefinedstackvalue.go:97.151,100.2 2 0
github.com/gclkaze/tafexpr/stackvalue/userdefinedstackvalue.go:101.151,104.2 2 0
github.com/gclkaze/tafexpr/stackvalue/userdefinedstackvalue.go:105.151,108.2 2 0
github.com/gclkaze/tafexpr/stackvalue/userdefinedstackvaluelog.go:10.154,13.2 2 0
github.com/gclkaze/tafexpr/stackvalue/userdefinedstackvaluelog.go:15.159,18.2 2 0
github.com/gclkaze/tafexpr/stackvalue/userdefinedstackvaluelog.go:20.149,23.13 3 0
github.com/gclkaze/tafexpr/stackvalue/userdefinedstackvaluelog.go:23.13,25.3 1 0
github.com/gclkaze/tafexpr/stackvalue/userdefinedstackvaluelog.go:28.2,29.9 2 0
github.com/gclkaze/tafexpr/stackvalue/userdefinedstackvaluelog.go:29.9,31.3 1 0
github.com/gclkaze/tafexpr/stackvalue/userdefinedstackvaluelog.go:32.2,33.9 2 0
github.com/gclkaze/tafexpr/stackvalue/userdefinedstackvaluelog.go:33.9,35.3 1 0
github.com/gclkaze/tafexpr/stackvalue/userdefinedstackvaluelog.go:37.2,37.89 1 0
github.com/gclkaze/tafexpr/stackvalue/userdefinedstackvaluelog.go:40.151,42.14 2 0
github.com/gclkaze/tafexpr/stackvalue/userdefinedstackvaluelog.go:42.14,44.3 1 0
github.com/gclkaze/tafexpr/stackvalue/userdefinedstackvaluelog.go:45.2,46.49 2 0
github.com/gclkaze/tafexpr/stackvalue/userdefinedstackvaluelog.go:49.155,52.2 2 0
github.com/gclkaze/tafexpr/stackvalue/userdefinedstackvaluelog.go:54.160,57.2 2 0
github.com/gclkaze/tafexpr/stackvalue/userdefinedstackvaluelog.go:59.147,61.2 1 0
github.com/gclkaze/tafexpr/stackvalue/userdefinedstackvaluelog.go:62.146,64.2 1 0
github.com/gclkaze/tafexpr/stackvalue/userdefinedstackvaluelog.go:65.135,67.2 1 0
